
> client@0.0.0 dev
> vite --host 0.0.0.0 --port 5500

8:09:43 AM [vite] (client) Re-optimizing dependencies because vite config has changed

  VITE v7.1.6  ready in 141 ms

  ➜  Local:   http://localhost:5500/
  ➜  Network: http://192.168.0.230:5500/
  ➜  Network: http://198.18.0.1:5500/
3:51:41 PM [vite] (client) hmr update /src/AdminApp.css
3:54:14 PM [vite] (client) hmr update /src/AdminApp.tsx
3:54:47 PM [vite] (client) hmr update /src/AdminApp.tsx
3:56:31 PM [vite] (client) hmr update /src/AdminApp.tsx
3:56:56 PM [vite] (client) hmr update /src/AdminApp.tsx
4:05:20 PM [vite] (client) hmr update /src/AdminApp.css
4:06:42 PM [vite] (client) hmr update /src/AdminApp.css
4:07:24 PM [vite] (client) hmr update /src/AdminApp.tsx
4:08:00 PM [vite] (client) hmr update /src/AdminApp.tsx
4:08:56 PM [vite] (client) hmr update /src/AdminApp.tsx
4:10:08 PM [vite] (client) hmr update /src/AdminApp.tsx
4:10:45 PM [vite] (client) hmr update /src/AdminApp.tsx
4:11:15 PM [vite] (client) hmr update /src/AdminApp.tsx
4:11:50 PM [vite] (client) hmr update /src/AdminApp.tsx
4:12:46 PM [vite] (client) hmr update /src/AdminApp.tsx
8:19:36 AM [vite] (client) hmr update /src/index.css
8:22:38 AM [vite] (client) hmr update /src/App.css
11:28:19 AM [vite] (client) hmr update /src/App.tsx
11:29:09 AM [vite] (client) hmr update /src/App.tsx
11:29:52 AM [vite] (client) hmr update /src/App.tsx
11:30:29 AM [vite] (client) hmr update /src/App.css
11:35:37 AM [vite] (client) hmr update /src/App.tsx
11:49:26 AM [vite] (client) page reload index.html
12:03:35 PM [vite] (client) hmr update /src/App.tsx
12:04:38 PM [vite] (client) hmr update /src/App.tsx
12:05:48 PM [vite] (client) hmr update /src/App.tsx
1:21:08 PM [vite] (client) hmr update /src/App.tsx
1:24:19 PM [vite] (client) hmr update /src/components/ResponsesList.tsx
1:24:40 PM [vite] (client) hmr update /src/components/ResponsesList.tsx
1:25:29 PM [vite] (client) hmr update /src/components/ResponsesList.tsx
1:28:30 PM [vite] (client) hmr update /src/App.tsx
1:28:58 PM [vite] (client) hmr update /src/App.tsx
1:29:28 PM [vite] (client) hmr update /src/App.css
1:31:26 PM [vite] (client) hmr update /src/AdminApp.tsx
1:32:59 PM [vite] (client) hmr update /src/AdminApp.css
2:09:23 PM [vite] (client) hmr update /src/App.tsx
2:10:29 PM [vite] (client) hmr update /src/App.tsx
2:11:16 PM [vite] (client) hmr update /src/App.tsx
2:11:58 PM [vite] (client) hmr update /src/App.tsx, /src/AdminApp.tsx
2:12:39 PM [vite] (client) hmr update /src/App.tsx, /src/AdminApp.tsx
2:13:17 PM [vite] (client) hmr update /src/App.tsx
2:13:58 PM [vite] (client) hmr update /src/App.tsx
2:15:35 PM [vite] (client) hmr update /src/components/ResponsesList.tsx
2:16:24 PM [vite] (client) hmr update /src/components/ResponsesList.tsx
2:23:12 PM [vite] (client) hmr update /src/App.tsx
2:23:56 PM [vite] (client) hmr update /src/App.tsx
2:27:09 PM [vite] (client) hmr update /src/App.tsx
2:30:25 PM [vite] (client) hmr update /src/App.tsx
2:33:24 PM [vite] (client) hmr update /src/App.tsx
2:35:55 PM [vite] (client) hmr update /src/App.tsx
2:36:39 PM [vite] (client) hmr update /src/App.tsx
2:37:27 PM [vite] (client) hmr update /src/App.tsx
2:39:36 PM [vite] (client) hmr update /src/App.tsx
2:41:02 PM [vite] (client) hmr update /src/App.tsx
2:47:47 PM [vite] (client) hmr update /src/App.tsx
2:49:18 PM [vite] (client) hmr update /src/AdminApp.tsx
2:51:51 PM [vite] (client) hmr update /src/AdminApp.tsx
2:52:40 PM [vite] (client) hmr update /src/AdminApp.tsx
2:53:27 PM [vite] (client) hmr update /src/AdminApp.tsx
2:54:18 PM [vite] (client) hmr update /src/AdminApp.tsx
2:55:00 PM [vite] (client) hmr update /src/AdminApp.tsx
2:55:48 PM [vite] (client) hmr update /src/AdminApp.tsx
2:57:11 PM [vite] (client) hmr update /src/AdminApp.tsx
2:58:06 PM [vite] (client) hmr update /src/App.tsx
2:59:12 PM [vite] (client) hmr update /src/App.tsx
3:00:11 PM [vite] (client) hmr update /src/App.css
3:01:13 PM [vite] (client) hmr update /src/AdminApp.css
3:04:49 PM [vite] (client) hmr update /src/AdminApp.tsx
3:07:37 PM [vite] (client) hmr update /src/App.tsx
3:08:27 PM [vite] (client) hmr update /src/App.tsx
3:09:22 PM [vite] (client) hmr update /src/App.tsx
3:14:09 PM [vite] (client) hmr update /src/AdminApp.tsx
3:28:53 PM [vite] (client) hmr update /src/components/SurveyInlineEditor.tsx
3:29:50 PM [vite] (client) hmr update /src/components/SurveyInlineEditor.tsx
3:33:18 PM [vite] (client) hmr update /src/App.tsx
3:34:02 PM [vite] (client) hmr update /src/App.tsx
3:36:09 PM [vite] (client) hmr update /src/AdminApp.tsx
3:36:58 PM [vite] (client) hmr update /src/App.tsx
3:40:05 PM [vite] (client) hmr update /src/components/SurveyInlineEditor.tsx
3:43:32 PM [vite] (client) hmr update /src/components/SurveyInlineEditor.tsx
3:45:19 PM [vite] (client) hmr update /src/components/SurveyInlineEditor.tsx
3:47:04 PM [vite] (client) hmr update /src/components/SurveyInlineEditor.tsx
3:49:21 PM [vite] (client) hmr update /src/components/SurveyInlineEditor.tsx
3:52:11 PM [vite] (client) hmr update /src/components/SurveyInlineEditor.tsx
3:53:52 PM [vite] (client) hmr update /src/components/SurveyInlineEditor.tsx
4:31:56 PM [vite] (client) hmr update /src/AdminApp.tsx
4:35:18 PM [vite] (client) hmr update /src/AdminApp.tsx
4:35:58 PM [vite] (client) hmr update /src/AdminApp.css
4:39:16 PM [vite] (client) hmr update /src/AdminApp.tsx
