0 verbose cli /opt/homebrew/Cellar/node/23.5.0/bin/node /opt/homebrew/bin/npm
1 info using npm@10.9.2
2 info using node@v23.5.0
3 silly config load:file:/opt/homebrew/lib/node_modules/npm/npmrc
4 silly config load:file:/Users/denisdobrovolskii/Developer/eNPS/eNPSBot/client/.npmrc
5 silly config load:file:/Users/denisdobrovolskii/.npmrc
6 silly config load:file:/opt/homebrew/etc/npmrc
7 verbose title npm install
8 verbose argv "install"
9 verbose logfile logs-max:10 dir:/Users/denisdobrovolskii/Developer/eNPS/eNPSBot/.npm-cache/_logs/2025-09-19T12_10_30_857Z-
10 verbose logfile /Users/denisdobrovolskii/Developer/eNPS/eNPSBot/.npm-cache/_logs/2025-09-19T12_10_30_857Z-debug-0.log
11 silly logfile done cleaning log files
12 silly packumentCache heap:4345298944 maxSize:1086324736 maxEntrySize:543162368
13 silly idealTree buildDeps
14 silly reify moves {}
15 silly audit bulk request {
15 silly audit   '@babel/code-frame': [ '7.27.1' ],
15 silly audit   '@babel/compat-data': [ '7.28.4' ],
15 silly audit   '@babel/core': [ '7.28.4' ],
15 silly audit   '@babel/generator': [ '7.28.3' ],
15 silly audit   '@babel/helper-compilation-targets': [ '7.27.2' ],
15 silly audit   '@babel/helper-globals': [ '7.28.0' ],
15 silly audit   '@babel/helper-module-imports': [ '7.27.1' ],
15 silly audit   '@babel/helper-module-transforms': [ '7.28.3' ],
15 silly audit   '@babel/helper-plugin-utils': [ '7.27.1' ],
15 silly audit   '@babel/helper-string-parser': [ '7.27.1' ],
15 silly audit   '@babel/helper-validator-identifier': [ '7.27.1' ],
15 silly audit   '@babel/helper-validator-option': [ '7.27.1' ],
15 silly audit   '@babel/helpers': [ '7.28.4' ],
15 silly audit   '@babel/parser': [ '7.28.4' ],
15 silly audit   '@babel/plugin-transform-react-jsx-self': [ '7.27.1' ],
15 silly audit   '@babel/plugin-transform-react-jsx-source': [ '7.27.1' ],
15 silly audit   '@babel/template': [ '7.27.2' ],
15 silly audit   '@babel/traverse': [ '7.28.4' ],
15 silly audit   '@babel/types': [ '7.28.4' ],
15 silly audit   '@esbuild/aix-ppc64': [ '0.25.10' ],
15 silly audit   '@esbuild/android-arm': [ '0.25.10' ],
15 silly audit   '@esbuild/android-arm64': [ '0.25.10' ],
15 silly audit   '@esbuild/android-x64': [ '0.25.10' ],
15 silly audit   '@esbuild/darwin-arm64': [ '0.25.10' ],
15 silly audit   '@esbuild/darwin-x64': [ '0.25.10' ],
15 silly audit   '@esbuild/freebsd-arm64': [ '0.25.10' ],
15 silly audit   '@esbuild/freebsd-x64': [ '0.25.10' ],
15 silly audit   '@esbuild/linux-arm': [ '0.25.10' ],
15 silly audit   '@esbuild/linux-arm64': [ '0.25.10' ],
15 silly audit   '@esbuild/linux-ia32': [ '0.25.10' ],
15 silly audit   '@esbuild/linux-loong64': [ '0.25.10' ],
15 silly audit   '@esbuild/linux-mips64el': [ '0.25.10' ],
15 silly audit   '@esbuild/linux-ppc64': [ '0.25.10' ],
15 silly audit   '@esbuild/linux-riscv64': [ '0.25.10' ],
15 silly audit   '@esbuild/linux-s390x': [ '0.25.10' ],
15 silly audit   '@esbuild/linux-x64': [ '0.25.10' ],
15 silly audit   '@esbuild/netbsd-arm64': [ '0.25.10' ],
15 silly audit   '@esbuild/netbsd-x64': [ '0.25.10' ],
15 silly audit   '@esbuild/openbsd-arm64': [ '0.25.10' ],
15 silly audit   '@esbuild/openbsd-x64': [ '0.25.10' ],
15 silly audit   '@esbuild/openharmony-arm64': [ '0.25.10' ],
15 silly audit   '@esbuild/sunos-x64': [ '0.25.10' ],
15 silly audit   '@esbuild/win32-arm64': [ '0.25.10' ],
15 silly audit   '@esbuild/win32-ia32': [ '0.25.10' ],
15 silly audit   '@esbuild/win32-x64': [ '0.25.10' ],
15 silly audit   '@eslint-community/eslint-utils': [ '4.9.0' ],
15 silly audit   'eslint-visitor-keys': [ '3.4.3', '4.2.1' ],
15 silly audit   '@eslint-community/regexpp': [ '4.12.1' ],
15 silly audit   '@eslint/config-array': [ '0.21.0' ],
15 silly audit   '@eslint/config-helpers': [ '0.3.1' ],
15 silly audit   '@eslint/core': [ '0.15.2' ],
15 silly audit   '@eslint/eslintrc': [ '3.3.1' ],
15 silly audit   globals: [ '14.0.0', '16.4.0' ],
15 silly audit   '@eslint/js': [ '9.35.0' ],
15 silly audit   '@eslint/object-schema': [ '2.1.6' ],
15 silly audit   '@eslint/plugin-kit': [ '0.3.5' ],
15 silly audit   '@humanfs/core': [ '0.19.1' ],
15 silly audit   '@humanfs/node': [ '0.16.7' ],
15 silly audit   '@humanwhocodes/module-importer': [ '1.0.1' ],
15 silly audit   '@humanwhocodes/retry': [ '0.4.3' ],
15 silly audit   '@jridgewell/gen-mapping': [ '0.3.13' ],
15 silly audit   '@jridgewell/remapping': [ '2.3.5' ],
15 silly audit   '@jridgewell/resolve-uri': [ '3.1.2' ],
15 silly audit   '@jridgewell/sourcemap-codec': [ '1.5.5' ],
15 silly audit   '@jridgewell/trace-mapping': [ '0.3.31' ],
15 silly audit   '@nodelib/fs.scandir': [ '2.1.5' ],
15 silly audit   '@nodelib/fs.stat': [ '2.0.5' ],
15 silly audit   '@nodelib/fs.walk': [ '1.2.8' ],
15 silly audit   '@rolldown/pluginutils': [ '1.0.0-beta.35' ],
15 silly audit   '@rollup/rollup-android-arm-eabi': [ '4.50.2' ],
15 silly audit   '@rollup/rollup-android-arm64': [ '4.50.2' ],
15 silly audit   '@rollup/rollup-darwin-arm64': [ '4.50.2' ],
15 silly audit   '@rollup/rollup-darwin-x64': [ '4.50.2' ],
15 silly audit   '@rollup/rollup-freebsd-arm64': [ '4.50.2' ],
15 silly audit   '@rollup/rollup-freebsd-x64': [ '4.50.2' ],
15 silly audit   '@rollup/rollup-linux-arm-gnueabihf': [ '4.50.2' ],
15 silly audit   '@rollup/rollup-linux-arm-musleabihf': [ '4.50.2' ],
15 silly audit   '@rollup/rollup-linux-arm64-gnu': [ '4.50.2' ],
15 silly audit   '@rollup/rollup-linux-arm64-musl': [ '4.50.2' ],
15 silly audit   '@rollup/rollup-linux-loong64-gnu': [ '4.50.2' ],
15 silly audit   '@rollup/rollup-linux-ppc64-gnu': [ '4.50.2' ],
15 silly audit   '@rollup/rollup-linux-riscv64-gnu': [ '4.50.2' ],
15 silly audit   '@rollup/rollup-linux-riscv64-musl': [ '4.50.2' ],
15 silly audit   '@rollup/rollup-linux-s390x-gnu': [ '4.50.2' ],
15 silly audit   '@rollup/rollup-linux-x64-gnu': [ '4.50.2' ],
15 silly audit   '@rollup/rollup-linux-x64-musl': [ '4.50.2' ],
15 silly audit   '@rollup/rollup-openharmony-arm64': [ '4.50.2' ],
15 silly audit   '@rollup/rollup-win32-arm64-msvc': [ '4.50.2' ],
15 silly audit   '@rollup/rollup-win32-ia32-msvc': [ '4.50.2' ],
15 silly audit   '@rollup/rollup-win32-x64-msvc': [ '4.50.2' ],
15 silly audit   '@types/babel__core': [ '7.20.5' ],
15 silly audit   '@types/babel__generator': [ '7.27.0' ],
15 silly audit   '@types/babel__template': [ '7.4.4' ],
15 silly audit   '@types/babel__traverse': [ '7.28.0' ],
15 silly audit   '@types/estree': [ '1.0.8' ],
15 silly audit   '@types/json-schema': [ '7.0.15' ],
15 silly audit   '@types/react': [ '19.1.13' ],
15 silly audit   '@types/react-dom': [ '19.1.9' ],
15 silly audit   '@typescript-eslint/eslint-plugin': [ '8.44.0' ],
15 silly audit   ignore: [ '7.0.5', '5.3.2' ],
15 silly audit   '@typescript-eslint/parser': [ '8.44.0' ],
15 silly audit   '@typescript-eslint/project-service': [ '8.44.0' ],
15 silly audit   '@typescript-eslint/scope-manager': [ '8.44.0' ],
15 silly audit   '@typescript-eslint/tsconfig-utils': [ '8.44.0' ],
15 silly audit   '@typescript-eslint/type-utils': [ '8.44.0' ],
15 silly audit   '@typescript-eslint/types': [ '8.44.0' ],
15 silly audit   '@typescript-eslint/typescript-estree': [ '8.44.0' ],
15 silly audit   'brace-expansion': [ '2.0.2', '1.1.12' ],
15 silly audit   minimatch: [ '9.0.5', '3.1.2' ],
15 silly audit   semver: [ '7.7.2', '6.3.1' ],
15 silly audit   '@typescript-eslint/utils': [ '8.44.0' ],
15 silly audit   '@typescript-eslint/visitor-keys': [ '8.44.0' ],
15 silly audit   '@vitejs/plugin-react': [ '5.0.3' ],
15 silly audit   acorn: [ '8.15.0' ],
15 silly audit   'acorn-jsx': [ '5.3.2' ],
15 silly audit   ajv: [ '6.12.6' ],
15 silly audit   'ansi-styles': [ '4.3.0' ],
15 silly audit   argparse: [ '2.0.1' ],
15 silly audit   'balanced-match': [ '1.0.2' ],
15 silly audit   'baseline-browser-mapping': [ '2.8.6' ],
15 silly audit   braces: [ '3.0.3' ],
15 silly audit   browserslist: [ '4.26.2' ],
15 silly audit   callsites: [ '3.1.0' ],
15 silly audit   'caniuse-lite': [ '1.0.30001743' ],
15 silly audit   chalk: [ '4.1.2' ],
15 silly audit   'color-convert': [ '2.0.1' ],
15 silly audit   'color-name': [ '1.1.4' ],
15 silly audit   'concat-map': [ '0.0.1' ],
15 silly audit   'convert-source-map': [ '2.0.0' ],
15 silly audit   'cross-spawn': [ '7.0.6' ],
15 silly audit   csstype: [ '3.1.3' ],
15 silly audit   debug: [ '4.4.3' ],
15 silly audit   'deep-is': [ '0.1.4' ],
15 silly audit   'electron-to-chromium': [ '1.5.222' ],
15 silly audit   esbuild: [ '0.25.10' ],
15 silly audit   escalade: [ '3.2.0' ],
15 silly audit   'escape-string-regexp': [ '4.0.0' ],
15 silly audit   eslint: [ '9.35.0' ],
15 silly audit   'eslint-plugin-react-hooks': [ '5.2.0' ],
15 silly audit   'eslint-plugin-react-refresh': [ '0.4.20' ],
15 silly audit   'eslint-scope': [ '8.4.0' ],
15 silly audit   espree: [ '10.4.0' ],
15 silly audit   esquery: [ '1.6.0' ],
15 silly audit   esrecurse: [ '4.3.0' ],
15 silly audit   estraverse: [ '5.3.0' ],
15 silly audit   esutils: [ '2.0.3' ],
15 silly audit   'fast-deep-equal': [ '3.1.3' ],
15 silly audit   'fast-glob': [ '3.3.3' ],
15 silly audit   'glob-parent': [ '5.1.2', '6.0.2' ],
15 silly audit   'fast-json-stable-stringify': [ '2.1.0' ],
15 silly audit   'fast-levenshtein': [ '2.0.6' ],
15 silly audit   fastq: [ '1.19.1' ],
15 silly audit   'file-entry-cache': [ '8.0.0' ],
15 silly audit   'fill-range': [ '7.1.1' ],
15 silly audit   'find-up': [ '5.0.0' ],
15 silly audit   'flat-cache': [ '4.0.1' ],
15 silly audit   flatted: [ '3.3.3' ],
15 silly audit   fsevents: [ '2.3.3' ],
15 silly audit   gensync: [ '1.0.0-beta.2' ],
15 silly audit   graphemer: [ '1.4.0' ],
15 silly audit   'has-flag': [ '4.0.0' ],
15 silly audit   'import-fresh': [ '3.3.1' ],
15 silly audit   imurmurhash: [ '0.1.4' ],
15 silly audit   'is-extglob': [ '2.1.1' ],
15 silly audit   'is-glob': [ '4.0.3' ],
15 silly audit   'is-number': [ '7.0.0' ],
15 silly audit   isexe: [ '2.0.0' ],
15 silly audit   'js-tokens': [ '4.0.0' ],
15 silly audit   'js-yaml': [ '4.1.0' ],
15 silly audit   jsesc: [ '3.1.0' ],
15 silly audit   'json-buffer': [ '3.0.1' ],
15 silly audit   'json-schema-traverse': [ '0.4.1' ],
15 silly audit   'json-stable-stringify-without-jsonify': [ '1.0.1' ],
15 silly audit   json5: [ '2.2.3' ],
15 silly audit   keyv: [ '4.5.4' ],
15 silly audit   levn: [ '0.4.1' ],
15 silly audit   'locate-path': [ '6.0.0' ],
15 silly audit   'lodash.merge': [ '4.6.2' ],
15 silly audit   'lru-cache': [ '5.1.1' ],
15 silly audit   merge2: [ '1.4.1' ],
15 silly audit   micromatch: [ '4.0.8' ],
15 silly audit   ms: [ '2.1.3' ],
15 silly audit   nanoid: [ '3.3.11' ],
15 silly audit   'natural-compare': [ '1.4.0' ],
15 silly audit   'node-releases': [ '2.0.21' ],
15 silly audit   optionator: [ '0.9.4' ],
15 silly audit   'p-limit': [ '3.1.0' ],
15 silly audit   'p-locate': [ '5.0.0' ],
15 silly audit   'parent-module': [ '1.0.1' ],
15 silly audit   'path-exists': [ '4.0.0' ],
15 silly audit   'path-key': [ '3.1.1' ],
15 silly audit   picocolors: [ '1.1.1' ],
15 silly audit   picomatch: [ '2.3.1', '4.0.3' ],
15 silly audit   postcss: [ '8.5.6' ],
15 silly audit   'prelude-ls': [ '1.2.1' ],
15 silly audit   punycode: [ '2.3.1' ],
15 silly audit   'queue-microtask': [ '1.2.3' ],
15 silly audit   react: [ '19.1.1' ],
15 silly audit   'react-dom': [ '19.1.1' ],
15 silly audit   'react-refresh': [ '0.17.0' ],
15 silly audit   'resolve-from': [ '4.0.0' ],
15 silly audit   reusify: [ '1.1.0' ],
15 silly audit   rollup: [ '4.50.2' ],
15 silly audit   'run-parallel': [ '1.2.0' ],
15 silly audit   scheduler: [ '0.26.0' ],
15 silly audit   'shebang-command': [ '2.0.0' ],
15 silly audit   'shebang-regex': [ '3.0.0' ],
15 silly audit   'source-map-js': [ '1.2.1' ],
15 silly audit   'strip-json-comments': [ '3.1.1' ],
15 silly audit   'supports-color': [ '7.2.0' ],
15 silly audit   tinyglobby: [ '0.2.15' ],
15 silly audit   fdir: [ '6.5.0' ],
15 silly audit   'to-regex-range': [ '5.0.1' ],
15 silly audit   'ts-api-utils': [ '2.1.0' ],
15 silly audit   'type-check': [ '0.4.0' ],
15 silly audit   typescript: [ '5.8.3' ],
15 silly audit   'typescript-eslint': [ '8.44.0' ],
15 silly audit   'update-browserslist-db': [ '1.1.3' ],
15 silly audit   'uri-js': [ '4.4.1' ],
15 silly audit   vite: [ '7.1.6' ],
15 silly audit   which: [ '2.0.2' ],
15 silly audit   'word-wrap': [ '1.2.5' ],
15 silly audit   yallist: [ '3.1.1' ],
15 silly audit   'yocto-queue': [ '0.1.0' ]
15 silly audit }
16 verbose reify failed optional dependency /Users/denisdobrovolskii/Developer/eNPS/eNPSBot/client/node_modules/@rollup/rollup-win32-x64-msvc
17 silly reify mark deleted [
17 silly reify   '/Users/denisdobrovolskii/Developer/eNPS/eNPSBot/client/node_modules/@rollup/rollup-win32-x64-msvc'
17 silly reify ]
18 verbose reify failed optional dependency /Users/denisdobrovolskii/Developer/eNPS/eNPSBot/client/node_modules/@rollup/rollup-win32-ia32-msvc
19 silly reify mark deleted [
19 silly reify   '/Users/denisdobrovolskii/Developer/eNPS/eNPSBot/client/node_modules/@rollup/rollup-win32-ia32-msvc'
19 silly reify ]
20 verbose reify failed optional dependency /Users/denisdobrovolskii/Developer/eNPS/eNPSBot/client/node_modules/@rollup/rollup-win32-arm64-msvc
21 silly reify mark deleted [
21 silly reify   '/Users/denisdobrovolskii/Developer/eNPS/eNPSBot/client/node_modules/@rollup/rollup-win32-arm64-msvc'
21 silly reify ]
22 verbose reify failed optional dependency /Users/denisdobrovolskii/Developer/eNPS/eNPSBot/client/node_modules/@rollup/rollup-openharmony-arm64
23 silly reify mark deleted [
23 silly reify   '/Users/denisdobrovolskii/Developer/eNPS/eNPSBot/client/node_modules/@rollup/rollup-openharmony-arm64'
23 silly reify ]
24 verbose reify failed optional dependency /Users/denisdobrovolskii/Developer/eNPS/eNPSBot/client/node_modules/@rollup/rollup-linux-x64-musl
25 silly reify mark deleted [
25 silly reify   '/Users/denisdobrovolskii/Developer/eNPS/eNPSBot/client/node_modules/@rollup/rollup-linux-x64-musl'
25 silly reify ]
26 verbose reify failed optional dependency /Users/denisdobrovolskii/Developer/eNPS/eNPSBot/client/node_modules/@rollup/rollup-linux-x64-gnu
27 silly reify mark deleted [
27 silly reify   '/Users/denisdobrovolskii/Developer/eNPS/eNPSBot/client/node_modules/@rollup/rollup-linux-x64-gnu'
27 silly reify ]
28 verbose reify failed optional dependency /Users/denisdobrovolskii/Developer/eNPS/eNPSBot/client/node_modules/@rollup/rollup-linux-s390x-gnu
29 silly reify mark deleted [
29 silly reify   '/Users/denisdobrovolskii/Developer/eNPS/eNPSBot/client/node_modules/@rollup/rollup-linux-s390x-gnu'
29 silly reify ]
30 verbose reify failed optional dependency /Users/denisdobrovolskii/Developer/eNPS/eNPSBot/client/node_modules/@rollup/rollup-linux-riscv64-musl
31 silly reify mark deleted [
31 silly reify   '/Users/denisdobrovolskii/Developer/eNPS/eNPSBot/client/node_modules/@rollup/rollup-linux-riscv64-musl'
31 silly reify ]
32 verbose reify failed optional dependency /Users/denisdobrovolskii/Developer/eNPS/eNPSBot/client/node_modules/@rollup/rollup-linux-riscv64-gnu
33 silly reify mark deleted [
33 silly reify   '/Users/denisdobrovolskii/Developer/eNPS/eNPSBot/client/node_modules/@rollup/rollup-linux-riscv64-gnu'
33 silly reify ]
34 verbose reify failed optional dependency /Users/denisdobrovolskii/Developer/eNPS/eNPSBot/client/node_modules/@rollup/rollup-linux-ppc64-gnu
35 silly reify mark deleted [
35 silly reify   '/Users/denisdobrovolskii/Developer/eNPS/eNPSBot/client/node_modules/@rollup/rollup-linux-ppc64-gnu'
35 silly reify ]
36 verbose reify failed optional dependency /Users/denisdobrovolskii/Developer/eNPS/eNPSBot/client/node_modules/@rollup/rollup-linux-loong64-gnu
37 silly reify mark deleted [
37 silly reify   '/Users/denisdobrovolskii/Developer/eNPS/eNPSBot/client/node_modules/@rollup/rollup-linux-loong64-gnu'
37 silly reify ]
38 verbose reify failed optional dependency /Users/denisdobrovolskii/Developer/eNPS/eNPSBot/client/node_modules/@rollup/rollup-linux-arm64-musl
39 silly reify mark deleted [
39 silly reify   '/Users/denisdobrovolskii/Developer/eNPS/eNPSBot/client/node_modules/@rollup/rollup-linux-arm64-musl'
39 silly reify ]
40 verbose reify failed optional dependency /Users/denisdobrovolskii/Developer/eNPS/eNPSBot/client/node_modules/@rollup/rollup-linux-arm64-gnu
41 silly reify mark deleted [
41 silly reify   '/Users/denisdobrovolskii/Developer/eNPS/eNPSBot/client/node_modules/@rollup/rollup-linux-arm64-gnu'
41 silly reify ]
42 verbose reify failed optional dependency /Users/denisdobrovolskii/Developer/eNPS/eNPSBot/client/node_modules/@rollup/rollup-linux-arm-musleabihf
43 silly reify mark deleted [
43 silly reify   '/Users/denisdobrovolskii/Developer/eNPS/eNPSBot/client/node_modules/@rollup/rollup-linux-arm-musleabihf'
43 silly reify ]
44 verbose reify failed optional dependency /Users/denisdobrovolskii/Developer/eNPS/eNPSBot/client/node_modules/@rollup/rollup-linux-arm-gnueabihf
45 silly reify mark deleted [
45 silly reify   '/Users/denisdobrovolskii/Developer/eNPS/eNPSBot/client/node_modules/@rollup/rollup-linux-arm-gnueabihf'
45 silly reify ]
46 verbose reify failed optional dependency /Users/denisdobrovolskii/Developer/eNPS/eNPSBot/client/node_modules/@rollup/rollup-freebsd-x64
47 silly reify mark deleted [
47 silly reify   '/Users/denisdobrovolskii/Developer/eNPS/eNPSBot/client/node_modules/@rollup/rollup-freebsd-x64'
47 silly reify ]
48 verbose reify failed optional dependency /Users/denisdobrovolskii/Developer/eNPS/eNPSBot/client/node_modules/@rollup/rollup-freebsd-arm64
49 silly reify mark deleted [
49 silly reify   '/Users/denisdobrovolskii/Developer/eNPS/eNPSBot/client/node_modules/@rollup/rollup-freebsd-arm64'
49 silly reify ]
50 verbose reify failed optional dependency /Users/denisdobrovolskii/Developer/eNPS/eNPSBot/client/node_modules/@rollup/rollup-darwin-x64
51 silly reify mark deleted [
51 silly reify   '/Users/denisdobrovolskii/Developer/eNPS/eNPSBot/client/node_modules/@rollup/rollup-darwin-x64'
51 silly reify ]
52 verbose reify failed optional dependency /Users/denisdobrovolskii/Developer/eNPS/eNPSBot/client/node_modules/@rollup/rollup-android-arm64
53 silly reify mark deleted [
53 silly reify   '/Users/denisdobrovolskii/Developer/eNPS/eNPSBot/client/node_modules/@rollup/rollup-android-arm64'
53 silly reify ]
54 verbose reify failed optional dependency /Users/denisdobrovolskii/Developer/eNPS/eNPSBot/client/node_modules/@rollup/rollup-android-arm-eabi
55 silly reify mark deleted [
55 silly reify   '/Users/denisdobrovolskii/Developer/eNPS/eNPSBot/client/node_modules/@rollup/rollup-android-arm-eabi'
55 silly reify ]
56 verbose reify failed optional dependency /Users/denisdobrovolskii/Developer/eNPS/eNPSBot/client/node_modules/@esbuild/win32-x64
57 silly reify mark deleted [
57 silly reify   '/Users/denisdobrovolskii/Developer/eNPS/eNPSBot/client/node_modules/@esbuild/win32-x64'
57 silly reify ]
58 verbose reify failed optional dependency /Users/denisdobrovolskii/Developer/eNPS/eNPSBot/client/node_modules/@esbuild/win32-ia32
59 silly reify mark deleted [
59 silly reify   '/Users/denisdobrovolskii/Developer/eNPS/eNPSBot/client/node_modules/@esbuild/win32-ia32'
59 silly reify ]
60 verbose reify failed optional dependency /Users/denisdobrovolskii/Developer/eNPS/eNPSBot/client/node_modules/@esbuild/win32-arm64
61 silly reify mark deleted [
61 silly reify   '/Users/denisdobrovolskii/Developer/eNPS/eNPSBot/client/node_modules/@esbuild/win32-arm64'
61 silly reify ]
62 verbose reify failed optional dependency /Users/denisdobrovolskii/Developer/eNPS/eNPSBot/client/node_modules/@esbuild/sunos-x64
63 silly reify mark deleted [
63 silly reify   '/Users/denisdobrovolskii/Developer/eNPS/eNPSBot/client/node_modules/@esbuild/sunos-x64'
63 silly reify ]
64 verbose reify failed optional dependency /Users/denisdobrovolskii/Developer/eNPS/eNPSBot/client/node_modules/@esbuild/openharmony-arm64
65 silly reify mark deleted [
65 silly reify   '/Users/denisdobrovolskii/Developer/eNPS/eNPSBot/client/node_modules/@esbuild/openharmony-arm64'
65 silly reify ]
66 verbose reify failed optional dependency /Users/denisdobrovolskii/Developer/eNPS/eNPSBot/client/node_modules/@esbuild/openbsd-x64
67 silly reify mark deleted [
67 silly reify   '/Users/denisdobrovolskii/Developer/eNPS/eNPSBot/client/node_modules/@esbuild/openbsd-x64'
67 silly reify ]
68 verbose reify failed optional dependency /Users/denisdobrovolskii/Developer/eNPS/eNPSBot/client/node_modules/@esbuild/openbsd-arm64
69 silly reify mark deleted [
69 silly reify   '/Users/denisdobrovolskii/Developer/eNPS/eNPSBot/client/node_modules/@esbuild/openbsd-arm64'
69 silly reify ]
70 verbose reify failed optional dependency /Users/denisdobrovolskii/Developer/eNPS/eNPSBot/client/node_modules/@esbuild/netbsd-x64
71 silly reify mark deleted [
71 silly reify   '/Users/denisdobrovolskii/Developer/eNPS/eNPSBot/client/node_modules/@esbuild/netbsd-x64'
71 silly reify ]
72 verbose reify failed optional dependency /Users/denisdobrovolskii/Developer/eNPS/eNPSBot/client/node_modules/@esbuild/netbsd-arm64
73 silly reify mark deleted [
73 silly reify   '/Users/denisdobrovolskii/Developer/eNPS/eNPSBot/client/node_modules/@esbuild/netbsd-arm64'
73 silly reify ]
74 verbose reify failed optional dependency /Users/denisdobrovolskii/Developer/eNPS/eNPSBot/client/node_modules/@esbuild/linux-x64
75 silly reify mark deleted [
75 silly reify   '/Users/denisdobrovolskii/Developer/eNPS/eNPSBot/client/node_modules/@esbuild/linux-x64'
75 silly reify ]
76 verbose reify failed optional dependency /Users/denisdobrovolskii/Developer/eNPS/eNPSBot/client/node_modules/@esbuild/linux-s390x
77 silly reify mark deleted [
77 silly reify   '/Users/denisdobrovolskii/Developer/eNPS/eNPSBot/client/node_modules/@esbuild/linux-s390x'
77 silly reify ]
78 verbose reify failed optional dependency /Users/denisdobrovolskii/Developer/eNPS/eNPSBot/client/node_modules/@esbuild/linux-riscv64
79 silly reify mark deleted [
79 silly reify   '/Users/denisdobrovolskii/Developer/eNPS/eNPSBot/client/node_modules/@esbuild/linux-riscv64'
79 silly reify ]
80 verbose reify failed optional dependency /Users/denisdobrovolskii/Developer/eNPS/eNPSBot/client/node_modules/@esbuild/linux-ppc64
81 silly reify mark deleted [
81 silly reify   '/Users/denisdobrovolskii/Developer/eNPS/eNPSBot/client/node_modules/@esbuild/linux-ppc64'
81 silly reify ]
82 verbose reify failed optional dependency /Users/denisdobrovolskii/Developer/eNPS/eNPSBot/client/node_modules/@esbuild/linux-mips64el
83 silly reify mark deleted [
83 silly reify   '/Users/denisdobrovolskii/Developer/eNPS/eNPSBot/client/node_modules/@esbuild/linux-mips64el'
83 silly reify ]
84 verbose reify failed optional dependency /Users/denisdobrovolskii/Developer/eNPS/eNPSBot/client/node_modules/@esbuild/linux-loong64
85 silly reify mark deleted [
85 silly reify   '/Users/denisdobrovolskii/Developer/eNPS/eNPSBot/client/node_modules/@esbuild/linux-loong64'
85 silly reify ]
86 verbose reify failed optional dependency /Users/denisdobrovolskii/Developer/eNPS/eNPSBot/client/node_modules/@esbuild/linux-ia32
87 silly reify mark deleted [
87 silly reify   '/Users/denisdobrovolskii/Developer/eNPS/eNPSBot/client/node_modules/@esbuild/linux-ia32'
87 silly reify ]
88 verbose reify failed optional dependency /Users/denisdobrovolskii/Developer/eNPS/eNPSBot/client/node_modules/@esbuild/linux-arm64
89 silly reify mark deleted [
89 silly reify   '/Users/denisdobrovolskii/Developer/eNPS/eNPSBot/client/node_modules/@esbuild/linux-arm64'
89 silly reify ]
90 verbose reify failed optional dependency /Users/denisdobrovolskii/Developer/eNPS/eNPSBot/client/node_modules/@esbuild/linux-arm
91 silly reify mark deleted [
91 silly reify   '/Users/denisdobrovolskii/Developer/eNPS/eNPSBot/client/node_modules/@esbuild/linux-arm'
91 silly reify ]
92 verbose reify failed optional dependency /Users/denisdobrovolskii/Developer/eNPS/eNPSBot/client/node_modules/@esbuild/freebsd-x64
93 silly reify mark deleted [
93 silly reify   '/Users/denisdobrovolskii/Developer/eNPS/eNPSBot/client/node_modules/@esbuild/freebsd-x64'
93 silly reify ]
94 verbose reify failed optional dependency /Users/denisdobrovolskii/Developer/eNPS/eNPSBot/client/node_modules/@esbuild/freebsd-arm64
95 silly reify mark deleted [
95 silly reify   '/Users/denisdobrovolskii/Developer/eNPS/eNPSBot/client/node_modules/@esbuild/freebsd-arm64'
95 silly reify ]
96 verbose reify failed optional dependency /Users/denisdobrovolskii/Developer/eNPS/eNPSBot/client/node_modules/@esbuild/darwin-x64
97 silly reify mark deleted [
97 silly reify   '/Users/denisdobrovolskii/Developer/eNPS/eNPSBot/client/node_modules/@esbuild/darwin-x64'
97 silly reify ]
98 verbose reify failed optional dependency /Users/denisdobrovolskii/Developer/eNPS/eNPSBot/client/node_modules/@esbuild/android-x64
99 silly reify mark deleted [
99 silly reify   '/Users/denisdobrovolskii/Developer/eNPS/eNPSBot/client/node_modules/@esbuild/android-x64'
99 silly reify ]
100 verbose reify failed optional dependency /Users/denisdobrovolskii/Developer/eNPS/eNPSBot/client/node_modules/@esbuild/android-arm64
101 silly reify mark deleted [
101 silly reify   '/Users/denisdobrovolskii/Developer/eNPS/eNPSBot/client/node_modules/@esbuild/android-arm64'
101 silly reify ]
102 verbose reify failed optional dependency /Users/denisdobrovolskii/Developer/eNPS/eNPSBot/client/node_modules/@esbuild/android-arm
103 silly reify mark deleted [
103 silly reify   '/Users/denisdobrovolskii/Developer/eNPS/eNPSBot/client/node_modules/@esbuild/android-arm'
103 silly reify ]
104 verbose reify failed optional dependency /Users/denisdobrovolskii/Developer/eNPS/eNPSBot/client/node_modules/@esbuild/aix-ppc64
105 silly reify mark deleted [
105 silly reify   '/Users/denisdobrovolskii/Developer/eNPS/eNPSBot/client/node_modules/@esbuild/aix-ppc64'
105 silly reify ]
106 http cache yocto-queue@https://registry.npmjs.org/yocto-queue/-/yocto-queue-0.1.0.tgz 0ms (cache hit)
107 http cache yallist@https://registry.npmjs.org/yallist/-/yallist-3.1.1.tgz 0ms (cache hit)
108 http cache word-wrap@https://registry.npmjs.org/word-wrap/-/word-wrap-1.2.5.tgz 0ms (cache hit)
109 http cache vite@https://registry.npmjs.org/vite/-/vite-7.1.6.tgz 0ms (cache hit)
110 http cache which@https://registry.npmjs.org/which/-/which-2.0.2.tgz 0ms (cache hit)
111 http cache uri-js@https://registry.npmjs.org/uri-js/-/uri-js-4.4.1.tgz 0ms (cache hit)
112 http cache update-browserslist-db@https://registry.npmjs.org/update-browserslist-db/-/update-browserslist-db-1.1.3.tgz 0ms (cache hit)
113 http cache typescript-eslint@https://registry.npmjs.org/typescript-eslint/-/typescript-eslint-8.44.0.tgz 0ms (cache hit)
114 http cache typescript@https://registry.npmjs.org/typescript/-/typescript-5.8.3.tgz 0ms (cache hit)
115 http cache type-check@https://registry.npmjs.org/type-check/-/type-check-0.4.0.tgz 0ms (cache hit)
116 http cache ts-api-utils@https://registry.npmjs.org/ts-api-utils/-/ts-api-utils-2.1.0.tgz 0ms (cache hit)
117 http cache to-regex-range@https://registry.npmjs.org/to-regex-range/-/to-regex-range-5.0.1.tgz 0ms (cache hit)
118 http cache tinyglobby@https://registry.npmjs.org/tinyglobby/-/tinyglobby-0.2.15.tgz 0ms (cache hit)
119 http cache supports-color@https://registry.npmjs.org/supports-color/-/supports-color-7.2.0.tgz 0ms (cache hit)
120 http cache strip-json-comments@https://registry.npmjs.org/strip-json-comments/-/strip-json-comments-3.1.1.tgz 0ms (cache hit)
121 http cache source-map-js@https://registry.npmjs.org/source-map-js/-/source-map-js-1.2.1.tgz 0ms (cache hit)
122 http cache shebang-regex@https://registry.npmjs.org/shebang-regex/-/shebang-regex-3.0.0.tgz 0ms (cache hit)
123 http cache shebang-command@https://registry.npmjs.org/shebang-command/-/shebang-command-2.0.0.tgz 0ms (cache hit)
124 http cache semver@https://registry.npmjs.org/semver/-/semver-6.3.1.tgz 0ms (cache hit)
125 http cache scheduler@https://registry.npmjs.org/scheduler/-/scheduler-0.26.0.tgz 0ms (cache hit)
126 http cache run-parallel@https://registry.npmjs.org/run-parallel/-/run-parallel-1.2.0.tgz 0ms (cache hit)
127 http cache rollup@https://registry.npmjs.org/rollup/-/rollup-4.50.2.tgz 0ms (cache hit)
128 http cache reusify@https://registry.npmjs.org/reusify/-/reusify-1.1.0.tgz 0ms (cache hit)
129 http cache resolve-from@https://registry.npmjs.org/resolve-from/-/resolve-from-4.0.0.tgz 0ms (cache hit)
130 http cache react-refresh@https://registry.npmjs.org/react-refresh/-/react-refresh-0.17.0.tgz 0ms (cache hit)
131 http cache react-dom@https://registry.npmjs.org/react-dom/-/react-dom-19.1.1.tgz 0ms (cache hit)
132 http cache react@https://registry.npmjs.org/react/-/react-19.1.1.tgz 0ms (cache hit)
133 http cache queue-microtask@https://registry.npmjs.org/queue-microtask/-/queue-microtask-1.2.3.tgz 0ms (cache hit)
134 http cache punycode@https://registry.npmjs.org/punycode/-/punycode-2.3.1.tgz 0ms (cache hit)
135 http cache prelude-ls@https://registry.npmjs.org/prelude-ls/-/prelude-ls-1.2.1.tgz 0ms (cache hit)
136 http cache postcss@https://registry.npmjs.org/postcss/-/postcss-8.5.6.tgz 0ms (cache hit)
137 http cache picomatch@https://registry.npmjs.org/picomatch/-/picomatch-2.3.1.tgz 0ms (cache hit)
138 http cache picocolors@https://registry.npmjs.org/picocolors/-/picocolors-1.1.1.tgz 0ms (cache hit)
139 http cache path-key@https://registry.npmjs.org/path-key/-/path-key-3.1.1.tgz 0ms (cache hit)
140 http cache path-exists@https://registry.npmjs.org/path-exists/-/path-exists-4.0.0.tgz 0ms (cache hit)
141 http cache parent-module@https://registry.npmjs.org/parent-module/-/parent-module-1.0.1.tgz 0ms (cache hit)
142 http cache p-locate@https://registry.npmjs.org/p-locate/-/p-locate-5.0.0.tgz 0ms (cache hit)
143 http cache p-limit@https://registry.npmjs.org/p-limit/-/p-limit-3.1.0.tgz 0ms (cache hit)
144 http cache optionator@https://registry.npmjs.org/optionator/-/optionator-0.9.4.tgz 0ms (cache hit)
145 http cache node-releases@https://registry.npmjs.org/node-releases/-/node-releases-2.0.21.tgz 0ms (cache hit)
146 http cache nanoid@https://registry.npmjs.org/nanoid/-/nanoid-3.3.11.tgz 0ms (cache hit)
147 http cache ms@https://registry.npmjs.org/ms/-/ms-2.1.3.tgz 0ms (cache hit)
148 http cache natural-compare@https://registry.npmjs.org/natural-compare/-/natural-compare-1.4.0.tgz 0ms (cache hit)
149 http cache micromatch@https://registry.npmjs.org/micromatch/-/micromatch-4.0.8.tgz 0ms (cache hit)
150 http cache merge2@https://registry.npmjs.org/merge2/-/merge2-1.4.1.tgz 0ms (cache hit)
151 http cache minimatch@https://registry.npmjs.org/minimatch/-/minimatch-3.1.2.tgz 0ms (cache hit)
152 http cache lru-cache@https://registry.npmjs.org/lru-cache/-/lru-cache-5.1.1.tgz 0ms (cache hit)
153 http cache lodash.merge@https://registry.npmjs.org/lodash.merge/-/lodash.merge-4.6.2.tgz 0ms (cache hit)
154 http cache locate-path@https://registry.npmjs.org/locate-path/-/locate-path-6.0.0.tgz 0ms (cache hit)
155 http cache levn@https://registry.npmjs.org/levn/-/levn-0.4.1.tgz 0ms (cache hit)
156 http cache keyv@https://registry.npmjs.org/keyv/-/keyv-4.5.4.tgz 0ms (cache hit)
157 http cache json5@https://registry.npmjs.org/json5/-/json5-2.2.3.tgz 0ms (cache hit)
158 http cache json-stable-stringify-without-jsonify@https://registry.npmjs.org/json-stable-stringify-without-jsonify/-/json-stable-stringify-without-jsonify-1.0.1.tgz 0ms (cache hit)
159 http cache json-schema-traverse@https://registry.npmjs.org/json-schema-traverse/-/json-schema-traverse-0.4.1.tgz 0ms (cache hit)
160 http cache jsesc@https://registry.npmjs.org/jsesc/-/jsesc-3.1.0.tgz 0ms (cache hit)
161 http cache js-yaml@https://registry.npmjs.org/js-yaml/-/js-yaml-4.1.0.tgz 0ms (cache hit)
162 http cache json-buffer@https://registry.npmjs.org/json-buffer/-/json-buffer-3.0.1.tgz 0ms (cache hit)
163 http cache js-tokens@https://registry.npmjs.org/js-tokens/-/js-tokens-4.0.0.tgz 0ms (cache hit)
164 http cache isexe@https://registry.npmjs.org/isexe/-/isexe-2.0.0.tgz 0ms (cache hit)
165 http cache is-glob@https://registry.npmjs.org/is-glob/-/is-glob-4.0.3.tgz 0ms (cache hit)
166 http cache is-extglob@https://registry.npmjs.org/is-extglob/-/is-extglob-2.1.1.tgz 0ms (cache hit)
167 http cache imurmurhash@https://registry.npmjs.org/imurmurhash/-/imurmurhash-0.1.4.tgz 0ms (cache hit)
168 http cache import-fresh@https://registry.npmjs.org/import-fresh/-/import-fresh-3.3.1.tgz 0ms (cache hit)
169 http cache ignore@https://registry.npmjs.org/ignore/-/ignore-5.3.2.tgz 0ms (cache hit)
170 http cache is-number@https://registry.npmjs.org/is-number/-/is-number-7.0.0.tgz 0ms (cache hit)
171 http cache has-flag@https://registry.npmjs.org/has-flag/-/has-flag-4.0.0.tgz 0ms (cache hit)
172 http cache graphemer@https://registry.npmjs.org/graphemer/-/graphemer-1.4.0.tgz 0ms (cache hit)
173 http cache globals@https://registry.npmjs.org/globals/-/globals-16.4.0.tgz 0ms (cache hit)
174 http cache glob-parent@https://registry.npmjs.org/glob-parent/-/glob-parent-6.0.2.tgz 0ms (cache hit)
175 http cache gensync@https://registry.npmjs.org/gensync/-/gensync-1.0.0-beta.2.tgz 0ms (cache hit)
176 http cache fsevents@https://registry.npmjs.org/fsevents/-/fsevents-2.3.3.tgz 0ms (cache hit)
177 http cache flatted@https://registry.npmjs.org/flatted/-/flatted-3.3.3.tgz 0ms (cache hit)
178 http cache find-up@https://registry.npmjs.org/find-up/-/find-up-5.0.0.tgz 0ms (cache hit)
179 http cache flat-cache@https://registry.npmjs.org/flat-cache/-/flat-cache-4.0.1.tgz 0ms (cache hit)
180 http cache fill-range@https://registry.npmjs.org/fill-range/-/fill-range-7.1.1.tgz 0ms (cache hit)
181 http cache file-entry-cache@https://registry.npmjs.org/file-entry-cache/-/file-entry-cache-8.0.0.tgz 0ms (cache hit)
182 http cache fastq@https://registry.npmjs.org/fastq/-/fastq-1.19.1.tgz 0ms (cache hit)
183 http cache fast-levenshtein@https://registry.npmjs.org/fast-levenshtein/-/fast-levenshtein-2.0.6.tgz 0ms (cache hit)
184 http cache fast-json-stable-stringify@https://registry.npmjs.org/fast-json-stable-stringify/-/fast-json-stable-stringify-2.1.0.tgz 0ms (cache hit)
185 http cache fast-glob@https://registry.npmjs.org/fast-glob/-/fast-glob-3.3.3.tgz 0ms (cache hit)
186 http cache fast-deep-equal@https://registry.npmjs.org/fast-deep-equal/-/fast-deep-equal-3.1.3.tgz 0ms (cache hit)
187 http cache esutils@https://registry.npmjs.org/esutils/-/esutils-2.0.3.tgz 0ms (cache hit)
188 http cache esrecurse@https://registry.npmjs.org/esrecurse/-/esrecurse-4.3.0.tgz 0ms (cache hit)
189 http cache estraverse@https://registry.npmjs.org/estraverse/-/estraverse-5.3.0.tgz 0ms (cache hit)
190 http cache esquery@https://registry.npmjs.org/esquery/-/esquery-1.6.0.tgz 0ms (cache hit)
191 http cache espree@https://registry.npmjs.org/espree/-/espree-10.4.0.tgz 0ms (cache hit)
192 http cache eslint-visitor-keys@https://registry.npmjs.org/eslint-visitor-keys/-/eslint-visitor-keys-4.2.1.tgz 0ms (cache hit)
193 http cache eslint-scope@https://registry.npmjs.org/eslint-scope/-/eslint-scope-8.4.0.tgz 0ms (cache hit)
194 http cache eslint-plugin-react-refresh@https://registry.npmjs.org/eslint-plugin-react-refresh/-/eslint-plugin-react-refresh-0.4.20.tgz 0ms (cache hit)
195 http cache eslint@https://registry.npmjs.org/eslint/-/eslint-9.35.0.tgz 0ms (cache hit)
196 http cache escape-string-regexp@https://registry.npmjs.org/escape-string-regexp/-/escape-string-regexp-4.0.0.tgz 0ms (cache hit)
197 http cache escalade@https://registry.npmjs.org/escalade/-/escalade-3.2.0.tgz 0ms (cache hit)
198 http cache eslint-plugin-react-hooks@https://registry.npmjs.org/eslint-plugin-react-hooks/-/eslint-plugin-react-hooks-5.2.0.tgz 0ms (cache hit)
199 http cache esbuild@https://registry.npmjs.org/esbuild/-/esbuild-0.25.10.tgz 0ms (cache hit)
200 http cache electron-to-chromium@https://registry.npmjs.org/electron-to-chromium/-/electron-to-chromium-1.5.222.tgz 0ms (cache hit)
201 http cache deep-is@https://registry.npmjs.org/deep-is/-/deep-is-0.1.4.tgz 0ms (cache hit)
202 http cache debug@https://registry.npmjs.org/debug/-/debug-4.4.3.tgz 0ms (cache hit)
203 http cache csstype@https://registry.npmjs.org/csstype/-/csstype-3.1.3.tgz 0ms (cache hit)
204 http cache cross-spawn@https://registry.npmjs.org/cross-spawn/-/cross-spawn-7.0.6.tgz 0ms (cache hit)
205 http cache convert-source-map@https://registry.npmjs.org/convert-source-map/-/convert-source-map-2.0.0.tgz 0ms (cache hit)
206 http cache color-name@https://registry.npmjs.org/color-name/-/color-name-1.1.4.tgz 0ms (cache hit)
207 http cache color-convert@https://registry.npmjs.org/color-convert/-/color-convert-2.0.1.tgz 0ms (cache hit)
208 http cache chalk@https://registry.npmjs.org/chalk/-/chalk-4.1.2.tgz 0ms (cache hit)
209 http cache caniuse-lite@https://registry.npmjs.org/caniuse-lite/-/caniuse-lite-1.0.30001743.tgz 0ms (cache hit)
210 http cache callsites@https://registry.npmjs.org/callsites/-/callsites-3.1.0.tgz 0ms (cache hit)
211 http cache browserslist@https://registry.npmjs.org/browserslist/-/browserslist-4.26.2.tgz 0ms (cache hit)
212 http cache braces@https://registry.npmjs.org/braces/-/braces-3.0.3.tgz 0ms (cache hit)
213 http cache brace-expansion@https://registry.npmjs.org/brace-expansion/-/brace-expansion-1.1.12.tgz 0ms (cache hit)
214 http cache baseline-browser-mapping@https://registry.npmjs.org/baseline-browser-mapping/-/baseline-browser-mapping-2.8.6.tgz 0ms (cache hit)
215 http cache balanced-match@https://registry.npmjs.org/balanced-match/-/balanced-match-1.0.2.tgz 0ms (cache hit)
216 http cache argparse@https://registry.npmjs.org/argparse/-/argparse-2.0.1.tgz 0ms (cache hit)
217 http cache ansi-styles@https://registry.npmjs.org/ansi-styles/-/ansi-styles-4.3.0.tgz 0ms (cache hit)
218 http cache ajv@https://registry.npmjs.org/ajv/-/ajv-6.12.6.tgz 0ms (cache hit)
219 http cache acorn-jsx@https://registry.npmjs.org/acorn-jsx/-/acorn-jsx-5.3.2.tgz 0ms (cache hit)
220 http cache acorn@https://registry.npmjs.org/acorn/-/acorn-8.15.0.tgz 0ms (cache hit)
221 http cache @vitejs/plugin-react@https://registry.npmjs.org/@vitejs/plugin-react/-/plugin-react-5.0.3.tgz 0ms (cache hit)
222 http cache @typescript-eslint/visitor-keys@https://registry.npmjs.org/@typescript-eslint/visitor-keys/-/visitor-keys-8.44.0.tgz 0ms (cache hit)
223 http cache @typescript-eslint/utils@https://registry.npmjs.org/@typescript-eslint/utils/-/utils-8.44.0.tgz 0ms (cache hit)
224 http cache @typescript-eslint/typescript-estree@https://registry.npmjs.org/@typescript-eslint/typescript-estree/-/typescript-estree-8.44.0.tgz 0ms (cache hit)
225 http cache @typescript-eslint/types@https://registry.npmjs.org/@typescript-eslint/types/-/types-8.44.0.tgz 0ms (cache hit)
226 http cache @typescript-eslint/type-utils@https://registry.npmjs.org/@typescript-eslint/type-utils/-/type-utils-8.44.0.tgz 0ms (cache hit)
227 http cache @typescript-eslint/tsconfig-utils@https://registry.npmjs.org/@typescript-eslint/tsconfig-utils/-/tsconfig-utils-8.44.0.tgz 0ms (cache hit)
228 http cache @typescript-eslint/scope-manager@https://registry.npmjs.org/@typescript-eslint/scope-manager/-/scope-manager-8.44.0.tgz 0ms (cache hit)
229 http cache @typescript-eslint/project-service@https://registry.npmjs.org/@typescript-eslint/project-service/-/project-service-8.44.0.tgz 0ms (cache hit)
230 http cache @typescript-eslint/parser@https://registry.npmjs.org/@typescript-eslint/parser/-/parser-8.44.0.tgz 0ms (cache hit)
231 http cache @types/react-dom@https://registry.npmjs.org/@types/react-dom/-/react-dom-19.1.9.tgz 0ms (cache hit)
232 http cache @typescript-eslint/eslint-plugin@https://registry.npmjs.org/@typescript-eslint/eslint-plugin/-/eslint-plugin-8.44.0.tgz 0ms (cache hit)
233 http cache @types/react@https://registry.npmjs.org/@types/react/-/react-19.1.13.tgz 0ms (cache hit)
234 http cache @types/json-schema@https://registry.npmjs.org/@types/json-schema/-/json-schema-7.0.15.tgz 0ms (cache hit)
235 http cache @types/estree@https://registry.npmjs.org/@types/estree/-/estree-1.0.8.tgz 0ms (cache hit)
236 http cache @types/babel__traverse@https://registry.npmjs.org/@types/babel__traverse/-/babel__traverse-7.28.0.tgz 0ms (cache hit)
237 http cache @types/babel__template@https://registry.npmjs.org/@types/babel__template/-/babel__template-7.4.4.tgz 0ms (cache hit)
238 http cache @types/babel__generator@https://registry.npmjs.org/@types/babel__generator/-/babel__generator-7.27.0.tgz 0ms (cache hit)
239 http cache @types/babel__core@https://registry.npmjs.org/@types/babel__core/-/babel__core-7.20.5.tgz 0ms (cache hit)
240 http cache @rollup/rollup-darwin-arm64@https://registry.npmjs.org/@rollup/rollup-darwin-arm64/-/rollup-darwin-arm64-4.50.2.tgz 0ms (cache hit)
241 http cache @rolldown/pluginutils@https://registry.npmjs.org/@rolldown/pluginutils/-/pluginutils-1.0.0-beta.35.tgz 0ms (cache hit)
242 http cache @nodelib/fs.walk@https://registry.npmjs.org/@nodelib/fs.walk/-/fs.walk-1.2.8.tgz 0ms (cache hit)
243 http cache @nodelib/fs.stat@https://registry.npmjs.org/@nodelib/fs.stat/-/fs.stat-2.0.5.tgz 0ms (cache hit)
244 http cache @nodelib/fs.scandir@https://registry.npmjs.org/@nodelib/fs.scandir/-/fs.scandir-2.1.5.tgz 0ms (cache hit)
245 http cache @jridgewell/trace-mapping@https://registry.npmjs.org/@jridgewell/trace-mapping/-/trace-mapping-0.3.31.tgz 0ms (cache hit)
246 http cache @jridgewell/sourcemap-codec@https://registry.npmjs.org/@jridgewell/sourcemap-codec/-/sourcemap-codec-1.5.5.tgz 0ms (cache hit)
247 http cache @jridgewell/resolve-uri@https://registry.npmjs.org/@jridgewell/resolve-uri/-/resolve-uri-3.1.2.tgz 0ms (cache hit)
248 http cache @jridgewell/remapping@https://registry.npmjs.org/@jridgewell/remapping/-/remapping-2.3.5.tgz 0ms (cache hit)
249 http cache @jridgewell/gen-mapping@https://registry.npmjs.org/@jridgewell/gen-mapping/-/gen-mapping-0.3.13.tgz 0ms (cache hit)
250 http cache @humanwhocodes/retry@https://registry.npmjs.org/@humanwhocodes/retry/-/retry-0.4.3.tgz 0ms (cache hit)
251 http cache @humanwhocodes/module-importer@https://registry.npmjs.org/@humanwhocodes/module-importer/-/module-importer-1.0.1.tgz 0ms (cache hit)
252 http cache @humanfs/node@https://registry.npmjs.org/@humanfs/node/-/node-0.16.7.tgz 0ms (cache hit)
253 http cache @humanfs/core@https://registry.npmjs.org/@humanfs/core/-/core-0.19.1.tgz 0ms (cache hit)
254 http cache @eslint/plugin-kit@https://registry.npmjs.org/@eslint/plugin-kit/-/plugin-kit-0.3.5.tgz 0ms (cache hit)
255 http cache @eslint/object-schema@https://registry.npmjs.org/@eslint/object-schema/-/object-schema-2.1.6.tgz 0ms (cache hit)
256 http cache @eslint/js@https://registry.npmjs.org/@eslint/js/-/js-9.35.0.tgz 0ms (cache hit)
257 http cache @eslint/eslintrc@https://registry.npmjs.org/@eslint/eslintrc/-/eslintrc-3.3.1.tgz 0ms (cache hit)
258 http cache @eslint/core@https://registry.npmjs.org/@eslint/core/-/core-0.15.2.tgz 0ms (cache hit)
259 http cache @eslint/config-helpers@https://registry.npmjs.org/@eslint/config-helpers/-/config-helpers-0.3.1.tgz 0ms (cache hit)
260 http cache @eslint/config-array@https://registry.npmjs.org/@eslint/config-array/-/config-array-0.21.0.tgz 0ms (cache hit)
261 http cache @eslint-community/regexpp@https://registry.npmjs.org/@eslint-community/regexpp/-/regexpp-4.12.1.tgz 0ms (cache hit)
262 http cache @eslint-community/eslint-utils@https://registry.npmjs.org/@eslint-community/eslint-utils/-/eslint-utils-4.9.0.tgz 0ms (cache hit)
263 http cache @esbuild/darwin-arm64@https://registry.npmjs.org/@esbuild/darwin-arm64/-/darwin-arm64-0.25.10.tgz 0ms (cache hit)
264 http cache @babel/types@https://registry.npmjs.org/@babel/types/-/types-7.28.4.tgz 0ms (cache hit)
265 http cache @babel/traverse@https://registry.npmjs.org/@babel/traverse/-/traverse-7.28.4.tgz 0ms (cache hit)
266 http cache @babel/template@https://registry.npmjs.org/@babel/template/-/template-7.27.2.tgz 0ms (cache hit)
267 http cache @babel/plugin-transform-react-jsx-source@https://registry.npmjs.org/@babel/plugin-transform-react-jsx-source/-/plugin-transform-react-jsx-source-7.27.1.tgz 0ms (cache hit)
268 http cache @babel/plugin-transform-react-jsx-self@https://registry.npmjs.org/@babel/plugin-transform-react-jsx-self/-/plugin-transform-react-jsx-self-7.27.1.tgz 0ms (cache hit)
269 http cache @babel/parser@https://registry.npmjs.org/@babel/parser/-/parser-7.28.4.tgz 0ms (cache hit)
270 http cache @babel/helpers@https://registry.npmjs.org/@babel/helpers/-/helpers-7.28.4.tgz 0ms (cache hit)
271 http cache @babel/helper-validator-option@https://registry.npmjs.org/@babel/helper-validator-option/-/helper-validator-option-7.27.1.tgz 0ms (cache hit)
272 http cache @babel/helper-validator-identifier@https://registry.npmjs.org/@babel/helper-validator-identifier/-/helper-validator-identifier-7.27.1.tgz 0ms (cache hit)
273 http cache @babel/helper-string-parser@https://registry.npmjs.org/@babel/helper-string-parser/-/helper-string-parser-7.27.1.tgz 0ms (cache hit)
274 http cache @babel/helper-plugin-utils@https://registry.npmjs.org/@babel/helper-plugin-utils/-/helper-plugin-utils-7.27.1.tgz 0ms (cache hit)
275 http cache @babel/helper-module-transforms@https://registry.npmjs.org/@babel/helper-module-transforms/-/helper-module-transforms-7.28.3.tgz 0ms (cache hit)
276 http cache @babel/helper-module-imports@https://registry.npmjs.org/@babel/helper-module-imports/-/helper-module-imports-7.27.1.tgz 0ms (cache hit)
277 http cache @babel/helper-globals@https://registry.npmjs.org/@babel/helper-globals/-/helper-globals-7.28.0.tgz 0ms (cache hit)
278 http cache @babel/helper-compilation-targets@https://registry.npmjs.org/@babel/helper-compilation-targets/-/helper-compilation-targets-7.27.2.tgz 0ms (cache hit)
279 http cache @babel/generator@https://registry.npmjs.org/@babel/generator/-/generator-7.28.3.tgz 0ms (cache hit)
280 http cache @babel/core@https://registry.npmjs.org/@babel/core/-/core-7.28.4.tgz 0ms (cache hit)
281 http cache concat-map@https://registry.npmjs.org/concat-map/-/concat-map-0.0.1.tgz 0ms (cache hit)
282 http cache @babel/compat-data@https://registry.npmjs.org/@babel/compat-data/-/compat-data-7.28.4.tgz 0ms (cache hit)
283 http cache @babel/code-frame@https://registry.npmjs.org/@babel/code-frame/-/code-frame-7.27.1.tgz 0ms (cache hit)
284 http cache picomatch@https://registry.npmjs.org/picomatch/-/picomatch-4.0.3.tgz 0ms (cache hit)
285 http cache fdir@https://registry.npmjs.org/fdir/-/fdir-6.5.0.tgz 0ms (cache hit)
286 http cache picomatch@https://registry.npmjs.org/picomatch/-/picomatch-4.0.3.tgz 0ms (cache hit)
287 http cache glob-parent@https://registry.npmjs.org/glob-parent/-/glob-parent-5.1.2.tgz 0ms (cache hit)
288 http cache semver@https://registry.npmjs.org/semver/-/semver-7.7.2.tgz 0ms (cache hit)
289 http cache minimatch@https://registry.npmjs.org/minimatch/-/minimatch-9.0.5.tgz 0ms (cache hit)
290 http cache brace-expansion@https://registry.npmjs.org/brace-expansion/-/brace-expansion-2.0.2.tgz 0ms (cache hit)
291 http cache ignore@https://registry.npmjs.org/ignore/-/ignore-7.0.5.tgz 0ms (cache hit)
292 http cache globals@https://registry.npmjs.org/globals/-/globals-14.0.0.tgz 0ms (cache hit)
293 http cache fdir@https://registry.npmjs.org/fdir/-/fdir-6.5.0.tgz 0ms (cache hit)
294 http cache eslint-visitor-keys@https://registry.npmjs.org/eslint-visitor-keys/-/eslint-visitor-keys-3.4.3.tgz 0ms (cache hit)
295 silly tarball no local data for yocto-queue@https://registry.npmjs.org/yocto-queue/-/yocto-queue-0.1.0.tgz. Extracting by manifest.
296 silly tarball no local data for yallist@https://registry.npmjs.org/yallist/-/yallist-3.1.1.tgz. Extracting by manifest.
297 silly tarball no local data for word-wrap@https://registry.npmjs.org/word-wrap/-/word-wrap-1.2.5.tgz. Extracting by manifest.
298 silly tarball no local data for vite@https://registry.npmjs.org/vite/-/vite-7.1.6.tgz. Extracting by manifest.
299 silly tarball no local data for which@https://registry.npmjs.org/which/-/which-2.0.2.tgz. Extracting by manifest.
300 silly tarball no local data for uri-js@https://registry.npmjs.org/uri-js/-/uri-js-4.4.1.tgz. Extracting by manifest.
301 silly tarball no local data for update-browserslist-db@https://registry.npmjs.org/update-browserslist-db/-/update-browserslist-db-1.1.3.tgz. Extracting by manifest.
302 silly tarball no local data for typescript-eslint@https://registry.npmjs.org/typescript-eslint/-/typescript-eslint-8.44.0.tgz. Extracting by manifest.
303 silly tarball no local data for typescript@https://registry.npmjs.org/typescript/-/typescript-5.8.3.tgz. Extracting by manifest.
304 silly tarball no local data for type-check@https://registry.npmjs.org/type-check/-/type-check-0.4.0.tgz. Extracting by manifest.
305 silly tarball no local data for ts-api-utils@https://registry.npmjs.org/ts-api-utils/-/ts-api-utils-2.1.0.tgz. Extracting by manifest.
306 silly tarball no local data for tinyglobby@https://registry.npmjs.org/tinyglobby/-/tinyglobby-0.2.15.tgz. Extracting by manifest.
307 silly tarball no local data for supports-color@https://registry.npmjs.org/supports-color/-/supports-color-7.2.0.tgz. Extracting by manifest.
308 silly tarball no local data for strip-json-comments@https://registry.npmjs.org/strip-json-comments/-/strip-json-comments-3.1.1.tgz. Extracting by manifest.
309 silly tarball no local data for source-map-js@https://registry.npmjs.org/source-map-js/-/source-map-js-1.2.1.tgz. Extracting by manifest.
310 silly tarball no local data for shebang-regex@https://registry.npmjs.org/shebang-regex/-/shebang-regex-3.0.0.tgz. Extracting by manifest.
311 silly tarball no local data for shebang-command@https://registry.npmjs.org/shebang-command/-/shebang-command-2.0.0.tgz. Extracting by manifest.
312 silly tarball no local data for semver@https://registry.npmjs.org/semver/-/semver-6.3.1.tgz. Extracting by manifest.
313 silly tarball no local data for scheduler@https://registry.npmjs.org/scheduler/-/scheduler-0.26.0.tgz. Extracting by manifest.
314 silly tarball no local data for run-parallel@https://registry.npmjs.org/run-parallel/-/run-parallel-1.2.0.tgz. Extracting by manifest.
315 silly tarball no local data for rollup@https://registry.npmjs.org/rollup/-/rollup-4.50.2.tgz. Extracting by manifest.
316 silly tarball no local data for reusify@https://registry.npmjs.org/reusify/-/reusify-1.1.0.tgz. Extracting by manifest.
317 silly tarball no local data for resolve-from@https://registry.npmjs.org/resolve-from/-/resolve-from-4.0.0.tgz. Extracting by manifest.
318 silly tarball no local data for react-refresh@https://registry.npmjs.org/react-refresh/-/react-refresh-0.17.0.tgz. Extracting by manifest.
319 silly tarball no local data for react-dom@https://registry.npmjs.org/react-dom/-/react-dom-19.1.1.tgz. Extracting by manifest.
320 silly tarball no local data for react@https://registry.npmjs.org/react/-/react-19.1.1.tgz. Extracting by manifest.
321 silly tarball no local data for queue-microtask@https://registry.npmjs.org/queue-microtask/-/queue-microtask-1.2.3.tgz. Extracting by manifest.
322 silly tarball no local data for punycode@https://registry.npmjs.org/punycode/-/punycode-2.3.1.tgz. Extracting by manifest.
323 silly tarball no local data for prelude-ls@https://registry.npmjs.org/prelude-ls/-/prelude-ls-1.2.1.tgz. Extracting by manifest.
324 silly tarball no local data for postcss@https://registry.npmjs.org/postcss/-/postcss-8.5.6.tgz. Extracting by manifest.
325 silly tarball no local data for picocolors@https://registry.npmjs.org/picocolors/-/picocolors-1.1.1.tgz. Extracting by manifest.
326 silly tarball no local data for path-key@https://registry.npmjs.org/path-key/-/path-key-3.1.1.tgz. Extracting by manifest.
327 silly tarball no local data for path-exists@https://registry.npmjs.org/path-exists/-/path-exists-4.0.0.tgz. Extracting by manifest.
328 silly tarball no local data for parent-module@https://registry.npmjs.org/parent-module/-/parent-module-1.0.1.tgz. Extracting by manifest.
329 silly tarball no local data for p-locate@https://registry.npmjs.org/p-locate/-/p-locate-5.0.0.tgz. Extracting by manifest.
330 silly tarball no local data for p-limit@https://registry.npmjs.org/p-limit/-/p-limit-3.1.0.tgz. Extracting by manifest.
331 silly tarball no local data for optionator@https://registry.npmjs.org/optionator/-/optionator-0.9.4.tgz. Extracting by manifest.
332 silly tarball no local data for node-releases@https://registry.npmjs.org/node-releases/-/node-releases-2.0.21.tgz. Extracting by manifest.
333 silly tarball no local data for nanoid@https://registry.npmjs.org/nanoid/-/nanoid-3.3.11.tgz. Extracting by manifest.
334 silly tarball no local data for natural-compare@https://registry.npmjs.org/natural-compare/-/natural-compare-1.4.0.tgz. Extracting by manifest.
335 silly tarball no local data for micromatch@https://registry.npmjs.org/micromatch/-/micromatch-4.0.8.tgz. Extracting by manifest.
336 silly tarball no local data for merge2@https://registry.npmjs.org/merge2/-/merge2-1.4.1.tgz. Extracting by manifest.
337 silly tarball no local data for lru-cache@https://registry.npmjs.org/lru-cache/-/lru-cache-5.1.1.tgz. Extracting by manifest.
338 silly tarball no local data for lodash.merge@https://registry.npmjs.org/lodash.merge/-/lodash.merge-4.6.2.tgz. Extracting by manifest.
339 silly tarball no local data for locate-path@https://registry.npmjs.org/locate-path/-/locate-path-6.0.0.tgz. Extracting by manifest.
340 silly tarball no local data for levn@https://registry.npmjs.org/levn/-/levn-0.4.1.tgz. Extracting by manifest.
341 silly tarball no local data for keyv@https://registry.npmjs.org/keyv/-/keyv-4.5.4.tgz. Extracting by manifest.
342 silly tarball no local data for json5@https://registry.npmjs.org/json5/-/json5-2.2.3.tgz. Extracting by manifest.
343 silly tarball no local data for json-stable-stringify-without-jsonify@https://registry.npmjs.org/json-stable-stringify-without-jsonify/-/json-stable-stringify-without-jsonify-1.0.1.tgz. Extracting by manifest.
344 silly tarball no local data for json-schema-traverse@https://registry.npmjs.org/json-schema-traverse/-/json-schema-traverse-0.4.1.tgz. Extracting by manifest.
345 silly tarball no local data for jsesc@https://registry.npmjs.org/jsesc/-/jsesc-3.1.0.tgz. Extracting by manifest.
346 silly tarball no local data for js-yaml@https://registry.npmjs.org/js-yaml/-/js-yaml-4.1.0.tgz. Extracting by manifest.
347 silly tarball no local data for json-buffer@https://registry.npmjs.org/json-buffer/-/json-buffer-3.0.1.tgz. Extracting by manifest.
348 silly tarball no local data for js-tokens@https://registry.npmjs.org/js-tokens/-/js-tokens-4.0.0.tgz. Extracting by manifest.
349 silly tarball no local data for isexe@https://registry.npmjs.org/isexe/-/isexe-2.0.0.tgz. Extracting by manifest.
350 silly tarball no local data for imurmurhash@https://registry.npmjs.org/imurmurhash/-/imurmurhash-0.1.4.tgz. Extracting by manifest.
351 silly tarball no local data for import-fresh@https://registry.npmjs.org/import-fresh/-/import-fresh-3.3.1.tgz. Extracting by manifest.
352 silly tarball no local data for ignore@https://registry.npmjs.org/ignore/-/ignore-5.3.2.tgz. Extracting by manifest.
353 silly tarball no local data for has-flag@https://registry.npmjs.org/has-flag/-/has-flag-4.0.0.tgz. Extracting by manifest.
354 silly tarball no local data for graphemer@https://registry.npmjs.org/graphemer/-/graphemer-1.4.0.tgz. Extracting by manifest.
355 silly tarball no local data for globals@https://registry.npmjs.org/globals/-/globals-16.4.0.tgz. Extracting by manifest.
356 silly tarball no local data for glob-parent@https://registry.npmjs.org/glob-parent/-/glob-parent-6.0.2.tgz. Extracting by manifest.
357 silly tarball no local data for gensync@https://registry.npmjs.org/gensync/-/gensync-1.0.0-beta.2.tgz. Extracting by manifest.
358 silly tarball no local data for flatted@https://registry.npmjs.org/flatted/-/flatted-3.3.3.tgz. Extracting by manifest.
359 silly tarball no local data for find-up@https://registry.npmjs.org/find-up/-/find-up-5.0.0.tgz. Extracting by manifest.
360 silly tarball no local data for flat-cache@https://registry.npmjs.org/flat-cache/-/flat-cache-4.0.1.tgz. Extracting by manifest.
361 silly tarball no local data for file-entry-cache@https://registry.npmjs.org/file-entry-cache/-/file-entry-cache-8.0.0.tgz. Extracting by manifest.
362 silly tarball no local data for fastq@https://registry.npmjs.org/fastq/-/fastq-1.19.1.tgz. Extracting by manifest.
363 silly tarball no local data for fast-levenshtein@https://registry.npmjs.org/fast-levenshtein/-/fast-levenshtein-2.0.6.tgz. Extracting by manifest.
364 silly tarball no local data for fast-json-stable-stringify@https://registry.npmjs.org/fast-json-stable-stringify/-/fast-json-stable-stringify-2.1.0.tgz. Extracting by manifest.
365 silly tarball no local data for fast-glob@https://registry.npmjs.org/fast-glob/-/fast-glob-3.3.3.tgz. Extracting by manifest.
366 silly tarball no local data for fast-deep-equal@https://registry.npmjs.org/fast-deep-equal/-/fast-deep-equal-3.1.3.tgz. Extracting by manifest.
367 silly tarball no local data for esutils@https://registry.npmjs.org/esutils/-/esutils-2.0.3.tgz. Extracting by manifest.
368 silly tarball no local data for esrecurse@https://registry.npmjs.org/esrecurse/-/esrecurse-4.3.0.tgz. Extracting by manifest.
369 silly tarball no local data for estraverse@https://registry.npmjs.org/estraverse/-/estraverse-5.3.0.tgz. Extracting by manifest.
370 silly tarball no local data for esquery@https://registry.npmjs.org/esquery/-/esquery-1.6.0.tgz. Extracting by manifest.
371 silly tarball no local data for espree@https://registry.npmjs.org/espree/-/espree-10.4.0.tgz. Extracting by manifest.
372 silly tarball no local data for eslint-visitor-keys@https://registry.npmjs.org/eslint-visitor-keys/-/eslint-visitor-keys-4.2.1.tgz. Extracting by manifest.
373 silly tarball no local data for eslint-scope@https://registry.npmjs.org/eslint-scope/-/eslint-scope-8.4.0.tgz. Extracting by manifest.
374 silly tarball no local data for eslint-plugin-react-refresh@https://registry.npmjs.org/eslint-plugin-react-refresh/-/eslint-plugin-react-refresh-0.4.20.tgz. Extracting by manifest.
375 silly tarball no local data for eslint@https://registry.npmjs.org/eslint/-/eslint-9.35.0.tgz. Extracting by manifest.
376 silly tarball no local data for escape-string-regexp@https://registry.npmjs.org/escape-string-regexp/-/escape-string-regexp-4.0.0.tgz. Extracting by manifest.
377 silly tarball no local data for escalade@https://registry.npmjs.org/escalade/-/escalade-3.2.0.tgz. Extracting by manifest.
378 silly tarball no local data for eslint-plugin-react-hooks@https://registry.npmjs.org/eslint-plugin-react-hooks/-/eslint-plugin-react-hooks-5.2.0.tgz. Extracting by manifest.
379 silly tarball no local data for esbuild@https://registry.npmjs.org/esbuild/-/esbuild-0.25.10.tgz. Extracting by manifest.
380 silly tarball no local data for electron-to-chromium@https://registry.npmjs.org/electron-to-chromium/-/electron-to-chromium-1.5.222.tgz. Extracting by manifest.
381 silly tarball no local data for deep-is@https://registry.npmjs.org/deep-is/-/deep-is-0.1.4.tgz. Extracting by manifest.
382 silly tarball no local data for csstype@https://registry.npmjs.org/csstype/-/csstype-3.1.3.tgz. Extracting by manifest.
383 silly tarball no local data for cross-spawn@https://registry.npmjs.org/cross-spawn/-/cross-spawn-7.0.6.tgz. Extracting by manifest.
384 silly tarball no local data for convert-source-map@https://registry.npmjs.org/convert-source-map/-/convert-source-map-2.0.0.tgz. Extracting by manifest.
385 silly tarball no local data for color-name@https://registry.npmjs.org/color-name/-/color-name-1.1.4.tgz. Extracting by manifest.
386 silly tarball no local data for color-convert@https://registry.npmjs.org/color-convert/-/color-convert-2.0.1.tgz. Extracting by manifest.
387 silly tarball no local data for chalk@https://registry.npmjs.org/chalk/-/chalk-4.1.2.tgz. Extracting by manifest.
388 silly tarball no local data for caniuse-lite@https://registry.npmjs.org/caniuse-lite/-/caniuse-lite-1.0.30001743.tgz. Extracting by manifest.
389 silly tarball no local data for callsites@https://registry.npmjs.org/callsites/-/callsites-3.1.0.tgz. Extracting by manifest.
390 silly tarball no local data for browserslist@https://registry.npmjs.org/browserslist/-/browserslist-4.26.2.tgz. Extracting by manifest.
391 silly tarball no local data for baseline-browser-mapping@https://registry.npmjs.org/baseline-browser-mapping/-/baseline-browser-mapping-2.8.6.tgz. Extracting by manifest.
392 silly tarball no local data for argparse@https://registry.npmjs.org/argparse/-/argparse-2.0.1.tgz. Extracting by manifest.
393 silly tarball no local data for ansi-styles@https://registry.npmjs.org/ansi-styles/-/ansi-styles-4.3.0.tgz. Extracting by manifest.
394 silly tarball no local data for ajv@https://registry.npmjs.org/ajv/-/ajv-6.12.6.tgz. Extracting by manifest.
395 silly tarball no local data for acorn-jsx@https://registry.npmjs.org/acorn-jsx/-/acorn-jsx-5.3.2.tgz. Extracting by manifest.
396 silly tarball no local data for @vitejs/plugin-react@https://registry.npmjs.org/@vitejs/plugin-react/-/plugin-react-5.0.3.tgz. Extracting by manifest.
397 silly tarball no local data for @typescript-eslint/visitor-keys@https://registry.npmjs.org/@typescript-eslint/visitor-keys/-/visitor-keys-8.44.0.tgz. Extracting by manifest.
398 silly tarball no local data for @typescript-eslint/utils@https://registry.npmjs.org/@typescript-eslint/utils/-/utils-8.44.0.tgz. Extracting by manifest.
399 silly tarball no local data for @typescript-eslint/typescript-estree@https://registry.npmjs.org/@typescript-eslint/typescript-estree/-/typescript-estree-8.44.0.tgz. Extracting by manifest.
400 silly tarball no local data for @typescript-eslint/types@https://registry.npmjs.org/@typescript-eslint/types/-/types-8.44.0.tgz. Extracting by manifest.
401 silly tarball no local data for @typescript-eslint/type-utils@https://registry.npmjs.org/@typescript-eslint/type-utils/-/type-utils-8.44.0.tgz. Extracting by manifest.
402 silly tarball no local data for @typescript-eslint/tsconfig-utils@https://registry.npmjs.org/@typescript-eslint/tsconfig-utils/-/tsconfig-utils-8.44.0.tgz. Extracting by manifest.
403 silly tarball no local data for @typescript-eslint/scope-manager@https://registry.npmjs.org/@typescript-eslint/scope-manager/-/scope-manager-8.44.0.tgz. Extracting by manifest.
404 silly tarball no local data for @typescript-eslint/project-service@https://registry.npmjs.org/@typescript-eslint/project-service/-/project-service-8.44.0.tgz. Extracting by manifest.
405 silly tarball no local data for @typescript-eslint/parser@https://registry.npmjs.org/@typescript-eslint/parser/-/parser-8.44.0.tgz. Extracting by manifest.
406 silly tarball no local data for @types/react-dom@https://registry.npmjs.org/@types/react-dom/-/react-dom-19.1.9.tgz. Extracting by manifest.
407 silly tarball no local data for @typescript-eslint/eslint-plugin@https://registry.npmjs.org/@typescript-eslint/eslint-plugin/-/eslint-plugin-8.44.0.tgz. Extracting by manifest.
408 silly tarball no local data for @types/react@https://registry.npmjs.org/@types/react/-/react-19.1.13.tgz. Extracting by manifest.
409 silly tarball no local data for @types/json-schema@https://registry.npmjs.org/@types/json-schema/-/json-schema-7.0.15.tgz. Extracting by manifest.
410 silly tarball no local data for @types/estree@https://registry.npmjs.org/@types/estree/-/estree-1.0.8.tgz. Extracting by manifest.
411 silly tarball no local data for @types/babel__traverse@https://registry.npmjs.org/@types/babel__traverse/-/babel__traverse-7.28.0.tgz. Extracting by manifest.
412 silly tarball no local data for @types/babel__template@https://registry.npmjs.org/@types/babel__template/-/babel__template-7.4.4.tgz. Extracting by manifest.
413 silly tarball no local data for @types/babel__generator@https://registry.npmjs.org/@types/babel__generator/-/babel__generator-7.27.0.tgz. Extracting by manifest.
414 silly tarball no local data for @types/babel__core@https://registry.npmjs.org/@types/babel__core/-/babel__core-7.20.5.tgz. Extracting by manifest.
415 silly tarball no local data for @rollup/rollup-darwin-arm64@https://registry.npmjs.org/@rollup/rollup-darwin-arm64/-/rollup-darwin-arm64-4.50.2.tgz. Extracting by manifest.
416 silly tarball no local data for @rolldown/pluginutils@https://registry.npmjs.org/@rolldown/pluginutils/-/pluginutils-1.0.0-beta.35.tgz. Extracting by manifest.
417 silly tarball no local data for @nodelib/fs.walk@https://registry.npmjs.org/@nodelib/fs.walk/-/fs.walk-1.2.8.tgz. Extracting by manifest.
418 silly tarball no local data for @nodelib/fs.stat@https://registry.npmjs.org/@nodelib/fs.stat/-/fs.stat-2.0.5.tgz. Extracting by manifest.
419 silly tarball no local data for @nodelib/fs.scandir@https://registry.npmjs.org/@nodelib/fs.scandir/-/fs.scandir-2.1.5.tgz. Extracting by manifest.
420 silly tarball no local data for @jridgewell/trace-mapping@https://registry.npmjs.org/@jridgewell/trace-mapping/-/trace-mapping-0.3.31.tgz. Extracting by manifest.
421 silly tarball no local data for @jridgewell/remapping@https://registry.npmjs.org/@jridgewell/remapping/-/remapping-2.3.5.tgz. Extracting by manifest.
422 silly tarball no local data for @jridgewell/gen-mapping@https://registry.npmjs.org/@jridgewell/gen-mapping/-/gen-mapping-0.3.13.tgz. Extracting by manifest.
423 silly tarball no local data for @humanwhocodes/retry@https://registry.npmjs.org/@humanwhocodes/retry/-/retry-0.4.3.tgz. Extracting by manifest.
424 silly tarball no local data for @humanwhocodes/module-importer@https://registry.npmjs.org/@humanwhocodes/module-importer/-/module-importer-1.0.1.tgz. Extracting by manifest.
425 silly tarball no local data for @humanfs/node@https://registry.npmjs.org/@humanfs/node/-/node-0.16.7.tgz. Extracting by manifest.
426 silly tarball no local data for @humanfs/core@https://registry.npmjs.org/@humanfs/core/-/core-0.19.1.tgz. Extracting by manifest.
427 silly tarball no local data for @eslint/plugin-kit@https://registry.npmjs.org/@eslint/plugin-kit/-/plugin-kit-0.3.5.tgz. Extracting by manifest.
428 silly tarball no local data for @eslint/object-schema@https://registry.npmjs.org/@eslint/object-schema/-/object-schema-2.1.6.tgz. Extracting by manifest.
429 silly tarball no local data for @eslint/js@https://registry.npmjs.org/@eslint/js/-/js-9.35.0.tgz. Extracting by manifest.
430 silly tarball no local data for @eslint/eslintrc@https://registry.npmjs.org/@eslint/eslintrc/-/eslintrc-3.3.1.tgz. Extracting by manifest.
431 silly tarball no local data for @eslint/core@https://registry.npmjs.org/@eslint/core/-/core-0.15.2.tgz. Extracting by manifest.
432 silly tarball no local data for @eslint/config-helpers@https://registry.npmjs.org/@eslint/config-helpers/-/config-helpers-0.3.1.tgz. Extracting by manifest.
433 silly tarball no local data for @eslint/config-array@https://registry.npmjs.org/@eslint/config-array/-/config-array-0.21.0.tgz. Extracting by manifest.
434 silly tarball no local data for @eslint-community/regexpp@https://registry.npmjs.org/@eslint-community/regexpp/-/regexpp-4.12.1.tgz. Extracting by manifest.
435 silly tarball no local data for @eslint-community/eslint-utils@https://registry.npmjs.org/@eslint-community/eslint-utils/-/eslint-utils-4.9.0.tgz. Extracting by manifest.
436 silly tarball no local data for @esbuild/darwin-arm64@https://registry.npmjs.org/@esbuild/darwin-arm64/-/darwin-arm64-0.25.10.tgz. Extracting by manifest.
437 silly tarball no local data for @babel/types@https://registry.npmjs.org/@babel/types/-/types-7.28.4.tgz. Extracting by manifest.
438 silly tarball no local data for @babel/traverse@https://registry.npmjs.org/@babel/traverse/-/traverse-7.28.4.tgz. Extracting by manifest.
439 silly tarball no local data for @babel/template@https://registry.npmjs.org/@babel/template/-/template-7.27.2.tgz. Extracting by manifest.
440 silly tarball no local data for @babel/plugin-transform-react-jsx-source@https://registry.npmjs.org/@babel/plugin-transform-react-jsx-source/-/plugin-transform-react-jsx-source-7.27.1.tgz. Extracting by manifest.
441 silly tarball no local data for @babel/plugin-transform-react-jsx-self@https://registry.npmjs.org/@babel/plugin-transform-react-jsx-self/-/plugin-transform-react-jsx-self-7.27.1.tgz. Extracting by manifest.
442 silly tarball no local data for @babel/parser@https://registry.npmjs.org/@babel/parser/-/parser-7.28.4.tgz. Extracting by manifest.
443 silly tarball no local data for @babel/helpers@https://registry.npmjs.org/@babel/helpers/-/helpers-7.28.4.tgz. Extracting by manifest.
444 silly tarball no local data for @babel/helper-validator-option@https://registry.npmjs.org/@babel/helper-validator-option/-/helper-validator-option-7.27.1.tgz. Extracting by manifest.
445 silly tarball no local data for @babel/helper-validator-identifier@https://registry.npmjs.org/@babel/helper-validator-identifier/-/helper-validator-identifier-7.27.1.tgz. Extracting by manifest.
446 silly tarball no local data for @babel/helper-string-parser@https://registry.npmjs.org/@babel/helper-string-parser/-/helper-string-parser-7.27.1.tgz. Extracting by manifest.
447 silly tarball no local data for @babel/helper-plugin-utils@https://registry.npmjs.org/@babel/helper-plugin-utils/-/helper-plugin-utils-7.27.1.tgz. Extracting by manifest.
448 silly tarball no local data for @babel/helper-module-transforms@https://registry.npmjs.org/@babel/helper-module-transforms/-/helper-module-transforms-7.28.3.tgz. Extracting by manifest.
449 silly tarball no local data for @babel/helper-module-imports@https://registry.npmjs.org/@babel/helper-module-imports/-/helper-module-imports-7.27.1.tgz. Extracting by manifest.
450 silly tarball no local data for @babel/helper-globals@https://registry.npmjs.org/@babel/helper-globals/-/helper-globals-7.28.0.tgz. Extracting by manifest.
451 silly tarball no local data for @babel/helper-compilation-targets@https://registry.npmjs.org/@babel/helper-compilation-targets/-/helper-compilation-targets-7.27.2.tgz. Extracting by manifest.
452 silly tarball no local data for @babel/generator@https://registry.npmjs.org/@babel/generator/-/generator-7.28.3.tgz. Extracting by manifest.
453 silly tarball no local data for @babel/core@https://registry.npmjs.org/@babel/core/-/core-7.28.4.tgz. Extracting by manifest.
454 silly tarball no local data for @babel/compat-data@https://registry.npmjs.org/@babel/compat-data/-/compat-data-7.28.4.tgz. Extracting by manifest.
455 silly tarball no local data for @babel/code-frame@https://registry.npmjs.org/@babel/code-frame/-/code-frame-7.27.1.tgz. Extracting by manifest.
456 silly tarball no local data for picomatch@https://registry.npmjs.org/picomatch/-/picomatch-4.0.3.tgz. Extracting by manifest.
457 silly tarball no local data for fdir@https://registry.npmjs.org/fdir/-/fdir-6.5.0.tgz. Extracting by manifest.
458 silly tarball no local data for picomatch@https://registry.npmjs.org/picomatch/-/picomatch-4.0.3.tgz. Extracting by manifest.
459 silly tarball no local data for minimatch@https://registry.npmjs.org/minimatch/-/minimatch-9.0.5.tgz. Extracting by manifest.
460 silly tarball no local data for brace-expansion@https://registry.npmjs.org/brace-expansion/-/brace-expansion-2.0.2.tgz. Extracting by manifest.
461 silly tarball no local data for ignore@https://registry.npmjs.org/ignore/-/ignore-7.0.5.tgz. Extracting by manifest.
462 silly tarball no local data for globals@https://registry.npmjs.org/globals/-/globals-14.0.0.tgz. Extracting by manifest.
463 silly tarball no local data for fdir@https://registry.npmjs.org/fdir/-/fdir-6.5.0.tgz. Extracting by manifest.
464 silly tarball no local data for eslint-visitor-keys@https://registry.npmjs.org/eslint-visitor-keys/-/eslint-visitor-keys-3.4.3.tgz. Extracting by manifest.
465 http fetch GET 200 https://registry.npmjs.org/strip-json-comments/-/strip-json-comments-3.1.1.tgz 781ms (cache miss)
466 http fetch GET 200 https://registry.npmjs.org/which/-/which-2.0.2.tgz 810ms (cache miss)
467 http fetch GET 200 https://registry.npmjs.org/update-browserslist-db/-/update-browserslist-db-1.1.3.tgz 809ms (cache miss)
468 http fetch GET 200 https://registry.npmjs.org/supports-color/-/supports-color-7.2.0.tgz 808ms (cache miss)
469 http fetch GET 200 https://registry.npmjs.org/tinyglobby/-/tinyglobby-0.2.15.tgz 826ms (cache miss)
470 http fetch GET 200 https://registry.npmjs.org/word-wrap/-/word-wrap-1.2.5.tgz 829ms (cache miss)
471 http fetch GET 200 https://registry.npmjs.org/yocto-queue/-/yocto-queue-0.1.0.tgz 831ms (cache miss)
472 http fetch GET 200 https://registry.npmjs.org/type-check/-/type-check-0.4.0.tgz 838ms (cache miss)
473 http fetch GET 200 https://registry.npmjs.org/typescript-eslint/-/typescript-eslint-8.44.0.tgz 846ms (cache miss)
474 http fetch GET 200 https://registry.npmjs.org/yallist/-/yallist-3.1.1.tgz 857ms (cache miss)
475 http fetch GET 200 https://registry.npmjs.org/shebang-regex/-/shebang-regex-3.0.0.tgz 932ms (cache miss)
476 http fetch GET 200 https://registry.npmjs.org/ts-api-utils/-/ts-api-utils-2.1.0.tgz 934ms (cache miss)
477 http fetch GET 200 https://registry.npmjs.org/shebang-command/-/shebang-command-2.0.0.tgz 933ms (cache miss)
478 http fetch POST 200 https://registry.npmjs.org/-/npm/v1/security/advisories/bulk 1004ms
479 silly audit report {}
480 http fetch GET 200 https://registry.npmjs.org/run-parallel/-/run-parallel-1.2.0.tgz 965ms (cache miss)
481 http fetch GET 200 https://registry.npmjs.org/reusify/-/reusify-1.1.0.tgz 978ms (cache miss)
482 http fetch GET 200 https://registry.npmjs.org/scheduler/-/scheduler-0.26.0.tgz 983ms (cache miss)
483 http fetch GET 200 https://registry.npmjs.org/source-map-js/-/source-map-js-1.2.1.tgz 986ms (cache miss)
484 http fetch GET 200 https://registry.npmjs.org/react-refresh/-/react-refresh-0.17.0.tgz 990ms (cache miss)
485 http fetch GET 200 https://registry.npmjs.org/resolve-from/-/resolve-from-4.0.0.tgz 1016ms (cache miss)
486 http fetch GET 200 https://registry.npmjs.org/semver/-/semver-6.3.1.tgz 1017ms (cache miss)
487 http fetch GET 200 https://registry.npmjs.org/uri-js/-/uri-js-4.4.1.tgz 1072ms (cache miss)
488 http fetch GET 200 https://registry.npmjs.org/queue-microtask/-/queue-microtask-1.2.3.tgz 1076ms (cache miss)
489 http fetch GET 200 https://registry.npmjs.org/punycode/-/punycode-2.3.1.tgz 1095ms (cache miss)
490 http fetch GET 200 https://registry.npmjs.org/vite/-/vite-7.1.6.tgz 1103ms (cache miss)
491 http fetch GET 200 https://registry.npmjs.org/prelude-ls/-/prelude-ls-1.2.1.tgz 1101ms (cache miss)
492 http fetch GET 200 https://registry.npmjs.org/picocolors/-/picocolors-1.1.1.tgz 1112ms (cache miss)
493 http fetch GET 200 https://registry.npmjs.org/path-key/-/path-key-3.1.1.tgz 1136ms (cache miss)
494 http fetch GET 200 https://registry.npmjs.org/path-exists/-/path-exists-4.0.0.tgz 1136ms (cache miss)
495 http fetch GET 200 https://registry.npmjs.org/react/-/react-19.1.1.tgz 1168ms (cache miss)
496 http fetch GET 200 https://registry.npmjs.org/p-locate/-/p-locate-5.0.0.tgz 1167ms (cache miss)
497 http fetch GET 200 https://registry.npmjs.org/parent-module/-/parent-module-1.0.1.tgz 1168ms (cache miss)
498 http fetch GET 200 https://registry.npmjs.org/postcss/-/postcss-8.5.6.tgz 1188ms (cache miss)
499 http fetch GET 200 https://registry.npmjs.org/p-limit/-/p-limit-3.1.0.tgz 1245ms (cache miss)
500 http fetch GET 200 https://registry.npmjs.org/node-releases/-/node-releases-2.0.21.tgz 1275ms (cache miss)
501 http fetch GET 200 https://registry.npmjs.org/natural-compare/-/natural-compare-1.4.0.tgz 1278ms (cache miss)
502 http fetch GET 200 https://registry.npmjs.org/nanoid/-/nanoid-3.3.11.tgz 1283ms (cache miss)
503 http fetch GET 200 https://registry.npmjs.org/merge2/-/merge2-1.4.1.tgz 1303ms (cache miss)
504 http fetch GET 200 https://registry.npmjs.org/lru-cache/-/lru-cache-5.1.1.tgz 1303ms (cache miss)
505 http fetch GET 200 https://registry.npmjs.org/lodash.merge/-/lodash.merge-4.6.2.tgz 1314ms (cache miss)
506 http fetch GET 200 https://registry.npmjs.org/keyv/-/keyv-4.5.4.tgz 1337ms (cache miss)
507 http fetch GET 200 https://registry.npmjs.org/optionator/-/optionator-0.9.4.tgz 1360ms (cache miss)
508 http fetch GET 200 https://registry.npmjs.org/levn/-/levn-0.4.1.tgz 1378ms (cache miss)
509 http fetch GET 200 https://registry.npmjs.org/micromatch/-/micromatch-4.0.8.tgz 1402ms (cache miss)
510 http fetch GET 200 https://registry.npmjs.org/json5/-/json5-2.2.3.tgz 1426ms (cache miss)
511 http fetch GET 200 https://registry.npmjs.org/json-stable-stringify-without-jsonify/-/json-stable-stringify-without-jsonify-1.0.1.tgz 1456ms (cache miss)
512 http fetch GET 200 https://registry.npmjs.org/jsesc/-/jsesc-3.1.0.tgz 1465ms (cache miss)
513 http fetch GET 200 https://registry.npmjs.org/json-buffer/-/json-buffer-3.0.1.tgz 1485ms (cache miss)
514 http fetch GET 200 https://registry.npmjs.org/js-tokens/-/js-tokens-4.0.0.tgz 1502ms (cache miss)
515 http fetch GET 200 https://registry.npmjs.org/isexe/-/isexe-2.0.0.tgz 1520ms (cache miss)
516 http fetch GET 200 https://registry.npmjs.org/imurmurhash/-/imurmurhash-0.1.4.tgz 1544ms (cache miss)
517 http fetch GET 200 https://registry.npmjs.org/rollup/-/rollup-4.50.2.tgz 1594ms (cache miss)
518 http fetch GET 200 https://registry.npmjs.org/ignore/-/ignore-5.3.2.tgz 1596ms (cache miss)
519 http fetch GET 200 https://registry.npmjs.org/js-yaml/-/js-yaml-4.1.0.tgz 1610ms (cache miss)
520 http fetch GET 200 https://registry.npmjs.org/locate-path/-/locate-path-6.0.0.tgz 1644ms (cache miss)
521 http fetch GET 200 https://registry.npmjs.org/glob-parent/-/glob-parent-6.0.2.tgz 1657ms (cache miss)
522 http fetch GET 200 https://registry.npmjs.org/import-fresh/-/import-fresh-3.3.1.tgz 1688ms (cache miss)
523 http fetch GET 200 https://registry.npmjs.org/gensync/-/gensync-1.0.0-beta.2.tgz 1701ms (cache miss)
524 http fetch GET 200 https://registry.npmjs.org/flatted/-/flatted-3.3.3.tgz 1714ms (cache miss)
525 http fetch GET 200 https://registry.npmjs.org/json-schema-traverse/-/json-schema-traverse-0.4.1.tgz 1717ms (cache miss)
526 http fetch GET 200 https://registry.npmjs.org/find-up/-/find-up-5.0.0.tgz 1731ms (cache miss)
527 http fetch GET 200 https://registry.npmjs.org/globals/-/globals-16.4.0.tgz 1732ms (cache miss)
528 http fetch GET 200 https://registry.npmjs.org/typescript/-/typescript-5.8.3.tgz 1769ms (cache miss)
529 http fetch GET 200 https://registry.npmjs.org/has-flag/-/has-flag-4.0.0.tgz 1765ms (cache miss)
530 http fetch GET 200 https://registry.npmjs.org/flat-cache/-/flat-cache-4.0.1.tgz 1765ms (cache miss)
531 http fetch GET 200 https://registry.npmjs.org/graphemer/-/graphemer-1.4.0.tgz 1773ms (cache miss)
532 http fetch GET 200 https://registry.npmjs.org/fast-json-stable-stringify/-/fast-json-stable-stringify-2.1.0.tgz 1791ms (cache miss)
533 http fetch GET 200 https://registry.npmjs.org/fast-levenshtein/-/fast-levenshtein-2.0.6.tgz 1810ms (cache miss)
534 http fetch GET 200 https://registry.npmjs.org/fast-deep-equal/-/fast-deep-equal-3.1.3.tgz 1830ms (cache miss)
535 http fetch GET 200 https://registry.npmjs.org/esutils/-/esutils-2.0.3.tgz 1851ms (cache miss)
536 http fetch GET 200 https://registry.npmjs.org/estraverse/-/estraverse-5.3.0.tgz 1856ms (cache miss)
537 http fetch GET 200 https://registry.npmjs.org/fastq/-/fastq-1.19.1.tgz 1899ms (cache miss)
538 http fetch GET 200 https://registry.npmjs.org/eslint-visitor-keys/-/eslint-visitor-keys-4.2.1.tgz 1910ms (cache miss)
539 http fetch GET 200 https://registry.npmjs.org/espree/-/espree-10.4.0.tgz 1914ms (cache miss)
540 http fetch GET 200 https://registry.npmjs.org/eslint-scope/-/eslint-scope-8.4.0.tgz 1917ms (cache miss)
541 http fetch GET 200 https://registry.npmjs.org/eslint-plugin-react-refresh/-/eslint-plugin-react-refresh-0.4.20.tgz 1919ms (cache miss)
542 http fetch GET 200 https://registry.npmjs.org/fast-glob/-/fast-glob-3.3.3.tgz 1922ms (cache miss)
543 http fetch GET 200 https://registry.npmjs.org/react-dom/-/react-dom-19.1.1.tgz 1931ms (cache miss)
544 http fetch GET 200 https://registry.npmjs.org/esquery/-/esquery-1.6.0.tgz 1927ms (cache miss)
545 http fetch GET 200 https://registry.npmjs.org/escalade/-/escalade-3.2.0.tgz 1953ms (cache miss)
546 http fetch GET 200 https://registry.npmjs.org/escape-string-regexp/-/escape-string-regexp-4.0.0.tgz 1957ms (cache miss)
547 http fetch GET 200 https://registry.npmjs.org/electron-to-chromium/-/electron-to-chromium-1.5.222.tgz 1984ms (cache miss)
548 http fetch GET 200 https://registry.npmjs.org/file-entry-cache/-/file-entry-cache-8.0.0.tgz 1995ms (cache miss)
549 http fetch GET 200 https://registry.npmjs.org/convert-source-map/-/convert-source-map-2.0.0.tgz 2058ms (cache miss)
550 http fetch GET 200 https://registry.npmjs.org/deep-is/-/deep-is-0.1.4.tgz 2064ms (cache miss)
551 http fetch GET 200 https://registry.npmjs.org/esbuild/-/esbuild-0.25.10.tgz 2065ms (cache miss)
552 http fetch GET 200 https://registry.npmjs.org/color-name/-/color-name-1.1.4.tgz 2064ms (cache miss)
553 http fetch GET 200 https://registry.npmjs.org/chalk/-/chalk-4.1.2.tgz 2068ms (cache miss)
554 http fetch GET 200 https://registry.npmjs.org/cross-spawn/-/cross-spawn-7.0.6.tgz 2068ms (cache miss)
555 http fetch GET 200 https://registry.npmjs.org/color-convert/-/color-convert-2.0.1.tgz 2073ms (cache miss)
556 http fetch GET 200 https://registry.npmjs.org/eslint-plugin-react-hooks/-/eslint-plugin-react-hooks-5.2.0.tgz 2092ms (cache miss)
557 http fetch GET 200 https://registry.npmjs.org/esrecurse/-/esrecurse-4.3.0.tgz 2108ms (cache miss)
558 http fetch GET 200 https://registry.npmjs.org/browserslist/-/browserslist-4.26.2.tgz 2109ms (cache miss)
559 http fetch GET 200 https://registry.npmjs.org/csstype/-/csstype-3.1.3.tgz 2148ms (cache miss)
560 http fetch GET 200 https://registry.npmjs.org/argparse/-/argparse-2.0.1.tgz 2170ms (cache miss)
561 http fetch GET 200 https://registry.npmjs.org/callsites/-/callsites-3.1.0.tgz 2183ms (cache miss)
562 http fetch GET 200 https://registry.npmjs.org/ansi-styles/-/ansi-styles-4.3.0.tgz 2187ms (cache miss)
563 http fetch GET 200 https://registry.npmjs.org/acorn-jsx/-/acorn-jsx-5.3.2.tgz 2188ms (cache miss)
564 http fetch GET 200 https://registry.npmjs.org/@typescript-eslint/visitor-keys/-/visitor-keys-8.44.0.tgz 2224ms (cache miss)
565 http fetch GET 200 https://registry.npmjs.org/@typescript-eslint/utils/-/utils-8.44.0.tgz 2267ms (cache miss)
566 http fetch GET 200 https://registry.npmjs.org/eslint/-/eslint-9.35.0.tgz 2271ms (cache miss)
567 http fetch GET 200 https://registry.npmjs.org/ajv/-/ajv-6.12.6.tgz 2282ms (cache miss)
568 http fetch GET 200 https://registry.npmjs.org/caniuse-lite/-/caniuse-lite-1.0.30001743.tgz 2306ms (cache miss)
569 http fetch GET 200 https://registry.npmjs.org/@typescript-eslint/tsconfig-utils/-/tsconfig-utils-8.44.0.tgz 2325ms (cache miss)
570 http fetch GET 200 https://registry.npmjs.org/@typescript-eslint/types/-/types-8.44.0.tgz 2350ms (cache miss)
571 http fetch GET 200 https://registry.npmjs.org/@typescript-eslint/parser/-/parser-8.44.0.tgz 2350ms (cache miss)
572 http fetch GET 200 https://registry.npmjs.org/@types/react-dom/-/react-dom-19.1.9.tgz 2350ms (cache miss)
573 http fetch GET 200 https://registry.npmjs.org/baseline-browser-mapping/-/baseline-browser-mapping-2.8.6.tgz 2354ms (cache miss)
574 http fetch GET 200 https://registry.npmjs.org/@typescript-eslint/typescript-estree/-/typescript-estree-8.44.0.tgz 2366ms (cache miss)
575 http fetch GET 200 https://registry.npmjs.org/@typescript-eslint/scope-manager/-/scope-manager-8.44.0.tgz 2384ms (cache miss)
576 http fetch GET 200 https://registry.npmjs.org/@vitejs/plugin-react/-/plugin-react-5.0.3.tgz 2407ms (cache miss)
577 http fetch GET 200 https://registry.npmjs.org/@typescript-eslint/project-service/-/project-service-8.44.0.tgz 2409ms (cache miss)
578 http fetch GET 200 https://registry.npmjs.org/@typescript-eslint/type-utils/-/type-utils-8.44.0.tgz 2409ms (cache miss)
579 http fetch GET 200 https://registry.npmjs.org/@types/react/-/react-19.1.13.tgz 2423ms (cache miss)
580 http fetch GET 200 https://registry.npmjs.org/@types/estree/-/estree-1.0.8.tgz 2428ms (cache miss)
581 http fetch GET 200 https://registry.npmjs.org/@types/json-schema/-/json-schema-7.0.15.tgz 2428ms (cache miss)
582 http fetch GET 200 https://registry.npmjs.org/@types/babel__template/-/babel__template-7.4.4.tgz 2454ms (cache miss)
583 http fetch GET 200 https://registry.npmjs.org/@types/babel__generator/-/babel__generator-7.27.0.tgz 2482ms (cache miss)
584 http fetch GET 200 https://registry.npmjs.org/@nodelib/fs.stat/-/fs.stat-2.0.5.tgz 2501ms (cache miss)
585 http fetch GET 200 https://registry.npmjs.org/@rolldown/pluginutils/-/pluginutils-1.0.0-beta.35.tgz 2515ms (cache miss)
586 http fetch GET 200 https://registry.npmjs.org/@types/babel__traverse/-/babel__traverse-7.28.0.tgz 2522ms (cache miss)
587 http fetch GET 200 https://registry.npmjs.org/@nodelib/fs.scandir/-/fs.scandir-2.1.5.tgz 2537ms (cache miss)
588 http fetch GET 200 https://registry.npmjs.org/@humanwhocodes/module-importer/-/module-importer-1.0.1.tgz 2583ms (cache miss)
589 http fetch GET 200 https://registry.npmjs.org/@humanfs/node/-/node-0.16.7.tgz 2591ms (cache miss)
590 http fetch GET 200 https://registry.npmjs.org/@nodelib/fs.walk/-/fs.walk-1.2.8.tgz 2601ms (cache miss)
591 http fetch GET 200 https://registry.npmjs.org/@jridgewell/gen-mapping/-/gen-mapping-0.3.13.tgz 2612ms (cache miss)
592 http fetch GET 200 https://registry.npmjs.org/@humanfs/core/-/core-0.19.1.tgz 2631ms (cache miss)
593 http fetch GET 200 https://registry.npmjs.org/@jridgewell/trace-mapping/-/trace-mapping-0.3.31.tgz 2632ms (cache miss)
594 http fetch GET 200 https://registry.npmjs.org/@typescript-eslint/eslint-plugin/-/eslint-plugin-8.44.0.tgz 2641ms (cache miss)
595 http fetch GET 200 https://registry.npmjs.org/@jridgewell/remapping/-/remapping-2.3.5.tgz 2641ms (cache miss)
596 http fetch GET 200 https://registry.npmjs.org/@eslint/plugin-kit/-/plugin-kit-0.3.5.tgz 2643ms (cache miss)
597 http fetch GET 200 https://registry.npmjs.org/@eslint/js/-/js-9.35.0.tgz 2673ms (cache miss)
598 http fetch GET 200 https://registry.npmjs.org/@humanwhocodes/retry/-/retry-0.4.3.tgz 2688ms (cache miss)
599 http fetch GET 200 https://registry.npmjs.org/@eslint/core/-/core-0.15.2.tgz 2743ms (cache miss)
600 http fetch GET 200 https://registry.npmjs.org/@types/babel__core/-/babel__core-7.20.5.tgz 2758ms (cache miss)
601 http fetch GET 200 https://registry.npmjs.org/@eslint/config-array/-/config-array-0.21.0.tgz 2759ms (cache miss)
602 http fetch GET 200 https://registry.npmjs.org/@eslint/config-helpers/-/config-helpers-0.3.1.tgz 2773ms (cache miss)
603 http fetch GET 200 https://registry.npmjs.org/@eslint/eslintrc/-/eslintrc-3.3.1.tgz 2775ms (cache miss)
604 http fetch GET 200 https://registry.npmjs.org/@babel/template/-/template-7.27.2.tgz 2787ms (cache miss)
605 http fetch GET 200 https://registry.npmjs.org/@eslint/object-schema/-/object-schema-2.1.6.tgz 2801ms (cache miss)
606 http fetch GET 200 https://registry.npmjs.org/@eslint-community/regexpp/-/regexpp-4.12.1.tgz 2806ms (cache miss)
607 http fetch GET 200 https://registry.npmjs.org/@rollup/rollup-darwin-arm64/-/rollup-darwin-arm64-4.50.2.tgz 2808ms (cache miss)
608 http fetch GET 200 https://registry.npmjs.org/@babel/plugin-transform-react-jsx-source/-/plugin-transform-react-jsx-source-7.27.1.tgz 2814ms (cache miss)
609 http fetch GET 200 https://registry.npmjs.org/@babel/plugin-transform-react-jsx-self/-/plugin-transform-react-jsx-self-7.27.1.tgz 2872ms (cache miss)
610 http fetch GET 200 https://registry.npmjs.org/@eslint-community/eslint-utils/-/eslint-utils-4.9.0.tgz 2914ms (cache miss)
611 http fetch GET 200 https://registry.npmjs.org/@babel/traverse/-/traverse-7.28.4.tgz 2943ms (cache miss)
612 http fetch GET 200 https://registry.npmjs.org/@babel/helper-validator-option/-/helper-validator-option-7.27.1.tgz 2956ms (cache miss)
613 http fetch GET 200 https://registry.npmjs.org/@babel/helper-string-parser/-/helper-string-parser-7.27.1.tgz 2958ms (cache miss)
614 http fetch GET 200 https://registry.npmjs.org/@babel/helper-validator-identifier/-/helper-validator-identifier-7.27.1.tgz 2960ms (cache miss)
615 http fetch GET 200 https://registry.npmjs.org/@babel/helper-plugin-utils/-/helper-plugin-utils-7.27.1.tgz 2972ms (cache miss)
616 http fetch GET 200 https://registry.npmjs.org/@babel/helper-globals/-/helper-globals-7.28.0.tgz 2990ms (cache miss)
617 http fetch GET 200 https://registry.npmjs.org/@babel/helper-module-imports/-/helper-module-imports-7.27.1.tgz 3018ms (cache miss)
618 http fetch GET 200 https://registry.npmjs.org/@babel/helper-module-transforms/-/helper-module-transforms-7.28.3.tgz 3019ms (cache miss)
619 http fetch GET 200 https://registry.npmjs.org/@babel/parser/-/parser-7.28.4.tgz 3038ms (cache miss)
620 http fetch GET 200 https://registry.npmjs.org/@babel/types/-/types-7.28.4.tgz 3093ms (cache miss)
621 http fetch GET 200 https://registry.npmjs.org/picomatch/-/picomatch-4.0.3.tgz 3094ms (cache miss)
622 http fetch GET 200 https://registry.npmjs.org/@babel/core/-/core-7.28.4.tgz 3096ms (cache miss)
623 http fetch GET 200 https://registry.npmjs.org/@babel/code-frame/-/code-frame-7.27.1.tgz 3102ms (cache miss)
624 http fetch GET 200 https://registry.npmjs.org/@babel/helper-compilation-targets/-/helper-compilation-targets-7.27.2.tgz 3104ms (cache miss)
625 http fetch GET 200 https://registry.npmjs.org/@babel/compat-data/-/compat-data-7.28.4.tgz 3105ms (cache miss)
626 http fetch GET 200 https://registry.npmjs.org/picomatch/-/picomatch-4.0.3.tgz 3105ms (cache miss)
627 http fetch GET 200 https://registry.npmjs.org/@babel/helpers/-/helpers-7.28.4.tgz 3110ms (cache miss)
628 http fetch GET 200 https://registry.npmjs.org/minimatch/-/minimatch-9.0.5.tgz 3121ms (cache miss)
629 http fetch GET 200 https://registry.npmjs.org/brace-expansion/-/brace-expansion-2.0.2.tgz 3160ms (cache miss)
630 http fetch GET 200 https://registry.npmjs.org/ignore/-/ignore-7.0.5.tgz 3161ms (cache miss)
631 http fetch GET 200 https://registry.npmjs.org/globals/-/globals-14.0.0.tgz 3162ms (cache miss)
632 http fetch GET 200 https://registry.npmjs.org/@babel/generator/-/generator-7.28.3.tgz 3191ms (cache miss)
633 http fetch GET 200 https://registry.npmjs.org/fdir/-/fdir-6.5.0.tgz 3192ms (cache miss)
634 http fetch GET 200 https://registry.npmjs.org/fdir/-/fdir-6.5.0.tgz 3220ms (cache miss)
635 http fetch GET 200 https://registry.npmjs.org/eslint-visitor-keys/-/eslint-visitor-keys-3.4.3.tgz 3247ms (cache miss)
636 http fetch GET 200 https://registry.npmjs.org/@esbuild/darwin-arm64/-/darwin-arm64-0.25.10.tgz 4620ms (cache miss)
637 info run esbuild@0.25.10 postinstall node_modules/esbuild node install.js
638 info run esbuild@0.25.10 postinstall { code: 0, signal: null }
639 silly ADD node_modules/yocto-queue
640 silly ADD node_modules/yallist
641 silly ADD node_modules/word-wrap
642 silly ADD node_modules/which
643 silly ADD node_modules/vite
644 silly ADD node_modules/vite/node_modules/picomatch
645 silly ADD node_modules/vite/node_modules/fdir
646 silly ADD node_modules/uri-js
647 silly ADD node_modules/update-browserslist-db
648 silly ADD node_modules/typescript-eslint
649 silly ADD node_modules/typescript
650 silly ADD node_modules/type-check
651 silly ADD node_modules/ts-api-utils
652 silly ADD node_modules/to-regex-range
653 silly ADD node_modules/tinyglobby
654 silly ADD node_modules/tinyglobby/node_modules/picomatch
655 silly ADD node_modules/tinyglobby/node_modules/fdir
656 silly ADD node_modules/supports-color
657 silly ADD node_modules/strip-json-comments
658 silly ADD node_modules/source-map-js
659 silly ADD node_modules/shebang-regex
660 silly ADD node_modules/shebang-command
661 silly ADD node_modules/semver
662 silly ADD node_modules/scheduler
663 silly ADD node_modules/run-parallel
664 silly ADD node_modules/rollup
665 silly ADD node_modules/reusify
666 silly ADD node_modules/resolve-from
667 silly ADD node_modules/react-refresh
668 silly ADD node_modules/react-dom
669 silly ADD node_modules/react
670 silly ADD node_modules/queue-microtask
671 silly ADD node_modules/punycode
672 silly ADD node_modules/prelude-ls
673 silly ADD node_modules/postcss
674 silly ADD node_modules/picomatch
675 silly ADD node_modules/picocolors
676 silly ADD node_modules/path-key
677 silly ADD node_modules/path-exists
678 silly ADD node_modules/parent-module
679 silly ADD node_modules/p-locate
680 silly ADD node_modules/p-limit
681 silly ADD node_modules/optionator
682 silly ADD node_modules/node-releases
683 silly ADD node_modules/natural-compare
684 silly ADD node_modules/nanoid
685 silly ADD node_modules/ms
686 silly ADD node_modules/minimatch
687 silly ADD node_modules/micromatch
688 silly ADD node_modules/merge2
689 silly ADD node_modules/lru-cache
690 silly ADD node_modules/lodash.merge
691 silly ADD node_modules/locate-path
692 silly ADD node_modules/levn
693 silly ADD node_modules/keyv
694 silly ADD node_modules/json5
695 silly ADD node_modules/json-stable-stringify-without-jsonify
696 silly ADD node_modules/json-schema-traverse
697 silly ADD node_modules/json-buffer
698 silly ADD node_modules/jsesc
699 silly ADD node_modules/js-yaml
700 silly ADD node_modules/js-tokens
701 silly ADD node_modules/isexe
702 silly ADD node_modules/is-number
703 silly ADD node_modules/is-glob
704 silly ADD node_modules/is-extglob
705 silly ADD node_modules/imurmurhash
706 silly ADD node_modules/import-fresh
707 silly ADD node_modules/ignore
708 silly ADD node_modules/has-flag
709 silly ADD node_modules/graphemer
710 silly ADD node_modules/globals
711 silly ADD node_modules/glob-parent
712 silly ADD node_modules/gensync
713 silly ADD node_modules/fsevents
714 silly ADD node_modules/flatted
715 silly ADD node_modules/flat-cache
716 silly ADD node_modules/find-up
717 silly ADD node_modules/fill-range
718 silly ADD node_modules/file-entry-cache
719 silly ADD node_modules/fastq
720 silly ADD node_modules/fast-levenshtein
721 silly ADD node_modules/fast-json-stable-stringify
722 silly ADD node_modules/fast-glob
723 silly ADD node_modules/fast-glob/node_modules/glob-parent
724 silly ADD node_modules/fast-deep-equal
725 silly ADD node_modules/esutils
726 silly ADD node_modules/estraverse
727 silly ADD node_modules/esrecurse
728 silly ADD node_modules/esquery
729 silly ADD node_modules/espree
730 silly ADD node_modules/eslint-visitor-keys
731 silly ADD node_modules/eslint-scope
732 silly ADD node_modules/eslint-plugin-react-refresh
733 silly ADD node_modules/eslint-plugin-react-hooks
734 silly ADD node_modules/eslint
735 silly ADD node_modules/escape-string-regexp
736 silly ADD node_modules/escalade
737 silly ADD node_modules/esbuild
738 silly ADD node_modules/electron-to-chromium
739 silly ADD node_modules/deep-is
740 silly ADD node_modules/debug
741 silly ADD node_modules/csstype
742 silly ADD node_modules/cross-spawn
743 silly ADD node_modules/convert-source-map
744 silly ADD node_modules/concat-map
745 silly ADD node_modules/color-name
746 silly ADD node_modules/color-convert
747 silly ADD node_modules/chalk
748 silly ADD node_modules/caniuse-lite
749 silly ADD node_modules/callsites
750 silly ADD node_modules/browserslist
751 silly ADD node_modules/braces
752 silly ADD node_modules/brace-expansion
753 silly ADD node_modules/baseline-browser-mapping
754 silly ADD node_modules/balanced-match
755 silly ADD node_modules/argparse
756 silly ADD node_modules/ansi-styles
757 silly ADD node_modules/ajv
758 silly ADD node_modules/acorn-jsx
759 silly ADD node_modules/acorn
760 silly ADD node_modules/@vitejs/plugin-react
761 silly ADD node_modules/@typescript-eslint/visitor-keys
762 silly ADD node_modules/@typescript-eslint/utils
763 silly ADD node_modules/@typescript-eslint/typescript-estree
764 silly ADD node_modules/@typescript-eslint/typescript-estree/node_modules/semver
765 silly ADD node_modules/@typescript-eslint/typescript-estree/node_modules/minimatch
766 silly ADD node_modules/@typescript-eslint/typescript-estree/node_modules/brace-expansion
767 silly ADD node_modules/@typescript-eslint/types
768 silly ADD node_modules/@typescript-eslint/type-utils
769 silly ADD node_modules/@typescript-eslint/tsconfig-utils
770 silly ADD node_modules/@typescript-eslint/scope-manager
771 silly ADD node_modules/@typescript-eslint/project-service
772 silly ADD node_modules/@typescript-eslint/parser
773 silly ADD node_modules/@typescript-eslint/eslint-plugin
774 silly ADD node_modules/@typescript-eslint/eslint-plugin/node_modules/ignore
775 silly ADD node_modules/@types/react-dom
776 silly ADD node_modules/@types/react
777 silly ADD node_modules/@types/json-schema
778 silly ADD node_modules/@types/estree
779 silly ADD node_modules/@types/babel__traverse
780 silly ADD node_modules/@types/babel__template
781 silly ADD node_modules/@types/babel__generator
782 silly ADD node_modules/@types/babel__core
783 silly ADD
784 silly ADD
785 silly ADD
786 silly ADD
787 silly ADD
788 silly ADD
789 silly ADD
790 silly ADD
791 silly ADD
792 silly ADD
793 silly ADD
794 silly ADD
795 silly ADD
796 silly ADD
797 silly ADD
798 silly ADD
799 silly ADD
800 silly ADD
801 silly ADD node_modules/@rollup/rollup-darwin-arm64
802 silly ADD
803 silly ADD
804 silly ADD node_modules/@rolldown/pluginutils
805 silly ADD node_modules/@nodelib/fs.walk
806 silly ADD node_modules/@nodelib/fs.stat
807 silly ADD node_modules/@nodelib/fs.scandir
808 silly ADD node_modules/@jridgewell/trace-mapping
809 silly ADD node_modules/@jridgewell/sourcemap-codec
810 silly ADD node_modules/@jridgewell/resolve-uri
811 silly ADD node_modules/@jridgewell/remapping
812 silly ADD node_modules/@jridgewell/gen-mapping
813 silly ADD node_modules/@humanwhocodes/retry
814 silly ADD node_modules/@humanwhocodes/module-importer
815 silly ADD node_modules/@humanfs/node
816 silly ADD node_modules/@humanfs/core
817 silly ADD node_modules/@eslint/plugin-kit
818 silly ADD node_modules/@eslint/object-schema
819 silly ADD node_modules/@eslint/js
820 silly ADD node_modules/@eslint/eslintrc
821 silly ADD node_modules/@eslint/eslintrc/node_modules/globals
822 silly ADD node_modules/@eslint/core
823 silly ADD node_modules/@eslint/config-helpers
824 silly ADD node_modules/@eslint/config-array
825 silly ADD node_modules/@eslint-community/regexpp
826 silly ADD node_modules/@eslint-community/eslint-utils
827 silly ADD node_modules/@eslint-community/eslint-utils/node_modules/eslint-visitor-keys
828 silly ADD
829 silly ADD
830 silly ADD
831 silly ADD
832 silly ADD
833 silly ADD
834 silly ADD
835 silly ADD
836 silly ADD
837 silly ADD
838 silly ADD
839 silly ADD
840 silly ADD
841 silly ADD
842 silly ADD
843 silly ADD
844 silly ADD
845 silly ADD
846 silly ADD
847 silly ADD
848 silly ADD
849 silly ADD node_modules/@esbuild/darwin-arm64
850 silly ADD
851 silly ADD
852 silly ADD
853 silly ADD
854 silly ADD node_modules/@babel/types
855 silly ADD node_modules/@babel/traverse
856 silly ADD node_modules/@babel/template
857 silly ADD node_modules/@babel/plugin-transform-react-jsx-source
858 silly ADD node_modules/@babel/plugin-transform-react-jsx-self
859 silly ADD node_modules/@babel/parser
860 silly ADD node_modules/@babel/helpers
861 silly ADD node_modules/@babel/helper-validator-option
862 silly ADD node_modules/@babel/helper-validator-identifier
863 silly ADD node_modules/@babel/helper-string-parser
864 silly ADD node_modules/@babel/helper-plugin-utils
865 silly ADD node_modules/@babel/helper-module-transforms
866 silly ADD node_modules/@babel/helper-module-imports
867 silly ADD node_modules/@babel/helper-globals
868 silly ADD node_modules/@babel/helper-compilation-targets
869 silly ADD node_modules/@babel/generator
870 silly ADD node_modules/@babel/core
871 silly ADD node_modules/@babel/compat-data
872 silly ADD node_modules/@babel/code-frame
873 verbose cwd /Users/denisdobrovolskii/Developer/eNPS/eNPSBot/client
874 verbose os Darwin 24.6.0
875 verbose node v23.5.0
876 verbose npm  v10.9.2
877 verbose exit 0
878 info ok
