0 verbose cli /opt/homebrew/Cellar/node/23.5.0/bin/node /opt/homebrew/bin/npm
1 info using npm@10.9.2
2 info using node@v23.5.0
3 silly config load:file:/opt/homebrew/lib/node_modules/npm/npmrc
4 silly config load:file:/Users/denisdobrovolskii/Developer/eNPS/eNPSBot/.npmrc
5 silly config load:file:/Users/denisdobrovolskii/.npmrc
6 silly config load:file:/opt/homebrew/etc/npmrc
7 verbose title npm install
8 verbose argv "install"
9 verbose logfile logs-max:10 dir:/Users/denisdobrovolskii/Developer/eNPS/eNPSBot/.npm-cache/_logs/2025-09-19T12_08_47_967Z-
10 verbose logfile /Users/denisdobrovolskii/Developer/eNPS/eNPSBot/.npm-cache/_logs/2025-09-19T12_08_47_967Z-debug-0.log
11 silly logfile done cleaning log files
12 silly packumentCache heap:4345298944 maxSize:1086324736 maxEntrySize:543162368
13 http fetch GET https://registry.npmjs.org/npm attempt 1 failed with ENOTFOUND
14 silly idealTree buildDeps
15 silly reify mark retired [
15 silly reify   '/Users/denisdobrovolskii/Developer/eNPS/eNPSBot/node_modules/accepts'
15 silly reify ]
16 silly reify mark retired [
16 silly reify   '/Users/denisdobrovolskii/Developer/eNPS/eNPSBot/node_modules/acorn'
16 silly reify ]
17 silly reify mark retired [ '/Users/denisdobrovolskii/Developer/eNPS/eNPSBot/node_modules/arg' ]
18 silly reify mark retired [
18 silly reify   '/Users/denisdobrovolskii/Developer/eNPS/eNPSBot/node_modules/better-sqlite3'
18 silly reify ]
19 silly reify mark retired [
19 silly reify   '/Users/denisdobrovolskii/Developer/eNPS/eNPSBot/node_modules/bindings'
19 silly reify ]
20 silly reify mark retired [ '/Users/denisdobrovolskii/Developer/eNPS/eNPSBot/node_modules/bl' ]
21 silly reify mark retired [
21 silly reify   '/Users/denisdobrovolskii/Developer/eNPS/eNPSBot/node_modules/body-parser'
21 silly reify ]
22 silly reify mark retired [
22 silly reify   '/Users/denisdobrovolskii/Developer/eNPS/eNPSBot/node_modules/brace-expansion'
22 silly reify ]
23 silly reify mark retired [
23 silly reify   '/Users/denisdobrovolskii/Developer/eNPS/eNPSBot/node_modules/chownr'
23 silly reify ]
24 silly reify mark retired [
24 silly reify   '/Users/denisdobrovolskii/Developer/eNPS/eNPSBot/node_modules/content-disposition'
24 silly reify ]
25 silly reify mark retired [
25 silly reify   '/Users/denisdobrovolskii/Developer/eNPS/eNPSBot/node_modules/content-type'
25 silly reify ]
26 silly reify mark retired [ '/Users/denisdobrovolskii/Developer/eNPS/eNPSBot/node_modules/cors' ]
27 silly reify mark retired [
27 silly reify   '/Users/denisdobrovolskii/Developer/eNPS/eNPSBot/node_modules/create-require'
27 silly reify ]
28 silly reify mark retired [
28 silly reify   '/Users/denisdobrovolskii/Developer/eNPS/eNPSBot/node_modules/decompress-response'
28 silly reify ]
29 silly reify mark retired [
29 silly reify   '/Users/denisdobrovolskii/Developer/eNPS/eNPSBot/node_modules/detect-libc'
29 silly reify ]
30 silly reify mark retired [ '/Users/denisdobrovolskii/Developer/eNPS/eNPSBot/node_modules/diff' ]
31 silly reify mark retired [
31 silly reify   '/Users/denisdobrovolskii/Developer/eNPS/eNPSBot/node_modules/dotenv'
31 silly reify ]
32 silly reify mark retired [
32 silly reify   '/Users/denisdobrovolskii/Developer/eNPS/eNPSBot/node_modules/dynamic-dedupe'
32 silly reify ]
33 silly reify mark retired [
33 silly reify   '/Users/denisdobrovolskii/Developer/eNPS/eNPSBot/node_modules/end-of-stream'
33 silly reify ]
34 silly reify mark retired [
34 silly reify   '/Users/denisdobrovolskii/Developer/eNPS/eNPSBot/node_modules/expand-template'
34 silly reify ]
35 silly reify mark retired [
35 silly reify   '/Users/denisdobrovolskii/Developer/eNPS/eNPSBot/node_modules/express'
35 silly reify ]
36 silly reify mark retired [
36 silly reify   '/Users/denisdobrovolskii/Developer/eNPS/eNPSBot/node_modules/file-uri-to-path'
36 silly reify ]
37 silly reify mark retired [
37 silly reify   '/Users/denisdobrovolskii/Developer/eNPS/eNPSBot/node_modules/finalhandler'
37 silly reify ]
38 silly reify mark retired [
38 silly reify   '/Users/denisdobrovolskii/Developer/eNPS/eNPSBot/node_modules/forwarded'
38 silly reify ]
39 silly reify mark retired [
39 silly reify   '/Users/denisdobrovolskii/Developer/eNPS/eNPSBot/node_modules/fresh'
39 silly reify ]
40 silly reify mark retired [
40 silly reify   '/Users/denisdobrovolskii/Developer/eNPS/eNPSBot/node_modules/fs-constants'
40 silly reify ]
41 silly reify mark retired [
41 silly reify   '/Users/denisdobrovolskii/Developer/eNPS/eNPSBot/node_modules/github-from-package'
41 silly reify ]
42 silly reify mark retired [
42 silly reify   '/Users/denisdobrovolskii/Developer/eNPS/eNPSBot/node_modules/is-promise'
42 silly reify ]
43 silly reify mark retired [
43 silly reify   '/Users/denisdobrovolskii/Developer/eNPS/eNPSBot/node_modules/make-error'
43 silly reify ]
44 silly reify mark retired [
44 silly reify   '/Users/denisdobrovolskii/Developer/eNPS/eNPSBot/node_modules/media-typer'
44 silly reify ]
45 silly reify mark retired [
45 silly reify   '/Users/denisdobrovolskii/Developer/eNPS/eNPSBot/node_modules/merge-descriptors'
45 silly reify ]
46 silly reify mark retired [
46 silly reify   '/Users/denisdobrovolskii/Developer/eNPS/eNPSBot/node_modules/mime-types'
46 silly reify ]
47 silly reify mark retired [
47 silly reify   '/Users/denisdobrovolskii/Developer/eNPS/eNPSBot/node_modules/mimic-response'
47 silly reify ]
48 silly reify mark retired [
48 silly reify   '/Users/denisdobrovolskii/Developer/eNPS/eNPSBot/node_modules/mkdirp-classic'
48 silly reify ]
49 silly reify mark retired [
49 silly reify   '/Users/denisdobrovolskii/Developer/eNPS/eNPSBot/node_modules/napi-build-utils'
49 silly reify ]
50 silly reify mark retired [
50 silly reify   '/Users/denisdobrovolskii/Developer/eNPS/eNPSBot/node_modules/negotiator'
50 silly reify ]
51 silly reify mark retired [
51 silly reify   '/Users/denisdobrovolskii/Developer/eNPS/eNPSBot/node_modules/node-abi'
51 silly reify ]
52 silly reify mark retired [
52 silly reify   '/Users/denisdobrovolskii/Developer/eNPS/eNPSBot/node_modules/path-to-regexp'
52 silly reify ]
53 silly reify mark retired [
53 silly reify   '/Users/denisdobrovolskii/Developer/eNPS/eNPSBot/node_modules/prebuild-install'
53 silly reify ]
54 silly reify mark retired [
54 silly reify   '/Users/denisdobrovolskii/Developer/eNPS/eNPSBot/node_modules/proxy-addr'
54 silly reify ]
55 silly reify mark retired [ '/Users/denisdobrovolskii/Developer/eNPS/eNPSBot/node_modules/pump' ]
56 silly reify mark retired [
56 silly reify   '/Users/denisdobrovolskii/Developer/eNPS/eNPSBot/node_modules/raw-body'
56 silly reify ]
57 silly reify mark retired [
57 silly reify   '/Users/denisdobrovolskii/Developer/eNPS/eNPSBot/node_modules/readable-stream'
57 silly reify ]
58 silly reify mark retired [
58 silly reify   '/Users/denisdobrovolskii/Developer/eNPS/eNPSBot/node_modules/rimraf'
58 silly reify ]
59 silly reify mark retired [
59 silly reify   '/Users/denisdobrovolskii/Developer/eNPS/eNPSBot/node_modules/router'
59 silly reify ]
60 silly reify mark retired [
60 silly reify   '/Users/denisdobrovolskii/Developer/eNPS/eNPSBot/node_modules/semver'
60 silly reify ]
61 silly reify mark retired [ '/Users/denisdobrovolskii/Developer/eNPS/eNPSBot/node_modules/send' ]
62 silly reify mark retired [
62 silly reify   '/Users/denisdobrovolskii/Developer/eNPS/eNPSBot/node_modules/serve-static'
62 silly reify ]
63 silly reify mark retired [
63 silly reify   '/Users/denisdobrovolskii/Developer/eNPS/eNPSBot/node_modules/simple-concat'
63 silly reify ]
64 silly reify mark retired [
64 silly reify   '/Users/denisdobrovolskii/Developer/eNPS/eNPSBot/node_modules/simple-get'
64 silly reify ]
65 silly reify mark retired [
65 silly reify   '/Users/denisdobrovolskii/Developer/eNPS/eNPSBot/node_modules/statuses'
65 silly reify ]
66 silly reify mark retired [
66 silly reify   '/Users/denisdobrovolskii/Developer/eNPS/eNPSBot/node_modules/tar-fs'
66 silly reify ]
67 silly reify mark retired [
67 silly reify   '/Users/denisdobrovolskii/Developer/eNPS/eNPSBot/node_modules/tar-stream'
67 silly reify ]
68 silly reify mark retired [
68 silly reify   '/Users/denisdobrovolskii/Developer/eNPS/eNPSBot/node_modules/tree-kill'
68 silly reify ]
69 silly reify mark retired [
69 silly reify   '/Users/denisdobrovolskii/Developer/eNPS/eNPSBot/node_modules/ts-node'
69 silly reify ]
70 silly reify mark retired [
70 silly reify   '/Users/denisdobrovolskii/Developer/eNPS/eNPSBot/node_modules/ts-node-dev'
70 silly reify ]
71 silly reify mark retired [
71 silly reify   '/Users/denisdobrovolskii/Developer/eNPS/eNPSBot/node_modules/tsconfig'
71 silly reify ]
72 silly reify mark retired [
72 silly reify   '/Users/denisdobrovolskii/Developer/eNPS/eNPSBot/node_modules/tunnel-agent'
72 silly reify ]
73 silly reify mark retired [
73 silly reify   '/Users/denisdobrovolskii/Developer/eNPS/eNPSBot/node_modules/type-is'
73 silly reify ]
74 silly reify mark retired [
74 silly reify   '/Users/denisdobrovolskii/Developer/eNPS/eNPSBot/node_modules/typescript'
74 silly reify ]
75 silly reify mark retired [
75 silly reify   '/Users/denisdobrovolskii/Developer/eNPS/eNPSBot/node_modules/undici-types'
75 silly reify ]
76 silly reify mark retired [
76 silly reify   '/Users/denisdobrovolskii/Developer/eNPS/eNPSBot/node_modules/v8-compile-cache-lib'
76 silly reify ]
77 silly reify mark retired [ '/Users/denisdobrovolskii/Developer/eNPS/eNPSBot/node_modules/yn' ]
78 silly reify mark retired [ '/Users/denisdobrovolskii/Developer/eNPS/eNPSBot/node_modules/zod' ]
79 silly reify mark retired [
79 silly reify   '/Users/denisdobrovolskii/Developer/eNPS/eNPSBot/node_modules/@cspotcode/source-map-support'
79 silly reify ]
80 silly reify mark retired [
80 silly reify   '/Users/denisdobrovolskii/Developer/eNPS/eNPSBot/node_modules/@jridgewell/sourcemap-codec'
80 silly reify ]
81 silly reify mark retired [
81 silly reify   '/Users/denisdobrovolskii/Developer/eNPS/eNPSBot/node_modules/@jridgewell/trace-mapping'
81 silly reify ]
82 silly reify mark retired [
82 silly reify   '/Users/denisdobrovolskii/Developer/eNPS/eNPSBot/node_modules/@tsconfig/node10'
82 silly reify ]
83 silly reify mark retired [
83 silly reify   '/Users/denisdobrovolskii/Developer/eNPS/eNPSBot/node_modules/@tsconfig/node12'
83 silly reify ]
84 silly reify mark retired [
84 silly reify   '/Users/denisdobrovolskii/Developer/eNPS/eNPSBot/node_modules/@tsconfig/node14'
84 silly reify ]
85 silly reify mark retired [
85 silly reify   '/Users/denisdobrovolskii/Developer/eNPS/eNPSBot/node_modules/@tsconfig/node16'
85 silly reify ]
86 silly reify mark retired [
86 silly reify   '/Users/denisdobrovolskii/Developer/eNPS/eNPSBot/node_modules/@types/better-sqlite3'
86 silly reify ]
87 silly reify mark retired [
87 silly reify   '/Users/denisdobrovolskii/Developer/eNPS/eNPSBot/node_modules/@types/body-parser'
87 silly reify ]
88 silly reify mark retired [
88 silly reify   '/Users/denisdobrovolskii/Developer/eNPS/eNPSBot/node_modules/@types/connect'
88 silly reify ]
89 silly reify mark retired [
89 silly reify   '/Users/denisdobrovolskii/Developer/eNPS/eNPSBot/node_modules/@types/cors'
89 silly reify ]
90 silly reify mark retired [
90 silly reify   '/Users/denisdobrovolskii/Developer/eNPS/eNPSBot/node_modules/@types/express'
90 silly reify ]
91 silly reify mark retired [
91 silly reify   '/Users/denisdobrovolskii/Developer/eNPS/eNPSBot/node_modules/@types/express-serve-static-core'
91 silly reify ]
92 silly reify mark retired [
92 silly reify   '/Users/denisdobrovolskii/Developer/eNPS/eNPSBot/node_modules/@types/http-errors'
92 silly reify ]
93 silly reify mark retired [
93 silly reify   '/Users/denisdobrovolskii/Developer/eNPS/eNPSBot/node_modules/@types/mime'
93 silly reify ]
94 silly reify mark retired [
94 silly reify   '/Users/denisdobrovolskii/Developer/eNPS/eNPSBot/node_modules/@types/node'
94 silly reify ]
95 silly reify mark retired [
95 silly reify   '/Users/denisdobrovolskii/Developer/eNPS/eNPSBot/node_modules/@types/qs'
95 silly reify ]
96 silly reify mark retired [
96 silly reify   '/Users/denisdobrovolskii/Developer/eNPS/eNPSBot/node_modules/@types/range-parser'
96 silly reify ]
97 silly reify mark retired [
97 silly reify   '/Users/denisdobrovolskii/Developer/eNPS/eNPSBot/node_modules/@types/send'
97 silly reify ]
98 silly reify mark retired [
98 silly reify   '/Users/denisdobrovolskii/Developer/eNPS/eNPSBot/node_modules/@types/serve-static'
98 silly reify ]
99 silly reify mark retired [
99 silly reify   '/Users/denisdobrovolskii/Developer/eNPS/eNPSBot/node_modules/@types/strip-bom'
99 silly reify ]
100 silly reify mark retired [
100 silly reify   '/Users/denisdobrovolskii/Developer/eNPS/eNPSBot/node_modules/@types/strip-json-comments'
100 silly reify ]
101 silly reify mark retired [
101 silly reify   '/Users/denisdobrovolskii/Developer/eNPS/eNPSBot/node_modules/mkdirp',
101 silly reify   '/Users/denisdobrovolskii/Developer/eNPS/eNPSBot/node_modules/.bin/mkdirp'
101 silly reify ]
102 silly reify mark retired [
102 silly reify   '/Users/denisdobrovolskii/Developer/eNPS/eNPSBot/node_modules/rc',
102 silly reify   '/Users/denisdobrovolskii/Developer/eNPS/eNPSBot/node_modules/.bin/rc'
102 silly reify ]
103 silly reify mark retired [
103 silly reify   '/Users/denisdobrovolskii/Developer/eNPS/eNPSBot/node_modules/resolve',
103 silly reify   '/Users/denisdobrovolskii/Developer/eNPS/eNPSBot/node_modules/.bin/resolve'
103 silly reify ]
104 silly reify moves {
104 silly reify   '/Users/denisdobrovolskii/Developer/eNPS/eNPSBot/node_modules/accepts': '/Users/denisdobrovolskii/Developer/eNPS/eNPSBot/node_modules/.accepts-3GsI3YdM',
104 silly reify   '/Users/denisdobrovolskii/Developer/eNPS/eNPSBot/node_modules/acorn': '/Users/denisdobrovolskii/Developer/eNPS/eNPSBot/node_modules/.acorn-wN96EROQ',
104 silly reify   '/Users/denisdobrovolskii/Developer/eNPS/eNPSBot/node_modules/arg': '/Users/denisdobrovolskii/Developer/eNPS/eNPSBot/node_modules/.arg-APEDGX6l',
104 silly reify   '/Users/denisdobrovolskii/Developer/eNPS/eNPSBot/node_modules/better-sqlite3': '/Users/denisdobrovolskii/Developer/eNPS/eNPSBot/node_modules/.better-sqlite3-MofzcP1B',
104 silly reify   '/Users/denisdobrovolskii/Developer/eNPS/eNPSBot/node_modules/bindings': '/Users/denisdobrovolskii/Developer/eNPS/eNPSBot/node_modules/.bindings-Za7La9jr',
104 silly reify   '/Users/denisdobrovolskii/Developer/eNPS/eNPSBot/node_modules/bl': '/Users/denisdobrovolskii/Developer/eNPS/eNPSBot/node_modules/.bl-wL2B3XAD',
104 silly reify   '/Users/denisdobrovolskii/Developer/eNPS/eNPSBot/node_modules/body-parser': '/Users/denisdobrovolskii/Developer/eNPS/eNPSBot/node_modules/.body-parser-dpbocl6K',
104 silly reify   '/Users/denisdobrovolskii/Developer/eNPS/eNPSBot/node_modules/brace-expansion': '/Users/denisdobrovolskii/Developer/eNPS/eNPSBot/node_modules/.brace-expansion-ykIjUZFw',
104 silly reify   '/Users/denisdobrovolskii/Developer/eNPS/eNPSBot/node_modules/chownr': '/Users/denisdobrovolskii/Developer/eNPS/eNPSBot/node_modules/.chownr-vJWqc0B9',
104 silly reify   '/Users/denisdobrovolskii/Developer/eNPS/eNPSBot/node_modules/content-disposition': '/Users/denisdobrovolskii/Developer/eNPS/eNPSBot/node_modules/.content-disposition-1biSbIIS',
104 silly reify   '/Users/denisdobrovolskii/Developer/eNPS/eNPSBot/node_modules/content-type': '/Users/denisdobrovolskii/Developer/eNPS/eNPSBot/node_modules/.content-type-rqeA2o7C',
104 silly reify   '/Users/denisdobrovolskii/Developer/eNPS/eNPSBot/node_modules/cors': '/Users/denisdobrovolskii/Developer/eNPS/eNPSBot/node_modules/.cors-jSVJL8Lf',
104 silly reify   '/Users/denisdobrovolskii/Developer/eNPS/eNPSBot/node_modules/create-require': '/Users/denisdobrovolskii/Developer/eNPS/eNPSBot/node_modules/.create-require-rkXOYYlb',
104 silly reify   '/Users/denisdobrovolskii/Developer/eNPS/eNPSBot/node_modules/decompress-response': '/Users/denisdobrovolskii/Developer/eNPS/eNPSBot/node_modules/.decompress-response-iaKLp3je',
104 silly reify   '/Users/denisdobrovolskii/Developer/eNPS/eNPSBot/node_modules/detect-libc': '/Users/denisdobrovolskii/Developer/eNPS/eNPSBot/node_modules/.detect-libc-mbZyJQQh',
104 silly reify   '/Users/denisdobrovolskii/Developer/eNPS/eNPSBot/node_modules/diff': '/Users/denisdobrovolskii/Developer/eNPS/eNPSBot/node_modules/.diff-Wma2oA0D',
104 silly reify   '/Users/denisdobrovolskii/Developer/eNPS/eNPSBot/node_modules/dotenv': '/Users/denisdobrovolskii/Developer/eNPS/eNPSBot/node_modules/.dotenv-s0LFDBph',
104 silly reify   '/Users/denisdobrovolskii/Developer/eNPS/eNPSBot/node_modules/dynamic-dedupe': '/Users/denisdobrovolskii/Developer/eNPS/eNPSBot/node_modules/.dynamic-dedupe-BxXm5sQq',
104 silly reify   '/Users/denisdobrovolskii/Developer/eNPS/eNPSBot/node_modules/end-of-stream': '/Users/denisdobrovolskii/Developer/eNPS/eNPSBot/node_modules/.end-of-stream-Fnl6kHoT',
104 silly reify   '/Users/denisdobrovolskii/Developer/eNPS/eNPSBot/node_modules/expand-template': '/Users/denisdobrovolskii/Developer/eNPS/eNPSBot/node_modules/.expand-template-VXxwGWfL',
104 silly reify   '/Users/denisdobrovolskii/Developer/eNPS/eNPSBot/node_modules/express': '/Users/denisdobrovolskii/Developer/eNPS/eNPSBot/node_modules/.express-j6b2vJFf',
104 silly reify   '/Users/denisdobrovolskii/Developer/eNPS/eNPSBot/node_modules/file-uri-to-path': '/Users/denisdobrovolskii/Developer/eNPS/eNPSBot/node_modules/.file-uri-to-path-lkOF1FDD',
104 silly reify   '/Users/denisdobrovolskii/Developer/eNPS/eNPSBot/node_modules/finalhandler': '/Users/denisdobrovolskii/Developer/eNPS/eNPSBot/node_modules/.finalhandler-G4uV7bX3',
104 silly reify   '/Users/denisdobrovolskii/Developer/eNPS/eNPSBot/node_modules/forwarded': '/Users/denisdobrovolskii/Developer/eNPS/eNPSBot/node_modules/.forwarded-v1GUGxRy',
104 silly reify   '/Users/denisdobrovolskii/Developer/eNPS/eNPSBot/node_modules/fresh': '/Users/denisdobrovolskii/Developer/eNPS/eNPSBot/node_modules/.fresh-H7TBhdCD',
104 silly reify   '/Users/denisdobrovolskii/Developer/eNPS/eNPSBot/node_modules/fs-constants': '/Users/denisdobrovolskii/Developer/eNPS/eNPSBot/node_modules/.fs-constants-sHMmgXPK',
104 silly reify   '/Users/denisdobrovolskii/Developer/eNPS/eNPSBot/node_modules/github-from-package': '/Users/denisdobrovolskii/Developer/eNPS/eNPSBot/node_modules/.github-from-package-VnLKoFhF',
104 silly reify   '/Users/denisdobrovolskii/Developer/eNPS/eNPSBot/node_modules/is-promise': '/Users/denisdobrovolskii/Developer/eNPS/eNPSBot/node_modules/.is-promise-bVi52RwK',
104 silly reify   '/Users/denisdobrovolskii/Developer/eNPS/eNPSBot/node_modules/make-error': '/Users/denisdobrovolskii/Developer/eNPS/eNPSBot/node_modules/.make-error-LPfIHX76',
104 silly reify   '/Users/denisdobrovolskii/Developer/eNPS/eNPSBot/node_modules/media-typer': '/Users/denisdobrovolskii/Developer/eNPS/eNPSBot/node_modules/.media-typer-eZeUYvh9',
104 silly reify   '/Users/denisdobrovolskii/Developer/eNPS/eNPSBot/node_modules/merge-descriptors': '/Users/denisdobrovolskii/Developer/eNPS/eNPSBot/node_modules/.merge-descriptors-LyL2cQGj',
104 silly reify   '/Users/denisdobrovolskii/Developer/eNPS/eNPSBot/node_modules/mime-types': '/Users/denisdobrovolskii/Developer/eNPS/eNPSBot/node_modules/.mime-types-U0gGKUpq',
104 silly reify   '/Users/denisdobrovolskii/Developer/eNPS/eNPSBot/node_modules/mimic-response': '/Users/denisdobrovolskii/Developer/eNPS/eNPSBot/node_modules/.mimic-response-YKk26dnC',
104 silly reify   '/Users/denisdobrovolskii/Developer/eNPS/eNPSBot/node_modules/mkdirp-classic': '/Users/denisdobrovolskii/Developer/eNPS/eNPSBot/node_modules/.mkdirp-classic-u2DkSXWZ',
104 silly reify   '/Users/denisdobrovolskii/Developer/eNPS/eNPSBot/node_modules/napi-build-utils': '/Users/denisdobrovolskii/Developer/eNPS/eNPSBot/node_modules/.napi-build-utils-xwbV18zX',
104 silly reify   '/Users/denisdobrovolskii/Developer/eNPS/eNPSBot/node_modules/negotiator': '/Users/denisdobrovolskii/Developer/eNPS/eNPSBot/node_modules/.negotiator-X578OzzR',
104 silly reify   '/Users/denisdobrovolskii/Developer/eNPS/eNPSBot/node_modules/node-abi': '/Users/denisdobrovolskii/Developer/eNPS/eNPSBot/node_modules/.node-abi-BETm3v7c',
104 silly reify   '/Users/denisdobrovolskii/Developer/eNPS/eNPSBot/node_modules/path-to-regexp': '/Users/denisdobrovolskii/Developer/eNPS/eNPSBot/node_modules/.path-to-regexp-Y69PMXi3',
104 silly reify   '/Users/denisdobrovolskii/Developer/eNPS/eNPSBot/node_modules/prebuild-install': '/Users/denisdobrovolskii/Developer/eNPS/eNPSBot/node_modules/.prebuild-install-8dP9eW6u',
104 silly reify   '/Users/denisdobrovolskii/Developer/eNPS/eNPSBot/node_modules/proxy-addr': '/Users/denisdobrovolskii/Developer/eNPS/eNPSBot/node_modules/.proxy-addr-qyj7J44d',
104 silly reify   '/Users/denisdobrovolskii/Developer/eNPS/eNPSBot/node_modules/pump': '/Users/denisdobrovolskii/Developer/eNPS/eNPSBot/node_modules/.pump-oNsP5xX3',
104 silly reify   '/Users/denisdobrovolskii/Developer/eNPS/eNPSBot/node_modules/raw-body': '/Users/denisdobrovolskii/Developer/eNPS/eNPSBot/node_modules/.raw-body-RyzjetNS',
104 silly reify   '/Users/denisdobrovolskii/Developer/eNPS/eNPSBot/node_modules/readable-stream': '/Users/denisdobrovolskii/Developer/eNPS/eNPSBot/node_modules/.readable-stream-9toqLTGL',
104 silly reify   '/Users/denisdobrovolskii/Developer/eNPS/eNPSBot/node_modules/rimraf': '/Users/denisdobrovolskii/Developer/eNPS/eNPSBot/node_modules/.rimraf-IWYJAim1',
104 silly reify   '/Users/denisdobrovolskii/Developer/eNPS/eNPSBot/node_modules/router': '/Users/denisdobrovolskii/Developer/eNPS/eNPSBot/node_modules/.router-DQtfbjxe',
104 silly reify   '/Users/denisdobrovolskii/Developer/eNPS/eNPSBot/node_modules/semver': '/Users/denisdobrovolskii/Developer/eNPS/eNPSBot/node_modules/.semver-lyDoPJ89',
104 silly reify   '/Users/denisdobrovolskii/Developer/eNPS/eNPSBot/node_modules/send': '/Users/denisdobrovolskii/Developer/eNPS/eNPSBot/node_modules/.send-OnoCQjxa',
104 silly reify   '/Users/denisdobrovolskii/Developer/eNPS/eNPSBot/node_modules/serve-static': '/Users/denisdobrovolskii/Developer/eNPS/eNPSBot/node_modules/.serve-static-okaXZqSD',
104 silly reify   '/Users/denisdobrovolskii/Developer/eNPS/eNPSBot/node_modules/simple-concat': '/Users/denisdobrovolskii/Developer/eNPS/eNPSBot/node_modules/.simple-concat-bXZQLkCZ',
104 silly reify   '/Users/denisdobrovolskii/Developer/eNPS/eNPSBot/node_modules/simple-get': '/Users/denisdobrovolskii/Developer/eNPS/eNPSBot/node_modules/.simple-get-kppOkrdx',
104 silly reify   '/Users/denisdobrovolskii/Developer/eNPS/eNPSBot/node_modules/statuses': '/Users/denisdobrovolskii/Developer/eNPS/eNPSBot/node_modules/.statuses-u2tEUenE',
104 silly reify   '/Users/denisdobrovolskii/Developer/eNPS/eNPSBot/node_modules/tar-fs': '/Users/denisdobrovolskii/Developer/eNPS/eNPSBot/node_modules/.tar-fs-00WOu9Ot',
104 silly reify   '/Users/denisdobrovolskii/Developer/eNPS/eNPSBot/node_modules/tar-stream': '/Users/denisdobrovolskii/Developer/eNPS/eNPSBot/node_modules/.tar-stream-tXWoJgFC',
104 silly reify   '/Users/denisdobrovolskii/Developer/eNPS/eNPSBot/node_modules/tree-kill': '/Users/denisdobrovolskii/Developer/eNPS/eNPSBot/node_modules/.tree-kill-2DWGeEXN',
104 silly reify   '/Users/denisdobrovolskii/Developer/eNPS/eNPSBot/node_modules/ts-node': '/Users/denisdobrovolskii/Developer/eNPS/eNPSBot/node_modules/.ts-node-WD1UTwkH',
104 silly reify   '/Users/denisdobrovolskii/Developer/eNPS/eNPSBot/node_modules/ts-node-dev': '/Users/denisdobrovolskii/Developer/eNPS/eNPSBot/node_modules/.ts-node-dev-0VXoYoQ6',
104 silly reify   '/Users/denisdobrovolskii/Developer/eNPS/eNPSBot/node_modules/tsconfig': '/Users/denisdobrovolskii/Developer/eNPS/eNPSBot/node_modules/.tsconfig-O3j0Gvh3',
104 silly reify   '/Users/denisdobrovolskii/Developer/eNPS/eNPSBot/node_modules/tunnel-agent': '/Users/denisdobrovolskii/Developer/eNPS/eNPSBot/node_modules/.tunnel-agent-qIdhtQNz',
104 silly reify   '/Users/denisdobrovolskii/Developer/eNPS/eNPSBot/node_modules/type-is': '/Users/denisdobrovolskii/Developer/eNPS/eNPSBot/node_modules/.type-is-dOwK4O4R',
104 silly reify   '/Users/denisdobrovolskii/Developer/eNPS/eNPSBot/node_modules/typescript': '/Users/denisdobrovolskii/Developer/eNPS/eNPSBot/node_modules/.typescript-KkJ6EwCa',
104 silly reify   '/Users/denisdobrovolskii/Developer/eNPS/eNPSBot/node_modules/undici-types': '/Users/denisdobrovolskii/Developer/eNPS/eNPSBot/node_modules/.undici-types-CnydKM3y',
104 silly reify   '/Users/denisdobrovolskii/Developer/eNPS/eNPSBot/node_modules/v8-compile-cache-lib': '/Users/denisdobrovolskii/Developer/eNPS/eNPSBot/node_modules/.v8-compile-cache-lib-c8QnWrWZ',
104 silly reify   '/Users/denisdobrovolskii/Developer/eNPS/eNPSBot/node_modules/yn': '/Users/denisdobrovolskii/Developer/eNPS/eNPSBot/node_modules/.yn-xcFeaS5L',
104 silly reify   '/Users/denisdobrovolskii/Developer/eNPS/eNPSBot/node_modules/zod': '/Users/denisdobrovolskii/Developer/eNPS/eNPSBot/node_modules/.zod-pT8c4auh',
104 silly reify   '/Users/denisdobrovolskii/Developer/eNPS/eNPSBot/node_modules/@cspotcode/source-map-support': '/Users/denisdobrovolskii/Developer/eNPS/eNPSBot/node_modules/@cspotcode/.source-map-support-sMOxT6qK',
104 silly reify   '/Users/denisdobrovolskii/Developer/eNPS/eNPSBot/node_modules/@jridgewell/sourcemap-codec': '/Users/denisdobrovolskii/Developer/eNPS/eNPSBot/node_modules/@jridgewell/.sourcemap-codec-qQVZV9K6',
104 silly reify   '/Users/denisdobrovolskii/Developer/eNPS/eNPSBot/node_modules/@jridgewell/trace-mapping': '/Users/denisdobrovolskii/Developer/eNPS/eNPSBot/node_modules/@jridgewell/.trace-mapping-eOByEQH9',
104 silly reify   '/Users/denisdobrovolskii/Developer/eNPS/eNPSBot/node_modules/@tsconfig/node10': '/Users/denisdobrovolskii/Developer/eNPS/eNPSBot/node_modules/@tsconfig/.node10-CZQeFDPC',
104 silly reify   '/Users/denisdobrovolskii/Developer/eNPS/eNPSBot/node_modules/@tsconfig/node12': '/Users/denisdobrovolskii/Developer/eNPS/eNPSBot/node_modules/@tsconfig/.node12-kPXEJCTY',
104 silly reify   '/Users/denisdobrovolskii/Developer/eNPS/eNPSBot/node_modules/@tsconfig/node14': '/Users/denisdobrovolskii/Developer/eNPS/eNPSBot/node_modules/@tsconfig/.node14-ylqCzRuH',
104 silly reify   '/Users/denisdobrovolskii/Developer/eNPS/eNPSBot/node_modules/@tsconfig/node16': '/Users/denisdobrovolskii/Developer/eNPS/eNPSBot/node_modules/@tsconfig/.node16-24NNbats',
104 silly reify   '/Users/denisdobrovolskii/Developer/eNPS/eNPSBot/node_modules/@types/better-sqlite3': '/Users/denisdobrovolskii/Developer/eNPS/eNPSBot/node_modules/@types/.better-sqlite3-pMormcHw',
104 silly reify   '/Users/denisdobrovolskii/Developer/eNPS/eNPSBot/node_modules/@types/body-parser': '/Users/denisdobrovolskii/Developer/eNPS/eNPSBot/node_modules/@types/.body-parser-StQTTRhv',
104 silly reify   '/Users/denisdobrovolskii/Developer/eNPS/eNPSBot/node_modules/@types/connect': '/Users/denisdobrovolskii/Developer/eNPS/eNPSBot/node_modules/@types/.connect-KlTpE5cj',
104 silly reify   '/Users/denisdobrovolskii/Developer/eNPS/eNPSBot/node_modules/@types/cors': '/Users/denisdobrovolskii/Developer/eNPS/eNPSBot/node_modules/@types/.cors-zP123WPK',
104 silly reify   '/Users/denisdobrovolskii/Developer/eNPS/eNPSBot/node_modules/@types/express': '/Users/denisdobrovolskii/Developer/eNPS/eNPSBot/node_modules/@types/.express-0y6spaVN',
104 silly reify   '/Users/denisdobrovolskii/Developer/eNPS/eNPSBot/node_modules/@types/express-serve-static-core': '/Users/denisdobrovolskii/Developer/eNPS/eNPSBot/node_modules/@types/.express-serve-static-core-X4hFMeZV',
104 silly reify   '/Users/denisdobrovolskii/Developer/eNPS/eNPSBot/node_modules/@types/http-errors': '/Users/denisdobrovolskii/Developer/eNPS/eNPSBot/node_modules/@types/.http-errors-vD0JVhhm',
104 silly reify   '/Users/denisdobrovolskii/Developer/eNPS/eNPSBot/node_modules/@types/mime': '/Users/denisdobrovolskii/Developer/eNPS/eNPSBot/node_modules/@types/.mime-VLAYO3RY',
104 silly reify   '/Users/denisdobrovolskii/Developer/eNPS/eNPSBot/node_modules/@types/node': '/Users/denisdobrovolskii/Developer/eNPS/eNPSBot/node_modules/@types/.node-zTmWd2dF',
104 silly reify   '/Users/denisdobrovolskii/Developer/eNPS/eNPSBot/node_modules/@types/qs': '/Users/denisdobrovolskii/Developer/eNPS/eNPSBot/node_modules/@types/.qs-TkMCrbUv',
104 silly reify   '/Users/denisdobrovolskii/Developer/eNPS/eNPSBot/node_modules/@types/range-parser': '/Users/denisdobrovolskii/Developer/eNPS/eNPSBot/node_modules/@types/.range-parser-u1JCVOdg',
104 silly reify   '/Users/denisdobrovolskii/Developer/eNPS/eNPSBot/node_modules/@types/send': '/Users/denisdobrovolskii/Developer/eNPS/eNPSBot/node_modules/@types/.send-aEZWMaxq',
104 silly reify   '/Users/denisdobrovolskii/Developer/eNPS/eNPSBot/node_modules/@types/serve-static': '/Users/denisdobrovolskii/Developer/eNPS/eNPSBot/node_modules/@types/.serve-static-Zz2in6EC',
104 silly reify   '/Users/denisdobrovolskii/Developer/eNPS/eNPSBot/node_modules/@types/strip-bom': '/Users/denisdobrovolskii/Developer/eNPS/eNPSBot/node_modules/@types/.strip-bom-HUzAaPRG',
104 silly reify   '/Users/denisdobrovolskii/Developer/eNPS/eNPSBot/node_modules/@types/strip-json-comments': '/Users/denisdobrovolskii/Developer/eNPS/eNPSBot/node_modules/@types/.strip-json-comments-xpDJkXKP',
104 silly reify   '/Users/denisdobrovolskii/Developer/eNPS/eNPSBot/node_modules/mkdirp': '/Users/denisdobrovolskii/Developer/eNPS/eNPSBot/node_modules/.mkdirp-afFnqvHx',
104 silly reify   '/Users/denisdobrovolskii/Developer/eNPS/eNPSBot/node_modules/.bin/mkdirp': '/Users/denisdobrovolskii/Developer/eNPS/eNPSBot/node_modules/.bin/.mkdirp-YMOoqLQI',
104 silly reify   '/Users/denisdobrovolskii/Developer/eNPS/eNPSBot/node_modules/rc': '/Users/denisdobrovolskii/Developer/eNPS/eNPSBot/node_modules/.rc-yIWZWx3Z',
104 silly reify   '/Users/denisdobrovolskii/Developer/eNPS/eNPSBot/node_modules/.bin/rc': '/Users/denisdobrovolskii/Developer/eNPS/eNPSBot/node_modules/.bin/.rc-RrL67Tyn',
104 silly reify   '/Users/denisdobrovolskii/Developer/eNPS/eNPSBot/node_modules/resolve': '/Users/denisdobrovolskii/Developer/eNPS/eNPSBot/node_modules/.resolve-IzAj8B2i',
104 silly reify   '/Users/denisdobrovolskii/Developer/eNPS/eNPSBot/node_modules/.bin/resolve': '/Users/denisdobrovolskii/Developer/eNPS/eNPSBot/node_modules/.bin/.resolve-WZcjBBRC'
104 silly reify }
105 silly audit bulk request {
105 silly audit   '@cspotcode/source-map-support': [ '0.8.1' ],
105 silly audit   '@jridgewell/resolve-uri': [ '3.1.2' ],
105 silly audit   '@jridgewell/sourcemap-codec': [ '1.5.5' ],
105 silly audit   '@jridgewell/trace-mapping': [ '0.3.9' ],
105 silly audit   '@tsconfig/node10': [ '1.0.11' ],
105 silly audit   '@tsconfig/node12': [ '1.0.11' ],
105 silly audit   '@tsconfig/node14': [ '1.0.3' ],
105 silly audit   '@tsconfig/node16': [ '1.0.4' ],
105 silly audit   '@types/better-sqlite3': [ '7.6.13' ],
105 silly audit   '@types/body-parser': [ '1.19.6' ],
105 silly audit   '@types/connect': [ '3.4.38' ],
105 silly audit   '@types/cors': [ '2.8.19' ],
105 silly audit   '@types/express': [ '5.0.3' ],
105 silly audit   '@types/express-serve-static-core': [ '5.0.7' ],
105 silly audit   '@types/http-errors': [ '2.0.5' ],
105 silly audit   '@types/mime': [ '1.3.5' ],
105 silly audit   '@types/node': [ '24.5.2' ],
105 silly audit   '@types/qs': [ '6.14.0' ],
105 silly audit   '@types/range-parser': [ '1.2.7' ],
105 silly audit   '@types/send': [ '0.17.5' ],
105 silly audit   '@types/serve-static': [ '1.15.8' ],
105 silly audit   '@types/strip-bom': [ '3.0.0' ],
105 silly audit   '@types/strip-json-comments': [ '0.0.30' ],
105 silly audit   accepts: [ '2.0.0' ],
105 silly audit   acorn: [ '8.15.0' ],
105 silly audit   'acorn-walk': [ '8.3.4' ],
105 silly audit   anymatch: [ '3.1.3' ],
105 silly audit   arg: [ '4.1.3' ],
105 silly audit   'balanced-match': [ '1.0.2' ],
105 silly audit   'base64-js': [ '1.5.1' ],
105 silly audit   'better-sqlite3': [ '12.2.0' ],
105 silly audit   'binary-extensions': [ '2.3.0' ],
105 silly audit   bindings: [ '1.5.0' ],
105 silly audit   bl: [ '4.1.0' ],
105 silly audit   'body-parser': [ '2.2.0' ],
105 silly audit   'brace-expansion': [ '1.1.12' ],
105 silly audit   braces: [ '3.0.3' ],
105 silly audit   buffer: [ '5.7.1' ],
105 silly audit   'buffer-from': [ '1.1.2' ],
105 silly audit   bytes: [ '3.1.2' ],
105 silly audit   'call-bind-apply-helpers': [ '1.0.2' ],
105 silly audit   'call-bound': [ '1.0.4' ],
105 silly audit   chokidar: [ '3.6.0' ],
105 silly audit   chownr: [ '1.1.4' ],
105 silly audit   'concat-map': [ '0.0.1' ],
105 silly audit   'content-disposition': [ '1.0.0' ],
105 silly audit   'content-type': [ '1.0.5' ],
105 silly audit   cookie: [ '0.7.2' ],
105 silly audit   'cookie-signature': [ '1.2.2' ],
105 silly audit   cors: [ '2.8.5' ],
105 silly audit   'create-require': [ '1.1.1' ],
105 silly audit   debug: [ '4.4.3' ],
105 silly audit   'decompress-response': [ '6.0.0' ],
105 silly audit   'deep-extend': [ '0.6.0' ],
105 silly audit   depd: [ '2.0.0' ],
105 silly audit   'detect-libc': [ '2.1.0' ],
105 silly audit   diff: [ '4.0.2' ],
105 silly audit   dotenv: [ '17.2.2' ],
105 silly audit   'dunder-proto': [ '1.0.1' ],
105 silly audit   'dynamic-dedupe': [ '0.3.0' ],
105 silly audit   'ee-first': [ '1.1.1' ],
105 silly audit   encodeurl: [ '2.0.0' ],
105 silly audit   'end-of-stream': [ '1.4.5' ],
105 silly audit   'es-define-property': [ '1.0.1' ],
105 silly audit   'es-errors': [ '1.3.0' ],
105 silly audit   'es-object-atoms': [ '1.1.1' ],
105 silly audit   'escape-html': [ '1.0.3' ],
105 silly audit   etag: [ '1.8.1' ],
105 silly audit   'expand-template': [ '2.0.3' ],
105 silly audit   express: [ '5.1.0' ],
105 silly audit   'file-uri-to-path': [ '1.0.0' ],
105 silly audit   'fill-range': [ '7.1.1' ],
105 silly audit   finalhandler: [ '2.1.0' ],
105 silly audit   forwarded: [ '0.2.0' ],
105 silly audit   fresh: [ '2.0.0' ],
105 silly audit   'fs-constants': [ '1.0.0' ],
105 silly audit   'fs.realpath': [ '1.0.0' ],
105 silly audit   fsevents: [ '2.3.3' ],
105 silly audit   'function-bind': [ '1.1.2' ],
105 silly audit   'get-intrinsic': [ '1.3.0' ],
105 silly audit   'get-proto': [ '1.0.1' ],
105 silly audit   'github-from-package': [ '0.0.0' ],
105 silly audit   glob: [ '7.2.3' ],
105 silly audit   'glob-parent': [ '5.1.2' ],
105 silly audit   gopd: [ '1.2.0' ],
105 silly audit   'has-symbols': [ '1.1.0' ],
105 silly audit   hasown: [ '2.0.2' ],
105 silly audit   'http-errors': [ '2.0.0' ],
105 silly audit   statuses: [ '2.0.1', '2.0.2' ],
105 silly audit   'iconv-lite': [ '0.6.3', '0.7.0' ],
105 silly audit   ieee754: [ '1.2.1' ],
105 silly audit   inflight: [ '1.0.6' ],
105 silly audit   inherits: [ '2.0.4' ],
105 silly audit   ini: [ '1.3.8' ],
105 silly audit   'ipaddr.js': [ '1.9.1' ],
105 silly audit   'is-binary-path': [ '2.1.0' ],
105 silly audit   'is-core-module': [ '2.16.1' ],
105 silly audit   'is-extglob': [ '2.1.1' ],
105 silly audit   'is-glob': [ '4.0.3' ],
105 silly audit   'is-number': [ '7.0.0' ],
105 silly audit   'is-promise': [ '4.0.0' ],
105 silly audit   'make-error': [ '1.3.6' ],
105 silly audit   'math-intrinsics': [ '1.1.0' ],
105 silly audit   'media-typer': [ '1.1.0' ],
105 silly audit   'merge-descriptors': [ '2.0.0' ],
105 silly audit   'mime-db': [ '1.54.0' ],
105 silly audit   'mime-types': [ '3.0.1' ],
105 silly audit   'mimic-response': [ '3.1.0' ],
105 silly audit   minimatch: [ '3.1.2' ],
105 silly audit   minimist: [ '1.2.8' ],
105 silly audit   mkdirp: [ '1.0.4' ],
105 silly audit   'mkdirp-classic': [ '0.5.3' ],
105 silly audit   ms: [ '2.1.3' ],
105 silly audit   'napi-build-utils': [ '2.0.0' ],
105 silly audit   negotiator: [ '1.0.0' ],
105 silly audit   'node-abi': [ '3.77.0' ],
105 silly audit   'normalize-path': [ '3.0.0' ],
105 silly audit   'object-assign': [ '4.1.1' ],
105 silly audit   'object-inspect': [ '1.13.4' ],
105 silly audit   'on-finished': [ '2.4.1' ],
105 silly audit   once: [ '1.4.0' ],
105 silly audit   parseurl: [ '1.3.3' ],
105 silly audit   'path-is-absolute': [ '1.0.1' ],
105 silly audit   'path-parse': [ '1.0.7' ],
105 silly audit   'path-to-regexp': [ '8.3.0' ],
105 silly audit   picomatch: [ '2.3.1' ],
105 silly audit   'prebuild-install': [ '7.1.3' ],
105 silly audit   'proxy-addr': [ '2.0.7' ],
105 silly audit   pump: [ '3.0.3' ],
105 silly audit   qs: [ '6.14.0' ],
105 silly audit   'range-parser': [ '1.2.1' ],
105 silly audit   'raw-body': [ '3.0.1' ],
105 silly audit   rc: [ '1.2.8' ],
105 silly audit   'readable-stream': [ '3.6.2' ],
105 silly audit   readdirp: [ '3.6.0' ],
105 silly audit   resolve: [ '1.22.10' ],
105 silly audit   rimraf: [ '2.7.1' ],
105 silly audit   router: [ '2.2.0' ],
105 silly audit   'safe-buffer': [ '5.2.1' ],
105 silly audit   'safer-buffer': [ '2.1.2' ],
105 silly audit   semver: [ '7.7.2' ],
105 silly audit   send: [ '1.2.0' ],
105 silly audit   'serve-static': [ '2.2.0' ],
105 silly audit   setprototypeof: [ '1.2.0' ],
105 silly audit   'side-channel': [ '1.1.0' ],
105 silly audit   'side-channel-list': [ '1.0.0' ],
105 silly audit   'side-channel-map': [ '1.0.1' ],
105 silly audit   'side-channel-weakmap': [ '1.0.2' ],
105 silly audit   'simple-concat': [ '1.0.1' ],
105 silly audit   'simple-get': [ '4.0.1' ],
105 silly audit   'source-map': [ '0.6.1' ],
105 silly audit   'source-map-support': [ '0.5.21' ],
105 silly audit   string_decoder: [ '1.3.0' ],
105 silly audit   'strip-bom': [ '3.0.0' ],
105 silly audit   'strip-json-comments': [ '2.0.1' ],
105 silly audit   'supports-preserve-symlinks-flag': [ '1.0.0' ],
105 silly audit   'tar-fs': [ '2.1.4' ],
105 silly audit   'tar-stream': [ '2.2.0' ],
105 silly audit   'to-regex-range': [ '5.0.1' ],
105 silly audit   toidentifier: [ '1.0.1' ],
105 silly audit   'tree-kill': [ '1.2.2' ],
105 silly audit   'ts-node': [ '10.9.2' ],
105 silly audit   'ts-node-dev': [ '2.0.0' ],
105 silly audit   tsconfig: [ '7.0.0' ],
105 silly audit   'tunnel-agent': [ '0.6.0' ],
105 silly audit   'type-is': [ '2.0.1' ],
105 silly audit   typescript: [ '5.9.2' ],
105 silly audit   'undici-types': [ '7.12.0' ],
105 silly audit   unpipe: [ '1.0.0' ],
105 silly audit   'util-deprecate': [ '1.0.2' ],
105 silly audit   'v8-compile-cache-lib': [ '3.0.1' ],
105 silly audit   vary: [ '1.1.2' ],
105 silly audit   wrappy: [ '1.0.2' ],
105 silly audit   xtend: [ '4.0.2' ],
105 silly audit   yn: [ '3.1.1' ],
105 silly audit   zod: [ '4.1.9' ]
105 silly audit }
106 silly audit bulk request failed undefined
107 verbose audit error FetchError: request to https://registry.npmjs.org/-/npm/v1/security/audits/quick failed, reason: getaddrinfo ENOTFOUND registry.npmjs.org
107 verbose audit error     at ClientRequest.<anonymous> (/opt/homebrew/lib/node_modules/npm/node_modules/minipass-fetch/lib/index.js:130:14)
107 verbose audit error     at ClientRequest.emit (node:events:513:28)
107 verbose audit error     at emitErrorEvent (node:_http_client:104:11)
107 verbose audit error     at _destroy (node:_http_client:898:9)
107 verbose audit error     at onSocketNT (node:_http_client:918:5)
107 verbose audit error     at process.processTicksAndRejections (node:internal/process/task_queues:91:21) {
107 verbose audit error   code: 'ENOTFOUND',
107 verbose audit error   errno: 'ENOTFOUND',
107 verbose audit error   syscall: 'getaddrinfo',
107 verbose audit error   hostname: 'registry.npmjs.org',
107 verbose audit error   type: 'system'
107 verbose audit error }
108 silly audit error undefined
109 silly audit report null
110 http cache rc@https://registry.npmjs.org/rc/-/rc-1.2.8.tgz 0ms (cache hit)
111 http cache resolve@https://registry.npmjs.org/resolve/-/resolve-1.22.10.tgz 0ms (cache hit)
112 http cache mkdirp@https://registry.npmjs.org/mkdirp/-/mkdirp-1.0.4.tgz 0ms (cache hit)
113 http cache @types/strip-bom@https://registry.npmjs.org/@types/strip-bom/-/strip-bom-3.0.0.tgz 0ms (cache hit)
114 http cache @types/serve-static@https://registry.npmjs.org/@types/serve-static/-/serve-static-1.15.8.tgz 0ms (cache hit)
115 http cache @types/send@https://registry.npmjs.org/@types/send/-/send-0.17.5.tgz 0ms (cache hit)
116 http cache @types/range-parser@https://registry.npmjs.org/@types/range-parser/-/range-parser-1.2.7.tgz 0ms (cache hit)
117 http cache @types/qs@https://registry.npmjs.org/@types/qs/-/qs-6.14.0.tgz 0ms (cache hit)
118 http cache @types/node@https://registry.npmjs.org/@types/node/-/node-24.5.2.tgz 0ms (cache hit)
119 http cache @types/mime@https://registry.npmjs.org/@types/mime/-/mime-1.3.5.tgz 0ms (cache hit)
120 http cache @types/http-errors@https://registry.npmjs.org/@types/http-errors/-/http-errors-2.0.5.tgz 0ms (cache hit)
121 http cache @types/express-serve-static-core@https://registry.npmjs.org/@types/express-serve-static-core/-/express-serve-static-core-5.0.7.tgz 0ms (cache hit)
122 http cache @types/express@https://registry.npmjs.org/@types/express/-/express-5.0.3.tgz 0ms (cache hit)
123 http cache @types/cors@https://registry.npmjs.org/@types/cors/-/cors-2.8.19.tgz 0ms (cache hit)
124 http cache @types/connect@https://registry.npmjs.org/@types/connect/-/connect-3.4.38.tgz 0ms (cache hit)
125 http cache @types/body-parser@https://registry.npmjs.org/@types/body-parser/-/body-parser-1.19.6.tgz 0ms (cache hit)
126 http cache @types/better-sqlite3@https://registry.npmjs.org/@types/better-sqlite3/-/better-sqlite3-7.6.13.tgz 0ms (cache hit)
127 http cache @tsconfig/node16@https://registry.npmjs.org/@tsconfig/node16/-/node16-1.0.4.tgz 0ms (cache hit)
128 http cache @tsconfig/node14@https://registry.npmjs.org/@tsconfig/node14/-/node14-1.0.3.tgz 0ms (cache hit)
129 http cache @tsconfig/node12@https://registry.npmjs.org/@tsconfig/node12/-/node12-1.0.11.tgz 0ms (cache hit)
130 http cache @tsconfig/node10@https://registry.npmjs.org/@tsconfig/node10/-/node10-1.0.11.tgz 0ms (cache hit)
131 http cache @jridgewell/trace-mapping@https://registry.npmjs.org/@jridgewell/trace-mapping/-/trace-mapping-0.3.9.tgz 0ms (cache hit)
132 http cache @jridgewell/sourcemap-codec@https://registry.npmjs.org/@jridgewell/sourcemap-codec/-/sourcemap-codec-1.5.5.tgz 0ms (cache hit)
133 http cache zod@https://registry.npmjs.org/zod/-/zod-4.1.9.tgz 0ms (cache hit)
134 http cache @cspotcode/source-map-support@https://registry.npmjs.org/@cspotcode/source-map-support/-/source-map-support-0.8.1.tgz 0ms (cache hit)
135 http cache yn@https://registry.npmjs.org/yn/-/yn-3.1.1.tgz 0ms (cache hit)
136 http cache v8-compile-cache-lib@https://registry.npmjs.org/v8-compile-cache-lib/-/v8-compile-cache-lib-3.0.1.tgz 0ms (cache hit)
137 http cache typescript@https://registry.npmjs.org/typescript/-/typescript-5.9.2.tgz 0ms (cache hit)
138 http cache undici-types@https://registry.npmjs.org/undici-types/-/undici-types-7.12.0.tgz 0ms (cache hit)
139 http cache tsconfig@https://registry.npmjs.org/tsconfig/-/tsconfig-7.0.0.tgz 0ms (cache hit)
140 http cache tunnel-agent@https://registry.npmjs.org/tunnel-agent/-/tunnel-agent-0.6.0.tgz 0ms (cache hit)
141 http cache @types/strip-json-comments@https://registry.npmjs.org/@types/strip-json-comments/-/strip-json-comments-0.0.30.tgz 0ms (cache hit)
142 http cache ts-node-dev@https://registry.npmjs.org/ts-node-dev/-/ts-node-dev-2.0.0.tgz 0ms (cache hit)
143 http cache ts-node@https://registry.npmjs.org/ts-node/-/ts-node-10.9.2.tgz 0ms (cache hit)
144 http cache type-is@https://registry.npmjs.org/type-is/-/type-is-2.0.1.tgz 0ms (cache hit)
145 http cache tar-fs@https://registry.npmjs.org/tar-fs/-/tar-fs-2.1.4.tgz 0ms (cache hit)
146 http cache tar-stream@https://registry.npmjs.org/tar-stream/-/tar-stream-2.2.0.tgz 0ms (cache hit)
147 http cache statuses@https://registry.npmjs.org/statuses/-/statuses-2.0.2.tgz 0ms (cache hit)
148 http cache simple-get@https://registry.npmjs.org/simple-get/-/simple-get-4.0.1.tgz 0ms (cache hit)
149 http cache simple-concat@https://registry.npmjs.org/simple-concat/-/simple-concat-1.0.1.tgz 0ms (cache hit)
150 http cache serve-static@https://registry.npmjs.org/serve-static/-/serve-static-2.2.0.tgz 0ms (cache hit)
151 http cache send@https://registry.npmjs.org/send/-/send-1.2.0.tgz 0ms (cache hit)
152 http cache semver@https://registry.npmjs.org/semver/-/semver-7.7.2.tgz 0ms (cache hit)
153 http cache router@https://registry.npmjs.org/router/-/router-2.2.0.tgz 0ms (cache hit)
154 http cache rimraf@https://registry.npmjs.org/rimraf/-/rimraf-2.7.1.tgz 0ms (cache hit)
155 http cache raw-body@https://registry.npmjs.org/raw-body/-/raw-body-3.0.1.tgz 0ms (cache hit)
156 http cache readable-stream@https://registry.npmjs.org/readable-stream/-/readable-stream-3.6.2.tgz 0ms (cache hit)
157 http cache tree-kill@https://registry.npmjs.org/tree-kill/-/tree-kill-1.2.2.tgz 0ms (cache hit)
158 http cache pump@https://registry.npmjs.org/pump/-/pump-3.0.3.tgz 0ms (cache hit)
159 http cache proxy-addr@https://registry.npmjs.org/proxy-addr/-/proxy-addr-2.0.7.tgz 0ms (cache hit)
160 http cache prebuild-install@https://registry.npmjs.org/prebuild-install/-/prebuild-install-7.1.3.tgz 0ms (cache hit)
161 http cache node-abi@https://registry.npmjs.org/node-abi/-/node-abi-3.77.0.tgz 0ms (cache hit)
162 http cache negotiator@https://registry.npmjs.org/negotiator/-/negotiator-1.0.0.tgz 0ms (cache hit)
163 http cache napi-build-utils@https://registry.npmjs.org/napi-build-utils/-/napi-build-utils-2.0.0.tgz 0ms (cache hit)
164 http cache path-to-regexp@https://registry.npmjs.org/path-to-regexp/-/path-to-regexp-8.3.0.tgz 0ms (cache hit)
165 http cache mkdirp-classic@https://registry.npmjs.org/mkdirp-classic/-/mkdirp-classic-0.5.3.tgz 0ms (cache hit)
166 http cache mimic-response@https://registry.npmjs.org/mimic-response/-/mimic-response-3.1.0.tgz 0ms (cache hit)
167 http cache mime-types@https://registry.npmjs.org/mime-types/-/mime-types-3.0.1.tgz 0ms (cache hit)
168 http cache make-error@https://registry.npmjs.org/make-error/-/make-error-1.3.6.tgz 0ms (cache hit)
169 http cache is-promise@https://registry.npmjs.org/is-promise/-/is-promise-4.0.0.tgz 0ms (cache hit)
170 http cache media-typer@https://registry.npmjs.org/media-typer/-/media-typer-1.1.0.tgz 0ms (cache hit)
171 http cache github-from-package@https://registry.npmjs.org/github-from-package/-/github-from-package-0.0.0.tgz 0ms (cache hit)
172 http cache fs-constants@https://registry.npmjs.org/fs-constants/-/fs-constants-1.0.0.tgz 0ms (cache hit)
173 http cache fresh@https://registry.npmjs.org/fresh/-/fresh-2.0.0.tgz 0ms (cache hit)
174 http cache forwarded@https://registry.npmjs.org/forwarded/-/forwarded-0.2.0.tgz 0ms (cache hit)
175 http cache finalhandler@https://registry.npmjs.org/finalhandler/-/finalhandler-2.1.0.tgz 0ms (cache hit)
176 http cache merge-descriptors@https://registry.npmjs.org/merge-descriptors/-/merge-descriptors-2.0.0.tgz 0ms (cache hit)
177 http cache file-uri-to-path@https://registry.npmjs.org/file-uri-to-path/-/file-uri-to-path-1.0.0.tgz 0ms (cache hit)
178 http cache express@https://registry.npmjs.org/express/-/express-5.1.0.tgz 0ms (cache hit)
179 http cache expand-template@https://registry.npmjs.org/expand-template/-/expand-template-2.0.3.tgz 0ms (cache hit)
180 http cache dynamic-dedupe@https://registry.npmjs.org/dynamic-dedupe/-/dynamic-dedupe-0.3.0.tgz 0ms (cache hit)
181 http cache dotenv@https://registry.npmjs.org/dotenv/-/dotenv-17.2.2.tgz 0ms (cache hit)
182 http cache diff@https://registry.npmjs.org/diff/-/diff-4.0.2.tgz 0ms (cache hit)
183 http cache end-of-stream@https://registry.npmjs.org/end-of-stream/-/end-of-stream-1.4.5.tgz 0ms (cache hit)
184 http cache detect-libc@https://registry.npmjs.org/detect-libc/-/detect-libc-2.1.0.tgz 0ms (cache hit)
185 http cache decompress-response@https://registry.npmjs.org/decompress-response/-/decompress-response-6.0.0.tgz 0ms (cache hit)
186 http cache create-require@https://registry.npmjs.org/create-require/-/create-require-1.1.1.tgz 0ms (cache hit)
187 http cache content-type@https://registry.npmjs.org/content-type/-/content-type-1.0.5.tgz 0ms (cache hit)
188 http cache chownr@https://registry.npmjs.org/chownr/-/chownr-1.1.4.tgz 0ms (cache hit)
189 http cache content-disposition@https://registry.npmjs.org/content-disposition/-/content-disposition-1.0.0.tgz 0ms (cache hit)
190 http cache cors@https://registry.npmjs.org/cors/-/cors-2.8.5.tgz 0ms (cache hit)
191 http cache body-parser@https://registry.npmjs.org/body-parser/-/body-parser-2.2.0.tgz 0ms (cache hit)
192 http cache bl@https://registry.npmjs.org/bl/-/bl-4.1.0.tgz 0ms (cache hit)
193 http cache better-sqlite3@https://registry.npmjs.org/better-sqlite3/-/better-sqlite3-12.2.0.tgz 0ms (cache hit)
194 http cache arg@https://registry.npmjs.org/arg/-/arg-4.1.3.tgz 0ms (cache hit)
195 http cache acorn@https://registry.npmjs.org/acorn/-/acorn-8.15.0.tgz 0ms (cache hit)
196 http cache brace-expansion@https://registry.npmjs.org/brace-expansion/-/brace-expansion-1.1.12.tgz 0ms (cache hit)
197 http cache accepts@https://registry.npmjs.org/accepts/-/accepts-2.0.0.tgz 0ms (cache hit)
198 http cache iconv-lite@https://registry.npmjs.org/iconv-lite/-/iconv-lite-0.7.0.tgz 0ms (cache hit)
199 http cache bindings@https://registry.npmjs.org/bindings/-/bindings-1.5.0.tgz 0ms (cache hit)
200 silly tarball no local data for rc@https://registry.npmjs.org/rc/-/rc-1.2.8.tgz. Extracting by manifest.
201 silly tarball no local data for resolve@https://registry.npmjs.org/resolve/-/resolve-1.22.10.tgz. Extracting by manifest.
202 silly tarball no local data for mkdirp@https://registry.npmjs.org/mkdirp/-/mkdirp-1.0.4.tgz. Extracting by manifest.
203 silly tarball no local data for @types/strip-bom@https://registry.npmjs.org/@types/strip-bom/-/strip-bom-3.0.0.tgz. Extracting by manifest.
204 silly tarball no local data for @types/serve-static@https://registry.npmjs.org/@types/serve-static/-/serve-static-1.15.8.tgz. Extracting by manifest.
205 silly tarball no local data for @types/send@https://registry.npmjs.org/@types/send/-/send-0.17.5.tgz. Extracting by manifest.
206 silly tarball no local data for @types/range-parser@https://registry.npmjs.org/@types/range-parser/-/range-parser-1.2.7.tgz. Extracting by manifest.
207 silly tarball no local data for @types/qs@https://registry.npmjs.org/@types/qs/-/qs-6.14.0.tgz. Extracting by manifest.
208 silly tarball no local data for @types/node@https://registry.npmjs.org/@types/node/-/node-24.5.2.tgz. Extracting by manifest.
209 silly tarball no local data for @types/mime@https://registry.npmjs.org/@types/mime/-/mime-1.3.5.tgz. Extracting by manifest.
210 silly tarball no local data for @types/http-errors@https://registry.npmjs.org/@types/http-errors/-/http-errors-2.0.5.tgz. Extracting by manifest.
211 silly tarball no local data for @types/express-serve-static-core@https://registry.npmjs.org/@types/express-serve-static-core/-/express-serve-static-core-5.0.7.tgz. Extracting by manifest.
212 silly tarball no local data for @types/express@https://registry.npmjs.org/@types/express/-/express-5.0.3.tgz. Extracting by manifest.
213 silly tarball no local data for @types/cors@https://registry.npmjs.org/@types/cors/-/cors-2.8.19.tgz. Extracting by manifest.
214 silly tarball no local data for @types/connect@https://registry.npmjs.org/@types/connect/-/connect-3.4.38.tgz. Extracting by manifest.
215 silly tarball no local data for @types/body-parser@https://registry.npmjs.org/@types/body-parser/-/body-parser-1.19.6.tgz. Extracting by manifest.
216 silly tarball no local data for @types/better-sqlite3@https://registry.npmjs.org/@types/better-sqlite3/-/better-sqlite3-7.6.13.tgz. Extracting by manifest.
217 silly tarball no local data for @tsconfig/node16@https://registry.npmjs.org/@tsconfig/node16/-/node16-1.0.4.tgz. Extracting by manifest.
218 silly tarball no local data for @tsconfig/node14@https://registry.npmjs.org/@tsconfig/node14/-/node14-1.0.3.tgz. Extracting by manifest.
219 silly tarball no local data for @tsconfig/node12@https://registry.npmjs.org/@tsconfig/node12/-/node12-1.0.11.tgz. Extracting by manifest.
220 silly tarball no local data for @tsconfig/node10@https://registry.npmjs.org/@tsconfig/node10/-/node10-1.0.11.tgz. Extracting by manifest.
221 silly tarball no local data for @jridgewell/trace-mapping@https://registry.npmjs.org/@jridgewell/trace-mapping/-/trace-mapping-0.3.9.tgz. Extracting by manifest.
222 silly tarball no local data for @jridgewell/sourcemap-codec@https://registry.npmjs.org/@jridgewell/sourcemap-codec/-/sourcemap-codec-1.5.5.tgz. Extracting by manifest.
223 silly tarball no local data for zod@https://registry.npmjs.org/zod/-/zod-4.1.9.tgz. Extracting by manifest.
224 silly tarball no local data for @cspotcode/source-map-support@https://registry.npmjs.org/@cspotcode/source-map-support/-/source-map-support-0.8.1.tgz. Extracting by manifest.
225 silly tarball no local data for yn@https://registry.npmjs.org/yn/-/yn-3.1.1.tgz. Extracting by manifest.
226 silly tarball no local data for v8-compile-cache-lib@https://registry.npmjs.org/v8-compile-cache-lib/-/v8-compile-cache-lib-3.0.1.tgz. Extracting by manifest.
227 silly tarball no local data for typescript@https://registry.npmjs.org/typescript/-/typescript-5.9.2.tgz. Extracting by manifest.
228 silly tarball no local data for undici-types@https://registry.npmjs.org/undici-types/-/undici-types-7.12.0.tgz. Extracting by manifest.
229 silly tarball no local data for tsconfig@https://registry.npmjs.org/tsconfig/-/tsconfig-7.0.0.tgz. Extracting by manifest.
230 silly tarball no local data for tunnel-agent@https://registry.npmjs.org/tunnel-agent/-/tunnel-agent-0.6.0.tgz. Extracting by manifest.
231 silly tarball no local data for @types/strip-json-comments@https://registry.npmjs.org/@types/strip-json-comments/-/strip-json-comments-0.0.30.tgz. Extracting by manifest.
232 silly tarball no local data for ts-node-dev@https://registry.npmjs.org/ts-node-dev/-/ts-node-dev-2.0.0.tgz. Extracting by manifest.
233 silly tarball no local data for ts-node@https://registry.npmjs.org/ts-node/-/ts-node-10.9.2.tgz. Extracting by manifest.
234 silly tarball no local data for type-is@https://registry.npmjs.org/type-is/-/type-is-2.0.1.tgz. Extracting by manifest.
235 silly tarball no local data for tar-fs@https://registry.npmjs.org/tar-fs/-/tar-fs-2.1.4.tgz. Extracting by manifest.
236 silly tarball no local data for tar-stream@https://registry.npmjs.org/tar-stream/-/tar-stream-2.2.0.tgz. Extracting by manifest.
237 silly tarball no local data for statuses@https://registry.npmjs.org/statuses/-/statuses-2.0.2.tgz. Extracting by manifest.
238 silly tarball no local data for simple-get@https://registry.npmjs.org/simple-get/-/simple-get-4.0.1.tgz. Extracting by manifest.
239 silly tarball no local data for simple-concat@https://registry.npmjs.org/simple-concat/-/simple-concat-1.0.1.tgz. Extracting by manifest.
240 silly tarball no local data for serve-static@https://registry.npmjs.org/serve-static/-/serve-static-2.2.0.tgz. Extracting by manifest.
241 silly tarball no local data for send@https://registry.npmjs.org/send/-/send-1.2.0.tgz. Extracting by manifest.
242 silly tarball no local data for semver@https://registry.npmjs.org/semver/-/semver-7.7.2.tgz. Extracting by manifest.
243 silly tarball no local data for router@https://registry.npmjs.org/router/-/router-2.2.0.tgz. Extracting by manifest.
244 silly tarball no local data for rimraf@https://registry.npmjs.org/rimraf/-/rimraf-2.7.1.tgz. Extracting by manifest.
245 silly tarball no local data for raw-body@https://registry.npmjs.org/raw-body/-/raw-body-3.0.1.tgz. Extracting by manifest.
246 silly tarball no local data for readable-stream@https://registry.npmjs.org/readable-stream/-/readable-stream-3.6.2.tgz. Extracting by manifest.
247 silly tarball no local data for tree-kill@https://registry.npmjs.org/tree-kill/-/tree-kill-1.2.2.tgz. Extracting by manifest.
248 silly tarball no local data for pump@https://registry.npmjs.org/pump/-/pump-3.0.3.tgz. Extracting by manifest.
249 silly tarball no local data for proxy-addr@https://registry.npmjs.org/proxy-addr/-/proxy-addr-2.0.7.tgz. Extracting by manifest.
250 silly tarball no local data for prebuild-install@https://registry.npmjs.org/prebuild-install/-/prebuild-install-7.1.3.tgz. Extracting by manifest.
251 silly tarball no local data for node-abi@https://registry.npmjs.org/node-abi/-/node-abi-3.77.0.tgz. Extracting by manifest.
252 silly tarball no local data for negotiator@https://registry.npmjs.org/negotiator/-/negotiator-1.0.0.tgz. Extracting by manifest.
253 silly tarball no local data for napi-build-utils@https://registry.npmjs.org/napi-build-utils/-/napi-build-utils-2.0.0.tgz. Extracting by manifest.
254 silly tarball no local data for path-to-regexp@https://registry.npmjs.org/path-to-regexp/-/path-to-regexp-8.3.0.tgz. Extracting by manifest.
255 silly tarball no local data for mkdirp-classic@https://registry.npmjs.org/mkdirp-classic/-/mkdirp-classic-0.5.3.tgz. Extracting by manifest.
256 silly tarball no local data for mimic-response@https://registry.npmjs.org/mimic-response/-/mimic-response-3.1.0.tgz. Extracting by manifest.
257 silly tarball no local data for mime-types@https://registry.npmjs.org/mime-types/-/mime-types-3.0.1.tgz. Extracting by manifest.
258 silly tarball no local data for make-error@https://registry.npmjs.org/make-error/-/make-error-1.3.6.tgz. Extracting by manifest.
259 silly tarball no local data for is-promise@https://registry.npmjs.org/is-promise/-/is-promise-4.0.0.tgz. Extracting by manifest.
260 silly tarball no local data for media-typer@https://registry.npmjs.org/media-typer/-/media-typer-1.1.0.tgz. Extracting by manifest.
261 silly tarball no local data for github-from-package@https://registry.npmjs.org/github-from-package/-/github-from-package-0.0.0.tgz. Extracting by manifest.
262 silly tarball no local data for fs-constants@https://registry.npmjs.org/fs-constants/-/fs-constants-1.0.0.tgz. Extracting by manifest.
263 silly tarball no local data for fresh@https://registry.npmjs.org/fresh/-/fresh-2.0.0.tgz. Extracting by manifest.
264 silly tarball no local data for forwarded@https://registry.npmjs.org/forwarded/-/forwarded-0.2.0.tgz. Extracting by manifest.
265 silly tarball no local data for finalhandler@https://registry.npmjs.org/finalhandler/-/finalhandler-2.1.0.tgz. Extracting by manifest.
266 silly tarball no local data for merge-descriptors@https://registry.npmjs.org/merge-descriptors/-/merge-descriptors-2.0.0.tgz. Extracting by manifest.
267 silly tarball no local data for file-uri-to-path@https://registry.npmjs.org/file-uri-to-path/-/file-uri-to-path-1.0.0.tgz. Extracting by manifest.
268 silly tarball no local data for express@https://registry.npmjs.org/express/-/express-5.1.0.tgz. Extracting by manifest.
269 silly tarball no local data for expand-template@https://registry.npmjs.org/expand-template/-/expand-template-2.0.3.tgz. Extracting by manifest.
270 silly tarball no local data for dynamic-dedupe@https://registry.npmjs.org/dynamic-dedupe/-/dynamic-dedupe-0.3.0.tgz. Extracting by manifest.
271 silly tarball no local data for dotenv@https://registry.npmjs.org/dotenv/-/dotenv-17.2.2.tgz. Extracting by manifest.
272 silly tarball no local data for diff@https://registry.npmjs.org/diff/-/diff-4.0.2.tgz. Extracting by manifest.
273 silly tarball no local data for end-of-stream@https://registry.npmjs.org/end-of-stream/-/end-of-stream-1.4.5.tgz. Extracting by manifest.
274 silly tarball no local data for detect-libc@https://registry.npmjs.org/detect-libc/-/detect-libc-2.1.0.tgz. Extracting by manifest.
275 silly tarball no local data for decompress-response@https://registry.npmjs.org/decompress-response/-/decompress-response-6.0.0.tgz. Extracting by manifest.
276 silly tarball no local data for create-require@https://registry.npmjs.org/create-require/-/create-require-1.1.1.tgz. Extracting by manifest.
277 silly tarball no local data for content-type@https://registry.npmjs.org/content-type/-/content-type-1.0.5.tgz. Extracting by manifest.
278 silly tarball no local data for chownr@https://registry.npmjs.org/chownr/-/chownr-1.1.4.tgz. Extracting by manifest.
279 silly tarball no local data for content-disposition@https://registry.npmjs.org/content-disposition/-/content-disposition-1.0.0.tgz. Extracting by manifest.
280 silly tarball no local data for cors@https://registry.npmjs.org/cors/-/cors-2.8.5.tgz. Extracting by manifest.
281 silly tarball no local data for body-parser@https://registry.npmjs.org/body-parser/-/body-parser-2.2.0.tgz. Extracting by manifest.
282 silly tarball no local data for bl@https://registry.npmjs.org/bl/-/bl-4.1.0.tgz. Extracting by manifest.
283 silly tarball no local data for better-sqlite3@https://registry.npmjs.org/better-sqlite3/-/better-sqlite3-12.2.0.tgz. Extracting by manifest.
284 silly tarball no local data for arg@https://registry.npmjs.org/arg/-/arg-4.1.3.tgz. Extracting by manifest.
285 silly tarball no local data for acorn@https://registry.npmjs.org/acorn/-/acorn-8.15.0.tgz. Extracting by manifest.
286 silly tarball no local data for brace-expansion@https://registry.npmjs.org/brace-expansion/-/brace-expansion-1.1.12.tgz. Extracting by manifest.
287 silly tarball no local data for accepts@https://registry.npmjs.org/accepts/-/accepts-2.0.0.tgz. Extracting by manifest.
288 silly tarball no local data for iconv-lite@https://registry.npmjs.org/iconv-lite/-/iconv-lite-0.7.0.tgz. Extracting by manifest.
289 silly tarball no local data for bindings@https://registry.npmjs.org/bindings/-/bindings-1.5.0.tgz. Extracting by manifest.
290 http fetch GET https://registry.npmjs.org/rc/-/rc-1.2.8.tgz attempt 1 failed with ENOTFOUND
291 http fetch GET https://registry.npmjs.org/resolve/-/resolve-1.22.10.tgz attempt 1 failed with ENOTFOUND
292 http fetch GET https://registry.npmjs.org/mkdirp/-/mkdirp-1.0.4.tgz attempt 1 failed with ENOTFOUND
293 http fetch GET https://registry.npmjs.org/@types/strip-bom/-/strip-bom-3.0.0.tgz attempt 1 failed with ENOTFOUND
294 http fetch GET https://registry.npmjs.org/@types/serve-static/-/serve-static-1.15.8.tgz attempt 1 failed with ENOTFOUND
295 http fetch GET https://registry.npmjs.org/@types/send/-/send-0.17.5.tgz attempt 1 failed with ENOTFOUND
296 http fetch GET https://registry.npmjs.org/@types/range-parser/-/range-parser-1.2.7.tgz attempt 1 failed with ENOTFOUND
297 http fetch GET https://registry.npmjs.org/@types/qs/-/qs-6.14.0.tgz attempt 1 failed with ENOTFOUND
298 http fetch GET https://registry.npmjs.org/@types/node/-/node-24.5.2.tgz attempt 1 failed with ENOTFOUND
299 http fetch GET https://registry.npmjs.org/@types/mime/-/mime-1.3.5.tgz attempt 1 failed with ENOTFOUND
300 http fetch GET https://registry.npmjs.org/@types/http-errors/-/http-errors-2.0.5.tgz attempt 1 failed with ENOTFOUND
301 http fetch GET https://registry.npmjs.org/@types/express-serve-static-core/-/express-serve-static-core-5.0.7.tgz attempt 1 failed with ENOTFOUND
302 http fetch GET https://registry.npmjs.org/@types/express/-/express-5.0.3.tgz attempt 1 failed with ENOTFOUND
303 http fetch GET https://registry.npmjs.org/@types/cors/-/cors-2.8.19.tgz attempt 1 failed with ENOTFOUND
304 http fetch GET https://registry.npmjs.org/@types/connect/-/connect-3.4.38.tgz attempt 1 failed with ENOTFOUND
305 http fetch GET https://registry.npmjs.org/npm attempt 2 failed with ENOTFOUND
306 http fetch GET https://registry.npmjs.org/rc/-/rc-1.2.8.tgz attempt 2 failed with ENOTFOUND
307 http fetch GET https://registry.npmjs.org/resolve/-/resolve-1.22.10.tgz attempt 2 failed with ENOTFOUND
308 http fetch GET https://registry.npmjs.org/mkdirp/-/mkdirp-1.0.4.tgz attempt 2 failed with ENOTFOUND
309 http fetch GET https://registry.npmjs.org/@types/strip-bom/-/strip-bom-3.0.0.tgz attempt 2 failed with ENOTFOUND
310 http fetch GET https://registry.npmjs.org/@types/serve-static/-/serve-static-1.15.8.tgz attempt 2 failed with ENOTFOUND
311 http fetch GET https://registry.npmjs.org/@types/send/-/send-0.17.5.tgz attempt 2 failed with ENOTFOUND
312 http fetch GET https://registry.npmjs.org/@types/range-parser/-/range-parser-1.2.7.tgz attempt 2 failed with ENOTFOUND
313 http fetch GET https://registry.npmjs.org/@types/qs/-/qs-6.14.0.tgz attempt 2 failed with ENOTFOUND
314 http fetch GET https://registry.npmjs.org/@types/node/-/node-24.5.2.tgz attempt 2 failed with ENOTFOUND
315 http fetch GET https://registry.npmjs.org/@types/mime/-/mime-1.3.5.tgz attempt 2 failed with ENOTFOUND
316 http fetch GET https://registry.npmjs.org/@types/http-errors/-/http-errors-2.0.5.tgz attempt 2 failed with ENOTFOUND
317 http fetch GET https://registry.npmjs.org/@types/express-serve-static-core/-/express-serve-static-core-5.0.7.tgz attempt 2 failed with ENOTFOUND
318 http fetch GET https://registry.npmjs.org/@types/express/-/express-5.0.3.tgz attempt 2 failed with ENOTFOUND
319 http fetch GET https://registry.npmjs.org/@types/cors/-/cors-2.8.19.tgz attempt 2 failed with ENOTFOUND
320 http fetch GET https://registry.npmjs.org/@types/connect/-/connect-3.4.38.tgz attempt 2 failed with ENOTFOUND
321 http fetch GET https://registry.npmjs.org/npm attempt 3 failed with ENOTFOUND
322 http fetch GET https://registry.npmjs.org/rc/-/rc-1.2.8.tgz attempt 3 failed with ENOTFOUND
323 http fetch GET https://registry.npmjs.org/resolve/-/resolve-1.22.10.tgz attempt 3 failed with ENOTFOUND
324 http fetch GET https://registry.npmjs.org/mkdirp/-/mkdirp-1.0.4.tgz attempt 3 failed with ENOTFOUND
325 http fetch GET https://registry.npmjs.org/@types/strip-bom/-/strip-bom-3.0.0.tgz attempt 3 failed with ENOTFOUND
326 http fetch GET https://registry.npmjs.org/@types/serve-static/-/serve-static-1.15.8.tgz attempt 3 failed with ENOTFOUND
327 http fetch GET https://registry.npmjs.org/@types/send/-/send-0.17.5.tgz attempt 3 failed with ENOTFOUND
328 http fetch GET https://registry.npmjs.org/@types/range-parser/-/range-parser-1.2.7.tgz attempt 3 failed with ENOTFOUND
329 http fetch GET https://registry.npmjs.org/@types/qs/-/qs-6.14.0.tgz attempt 3 failed with ENOTFOUND
330 http fetch GET https://registry.npmjs.org/@types/node/-/node-24.5.2.tgz attempt 3 failed with ENOTFOUND
331 http fetch GET https://registry.npmjs.org/@types/mime/-/mime-1.3.5.tgz attempt 3 failed with ENOTFOUND
332 http fetch GET https://registry.npmjs.org/@types/http-errors/-/http-errors-2.0.5.tgz attempt 3 failed with ENOTFOUND
333 http fetch GET https://registry.npmjs.org/@types/express-serve-static-core/-/express-serve-static-core-5.0.7.tgz attempt 3 failed with ENOTFOUND
334 http fetch GET https://registry.npmjs.org/@types/express/-/express-5.0.3.tgz attempt 3 failed with ENOTFOUND
335 http fetch GET https://registry.npmjs.org/@types/cors/-/cors-2.8.19.tgz attempt 3 failed with ENOTFOUND
336 http fetch GET https://registry.npmjs.org/@types/connect/-/connect-3.4.38.tgz attempt 3 failed with ENOTFOUND
337 verbose cwd /Users/denisdobrovolskii/Developer/eNPS/eNPSBot
338 verbose os Darwin 24.6.0
339 verbose node v23.5.0
340 verbose npm  v10.9.2
341 error Exit handler never called!
342 error This is an error with npm itself. Please report this error at:
343 error   <https://github.com/npm/cli/issues>
344 verbose exit 1
345 verbose code 1
346 error A complete log of this run can be found in: /Users/denisdobrovolskii/Developer/eNPS/eNPSBot/.npm-cache/_logs/2025-09-19T12_08_47_967Z-debug-0.log
